[6.731s] Invoking command in '/ros2_ws/src/RobotAutonomy': PYTHONPATH=/ros2_ws/build/my_turtlebot/prefix_override:/ros2_ws/install/my_turtlebot/lib/python3.10/site-packages: /usr/bin/python3 -W ignore:setup.py install is deprecated setup.py egg_info --egg-base ../../build/my_turtlebot build --build-base /ros2_ws/build/my_turtlebot/build install --record /ros2_ws/build/my_turtlebot/install.log --single-version-externally-managed install_data
[7.899s] running egg_info
[7.902s] writing ../../build/my_turtlebot/my_turtlebot.egg-info/PKG-INFO
[7.902s] writing dependency_links to ../../build/my_turtlebot/my_turtlebot.egg-info/dependency_links.txt
[7.915s] writing entry points to ../../build/my_turtlebot/my_turtlebot.egg-info/entry_points.txt
[7.915s] writing requirements to ../../build/my_turtlebot/my_turtlebot.egg-info/requires.txt
[7.915s] writing top-level names to ../../build/my_turtlebot/my_turtlebot.egg-info/top_level.txt
[7.916s] reading manifest file '../../build/my_turtlebot/my_turtlebot.egg-info/SOURCES.txt'
[7.934s] writing manifest file '../../build/my_turtlebot/my_turtlebot.egg-info/SOURCES.txt'
[7.935s] running build
[7.935s] running build_py
[7.936s] running install
[7.938s] running install_lib
[7.943s] running install_data
[8.045s] running install_egg_info
[8.047s] removing '/ros2_ws/install/my_turtlebot/lib/python3.10/site-packages/my_turtlebot-0.0.0-py3.10.egg-info' (and everything under it)
[8.048s] Copying ../../build/my_turtlebot/my_turtlebot.egg-info to /ros2_ws/install/my_turtlebot/lib/python3.10/site-packages/my_turtlebot-0.0.0-py3.10.egg-info
[8.048s] running install_scripts
[8.171s] writing list of installed files to '/ros2_ws/build/my_turtlebot/install.log'
[8.277s] Invoked command in '/ros2_ws/src/RobotAutonomy' returned '0': PYTHONPATH=/ros2_ws/build/my_turtlebot/prefix_override:/ros2_ws/install/my_turtlebot/lib/python3.10/site-packages: /usr/bin/python3 -W ignore:setup.py install is deprecated setup.py egg_info --egg-base ../../build/my_turtlebot build --build-base /ros2_ws/build/my_turtlebot/build install --record /ros2_ws/build/my_turtlebot/install.log --single-version-externally-managed install_data
