[2.712s] Invoking command in '/ros2_ws/src/py_pubsub': PYTHONPATH=/ros2_ws/build/py_pubsub/prefix_override:/ros2_ws/install/py_pubsub/lib/python3.10/site-packages:${PYTHONPATH} /usr/bin/python3 -W ignore:setup.py install is deprecated setup.py egg_info --egg-base ../../build/py_pubsub build --build-base /ros2_ws/build/py_pubsub/build install --record /ros2_ws/build/py_pubsub/install.log --single-version-externally-managed install_data
[3.218s] running egg_info
[3.220s] writing ../../build/py_pubsub/py_pubsub.egg-info/PKG-INFO
[3.220s] writing dependency_links to ../../build/py_pubsub/py_pubsub.egg-info/dependency_links.txt
[3.221s] writing entry points to ../../build/py_pubsub/py_pubsub.egg-info/entry_points.txt
[3.221s] writing requirements to ../../build/py_pubsub/py_pubsub.egg-info/requires.txt
[3.221s] writing top-level names to ../../build/py_pubsub/py_pubsub.egg-info/top_level.txt
[3.225s] reading manifest file '../../build/py_pubsub/py_pubsub.egg-info/SOURCES.txt'
[3.227s] writing manifest file '../../build/py_pubsub/py_pubsub.egg-info/SOURCES.txt'
[3.227s] running build
[3.227s] running build_py
[3.229s] running install
[3.230s] running install_lib
[3.235s] running install_data
[3.236s] running install_egg_info
[3.240s] removing '/ros2_ws/install/py_pubsub/lib/python3.10/site-packages/py_pubsub-0.0.0-py3.10.egg-info' (and everything under it)
[3.241s] Copying ../../build/py_pubsub/py_pubsub.egg-info to /ros2_ws/install/py_pubsub/lib/python3.10/site-packages/py_pubsub-0.0.0-py3.10.egg-info
[3.243s] running install_scripts
[3.284s] Installing listener script to /ros2_ws/install/py_pubsub/lib/py_pubsub
[3.285s] Installing talker script to /ros2_ws/install/py_pubsub/lib/py_pubsub
[3.285s] writing list of installed files to '/ros2_ws/build/py_pubsub/install.log'
[3.344s] Invoked command in '/ros2_ws/src/py_pubsub' returned '0': PYTHONPATH=/ros2_ws/build/py_pubsub/prefix_override:/ros2_ws/install/py_pubsub/lib/python3.10/site-packages:${PYTHONPATH} /usr/bin/python3 -W ignore:setup.py install is deprecated setup.py egg_info --egg-base ../../build/py_pubsub build --build-base /ros2_ws/build/py_pubsub/build install --record /ros2_ws/build/py_pubsub/install.log --single-version-externally-managed install_data
