[5.233s] Invoking command in '/ros2_ws/src/py_pubsub': PYTHONPATH=/ros2_ws/build/py_pubsub/prefix_override:/ros2_ws/install/py_pubsub/lib/python3.10/site-packages: /usr/bin/python3 -W ignore:setup.py install is deprecated setup.py egg_info --egg-base ../../build/py_pubsub build --build-base /ros2_ws/build/py_pubsub/build install --record /ros2_ws/build/py_pubsub/install.log --single-version-externally-managed install_data
[6.463s] running egg_info
[6.464s] writing ../../build/py_pubsub/py_pubsub.egg-info/PKG-INFO
[6.464s] writing dependency_links to ../../build/py_pubsub/py_pubsub.egg-info/dependency_links.txt
[6.464s] writing entry points to ../../build/py_pubsub/py_pubsub.egg-info/entry_points.txt
[6.464s] writing requirements to ../../build/py_pubsub/py_pubsub.egg-info/requires.txt
[6.464s] writing top-level names to ../../build/py_pubsub/py_pubsub.egg-info/top_level.txt
[6.478s] reading manifest file '../../build/py_pubsub/py_pubsub.egg-info/SOURCES.txt'
[6.480s] writing manifest file '../../build/py_pubsub/py_pubsub.egg-info/SOURCES.txt'
[6.481s] running build
[6.497s] running build_py
[6.498s] running install
[6.498s] running install_lib
[6.503s] running install_data
[6.503s] running install_egg_info
[6.517s] removing '/ros2_ws/install/py_pubsub/lib/python3.10/site-packages/py_pubsub-0.0.0-py3.10.egg-info' (and everything under it)
[6.517s] Copying ../../build/py_pubsub/py_pubsub.egg-info to /ros2_ws/install/py_pubsub/lib/python3.10/site-packages/py_pubsub-0.0.0-py3.10.egg-info
[6.523s] running install_scripts
[6.613s] Installing listener script to /ros2_ws/install/py_pubsub/lib/py_pubsub
[6.627s] Installing talker script to /ros2_ws/install/py_pubsub/lib/py_pubsub
[6.627s] writing list of installed files to '/ros2_ws/build/py_pubsub/install.log'
[6.724s] Invoked command in '/ros2_ws/src/py_pubsub' returned '0': PYTHONPATH=/ros2_ws/build/py_pubsub/prefix_override:/ros2_ws/install/py_pubsub/lib/python3.10/site-packages: /usr/bin/python3 -W ignore:setup.py install is deprecated setup.py egg_info --egg-base ../../build/py_pubsub build --build-base /ros2_ws/build/py_pubsub/build install --record /ros2_ws/build/py_pubsub/install.log --single-version-externally-managed install_data
