[3.541s] Invoking command in '/ros2_ws/src/RobotAutonomy': PYTHONPATH=/ros2_ws/build/my_turtlebot/prefix_override:/ros2_ws/install/my_turtlebot/lib/python3.10/site-packages:${PYTHONPATH} /usr/bin/python3 -W ignore:setup.py install is deprecated setup.py egg_info --egg-base ../../build/my_turtlebot build --build-base /ros2_ws/build/my_turtlebot/build install --record /ros2_ws/build/my_turtlebot/install.log --single-version-externally-managed install_data
[4.269s] running egg_info
[4.274s] writing ../../build/my_turtlebot/my_turtlebot.egg-info/PKG-INFO
[4.275s] writing dependency_links to ../../build/my_turtlebot/my_turtlebot.egg-info/dependency_links.txt
[4.275s] writing entry points to ../../build/my_turtlebot/my_turtlebot.egg-info/entry_points.txt
[4.275s] writing requirements to ../../build/my_turtlebot/my_turtlebot.egg-info/requires.txt
[4.275s] writing top-level names to ../../build/my_turtlebot/my_turtlebot.egg-info/top_level.txt
[4.287s] reading manifest file '../../build/my_turtlebot/my_turtlebot.egg-info/SOURCES.txt'
[4.294s] writing manifest file '../../build/my_turtlebot/my_turtlebot.egg-info/SOURCES.txt'
[4.294s] running build
[4.295s] running build_py
[4.295s] running install
[4.296s] running install_lib
[4.299s] running install_data
[4.310s] running install_egg_info
[4.326s] removing '/ros2_ws/install/my_turtlebot/lib/python3.10/site-packages/my_turtlebot-0.0.0-py3.10.egg-info' (and everything under it)
[4.327s] Copying ../../build/my_turtlebot/my_turtlebot.egg-info to /ros2_ws/install/my_turtlebot/lib/python3.10/site-packages/my_turtlebot-0.0.0-py3.10.egg-info
[4.327s] running install_scripts
[4.373s] writing list of installed files to '/ros2_ws/build/my_turtlebot/install.log'
[4.430s] Invoked command in '/ros2_ws/src/RobotAutonomy' returned '0': PYTHONPATH=/ros2_ws/build/my_turtlebot/prefix_override:/ros2_ws/install/my_turtlebot/lib/python3.10/site-packages:${PYTHONPATH} /usr/bin/python3 -W ignore:setup.py install is deprecated setup.py egg_info --egg-base ../../build/my_turtlebot build --build-base /ros2_ws/build/my_turtlebot/build install --record /ros2_ws/build/my_turtlebot/install.log --single-version-externally-managed install_data
