[2.628s] Invoking command in '/ros2_ws/src/RobotAutonomy': PYTHONPATH=/ros2_ws/build/my_turtlebot/prefix_override:/ros2_ws/install/my_turtlebot/lib/python3.10/site-packages:${PYTHONPATH} /usr/bin/python3 -W ignore:setup.py install is deprecated setup.py egg_info --egg-base ../../build/my_turtlebot build --build-base /ros2_ws/build/my_turtlebot/build install --record /ros2_ws/build/my_turtlebot/install.log --single-version-externally-managed install_data
[3.267s] running egg_info
[3.270s] writing ../../build/my_turtlebot/my_turtlebot.egg-info/PKG-INFO
[3.273s] writing dependency_links to ../../build/my_turtlebot/my_turtlebot.egg-info/dependency_links.txt
[3.273s] writing entry points to ../../build/my_turtlebot/my_turtlebot.egg-info/entry_points.txt
[3.273s] writing requirements to ../../build/my_turtlebot/my_turtlebot.egg-info/requires.txt
[3.274s] writing top-level names to ../../build/my_turtlebot/my_turtlebot.egg-info/top_level.txt
[3.285s] reading manifest file '../../build/my_turtlebot/my_turtlebot.egg-info/SOURCES.txt'
[3.293s] writing manifest file '../../build/my_turtlebot/my_turtlebot.egg-info/SOURCES.txt'
[3.293s] running build
[3.293s] running build_py
[3.295s] running install
[3.296s] running install_lib
[3.298s] running install_data
[3.309s] running install_egg_info
[3.316s] removing '/ros2_ws/install/my_turtlebot/lib/python3.10/site-packages/my_turtlebot-0.0.0-py3.10.egg-info' (and everything under it)
[3.317s] Copying ../../build/my_turtlebot/my_turtlebot.egg-info to /ros2_ws/install/my_turtlebot/lib/python3.10/site-packages/my_turtlebot-0.0.0-py3.10.egg-info
[3.320s] running install_scripts
[3.367s] writing list of installed files to '/ros2_ws/build/my_turtlebot/install.log'
[3.459s] Invoked command in '/ros2_ws/src/RobotAutonomy' returned '0': PYTHONPATH=/ros2_ws/build/my_turtlebot/prefix_override:/ros2_ws/install/my_turtlebot/lib/python3.10/site-packages:${PYTHONPATH} /usr/bin/python3 -W ignore:setup.py install is deprecated setup.py egg_info --egg-base ../../build/my_turtlebot build --build-base /ros2_ws/build/my_turtlebot/build install --record /ros2_ws/build/my_turtlebot/install.log --single-version-externally-managed install_data
