[1.559s] Invoking command in '/ros2_ws/src/RobotAutonomy': PYTHONPATH=/ros2_ws/build/my_turtlebot/prefix_override:/ros2_ws/install/my_turtlebot/lib/python3.10/site-packages: /usr/bin/python3 -W ignore:setup.py install is deprecated setup.py egg_info --egg-base ../../build/my_turtlebot build --build-base /ros2_ws/build/my_turtlebot/build install --record /ros2_ws/build/my_turtlebot/install.log --single-version-externally-managed install_data
[1.823s] running egg_info
[1.824s] writing ../../build/my_turtlebot/my_turtlebot.egg-info/PKG-INFO
[1.825s] writing dependency_links to ../../build/my_turtlebot/my_turtlebot.egg-info/dependency_links.txt
[1.825s] writing entry points to ../../build/my_turtlebot/my_turtlebot.egg-info/entry_points.txt
[1.826s] writing requirements to ../../build/my_turtlebot/my_turtlebot.egg-info/requires.txt
[1.826s] writing top-level names to ../../build/my_turtlebot/my_turtlebot.egg-info/top_level.txt
[1.831s] reading manifest file '../../build/my_turtlebot/my_turtlebot.egg-info/SOURCES.txt'
[1.837s] writing manifest file '../../build/my_turtlebot/my_turtlebot.egg-info/SOURCES.txt'
[1.837s] running build
[1.837s] running build_py
[1.838s] running install
[1.838s] running install_lib
[1.839s] running install_data
[1.844s] running install_egg_info
[1.847s] removing '/ros2_ws/install/my_turtlebot/lib/python3.10/site-packages/my_turtlebot-0.0.0-py3.10.egg-info' (and everything under it)
[1.847s] Copying ../../build/my_turtlebot/my_turtlebot.egg-info to /ros2_ws/install/my_turtlebot/lib/python3.10/site-packages/my_turtlebot-0.0.0-py3.10.egg-info
[1.849s] running install_scripts
[1.877s] writing list of installed files to '/ros2_ws/build/my_turtlebot/install.log'
[1.916s] Invoked command in '/ros2_ws/src/RobotAutonomy' returned '0': PYTHONPATH=/ros2_ws/build/my_turtlebot/prefix_override:/ros2_ws/install/my_turtlebot/lib/python3.10/site-packages: /usr/bin/python3 -W ignore:setup.py install is deprecated setup.py egg_info --egg-base ../../build/my_turtlebot build --build-base /ros2_ws/build/my_turtlebot/build install --record /ros2_ws/build/my_turtlebot/install.log --single-version-externally-managed install_data
