[1.712s] Invoking command in '/ros2_ws/src/RobotAutonomy': PYTHONPATH=/ros2_ws/build/my_turtlebot/prefix_override:/ros2_ws/install/my_turtlebot/lib/python3.10/site-packages: /usr/bin/python3 -W ignore:setup.py install is deprecated setup.py egg_info --egg-base ../../build/my_turtlebot build --build-base /ros2_ws/build/my_turtlebot/build install --record /ros2_ws/build/my_turtlebot/install.log --single-version-externally-managed install_data
[2.068s] running egg_info
[2.069s] writing ../../build/my_turtlebot/my_turtlebot.egg-info/PKG-INFO
[2.069s] writing dependency_links to ../../build/my_turtlebot/my_turtlebot.egg-info/dependency_links.txt
[2.070s] writing entry points to ../../build/my_turtlebot/my_turtlebot.egg-info/entry_points.txt
[2.071s] writing requirements to ../../build/my_turtlebot/my_turtlebot.egg-info/requires.txt
[2.071s] writing top-level names to ../../build/my_turtlebot/my_turtlebot.egg-info/top_level.txt
[2.076s] reading manifest file '../../build/my_turtlebot/my_turtlebot.egg-info/SOURCES.txt'
[2.082s] writing manifest file '../../build/my_turtlebot/my_turtlebot.egg-info/SOURCES.txt'
[2.083s] running build
[2.083s] running build_py
[2.083s] running install
[2.084s] running install_lib
[2.086s] running install_data
[2.092s] running install_egg_info
[2.096s] removing '/ros2_ws/install/my_turtlebot/lib/python3.10/site-packages/my_turtlebot-0.0.0-py3.10.egg-info' (and everything under it)
[2.096s] Copying ../../build/my_turtlebot/my_turtlebot.egg-info to /ros2_ws/install/my_turtlebot/lib/python3.10/site-packages/my_turtlebot-0.0.0-py3.10.egg-info
[2.106s] running install_scripts
[2.149s] writing list of installed files to '/ros2_ws/build/my_turtlebot/install.log'
[2.202s] Invoked command in '/ros2_ws/src/RobotAutonomy' returned '0': PYTHONPATH=/ros2_ws/build/my_turtlebot/prefix_override:/ros2_ws/install/my_turtlebot/lib/python3.10/site-packages: /usr/bin/python3 -W ignore:setup.py install is deprecated setup.py egg_info --egg-base ../../build/my_turtlebot build --build-base /ros2_ws/build/my_turtlebot/build install --record /ros2_ws/build/my_turtlebot/install.log --single-version-externally-managed install_data
