[3.476s] Invoking command in '/ros2_ws/src/py_pubsub': PYTHONPATH=/ros2_ws/build/py_pubsub/prefix_override:/ros2_ws/install/py_pubsub/lib/python3.10/site-packages:${PYTHONPATH} /usr/bin/python3 -W ignore:setup.py install is deprecated setup.py egg_info --egg-base ../../build/py_pubsub build --build-base /ros2_ws/build/py_pubsub/build install --record /ros2_ws/build/py_pubsub/install.log --single-version-externally-managed install_data
[4.128s] running egg_info
[4.136s] writing ../../build/py_pubsub/py_pubsub.egg-info/PKG-INFO
[4.137s] writing dependency_links to ../../build/py_pubsub/py_pubsub.egg-info/dependency_links.txt
[4.138s] writing entry points to ../../build/py_pubsub/py_pubsub.egg-info/entry_points.txt
[4.142s] writing requirements to ../../build/py_pubsub/py_pubsub.egg-info/requires.txt
[4.146s] writing top-level names to ../../build/py_pubsub/py_pubsub.egg-info/top_level.txt
[4.153s] reading manifest file '../../build/py_pubsub/py_pubsub.egg-info/SOURCES.txt'
[4.156s] writing manifest file '../../build/py_pubsub/py_pubsub.egg-info/SOURCES.txt'
[4.156s] running build
[4.156s] running build_py
[4.157s] running install
[4.157s] running install_lib
[4.159s] running install_data
[4.160s] running install_egg_info
[4.168s] removing '/ros2_ws/install/py_pubsub/lib/python3.10/site-packages/py_pubsub-0.0.0-py3.10.egg-info' (and everything under it)
[4.170s] Copying ../../build/py_pubsub/py_pubsub.egg-info to /ros2_ws/install/py_pubsub/lib/python3.10/site-packages/py_pubsub-0.0.0-py3.10.egg-info
[4.175s] running install_scripts
[4.220s] Installing listener script to /ros2_ws/install/py_pubsub/lib/py_pubsub
[4.220s] Installing talker script to /ros2_ws/install/py_pubsub/lib/py_pubsub
[4.221s] writing list of installed files to '/ros2_ws/build/py_pubsub/install.log'
[4.281s] Invoked command in '/ros2_ws/src/py_pubsub' returned '0': PYTHONPATH=/ros2_ws/build/py_pubsub/prefix_override:/ros2_ws/install/py_pubsub/lib/python3.10/site-packages:${PYTHONPATH} /usr/bin/python3 -W ignore:setup.py install is deprecated setup.py egg_info --egg-base ../../build/py_pubsub build --build-base /ros2_ws/build/py_pubsub/build install --record /ros2_ws/build/py_pubsub/install.log --single-version-externally-managed install_data
