[2.330s] Invoking command in '/ros2_ws/src/RobotAutonomy': PYTHONPATH=/ros2_ws/build/my_turtlebot/prefix_override:/ros2_ws/install/my_turtlebot/lib/python3.10/site-packages: /usr/bin/python3 -W ignore:setup.py install is deprecated setup.py egg_info --egg-base ../../build/my_turtlebot build --build-base /ros2_ws/build/my_turtlebot/build install --record /ros2_ws/build/my_turtlebot/install.log --single-version-externally-managed install_data
[2.794s] running egg_info
[2.796s] writing ../../build/my_turtlebot/my_turtlebot.egg-info/PKG-INFO
[2.797s] writing dependency_links to ../../build/my_turtlebot/my_turtlebot.egg-info/dependency_links.txt
[2.797s] writing entry points to ../../build/my_turtlebot/my_turtlebot.egg-info/entry_points.txt
[2.798s] writing requirements to ../../build/my_turtlebot/my_turtlebot.egg-info/requires.txt
[2.798s] writing top-level names to ../../build/my_turtlebot/my_turtlebot.egg-info/top_level.txt
[2.814s] reading manifest file '../../build/my_turtlebot/my_turtlebot.egg-info/SOURCES.txt'
[2.827s] writing manifest file '../../build/my_turtlebot/my_turtlebot.egg-info/SOURCES.txt'
[2.827s] running build
[2.827s] running build_py
[2.827s] running install
[2.827s] running install_lib
[2.831s] running install_data
[2.846s] running install_egg_info
[2.851s] removing '/ros2_ws/install/my_turtlebot/lib/python3.10/site-packages/my_turtlebot-0.0.0-py3.10.egg-info' (and everything under it)
[2.852s] Copying ../../build/my_turtlebot/my_turtlebot.egg-info to /ros2_ws/install/my_turtlebot/lib/python3.10/site-packages/my_turtlebot-0.0.0-py3.10.egg-info
[2.854s] running install_scripts
[2.909s] writing list of installed files to '/ros2_ws/build/my_turtlebot/install.log'
[3.008s] Invoked command in '/ros2_ws/src/RobotAutonomy' returned '0': PYTHONPATH=/ros2_ws/build/my_turtlebot/prefix_override:/ros2_ws/install/my_turtlebot/lib/python3.10/site-packages: /usr/bin/python3 -W ignore:setup.py install is deprecated setup.py egg_info --egg-base ../../build/my_turtlebot build --build-base /ros2_ws/build/my_turtlebot/build install --record /ros2_ws/build/my_turtlebot/install.log --single-version-externally-managed install_data
