[6.304s] Invoking command in '/ros2_ws/src/py_pubsub': PYTHONPATH=/ros2_ws/build/py_pubsub/prefix_override:/ros2_ws/install/py_pubsub/lib/python3.10/site-packages: /usr/bin/python3 -W ignore:setup.py install is deprecated setup.py egg_info --egg-base ../../build/py_pubsub build --build-base /ros2_ws/build/py_pubsub/build install --record /ros2_ws/build/py_pubsub/install.log --single-version-externally-managed install_data
[7.452s] running egg_info
[7.456s] writing ../../build/py_pubsub/py_pubsub.egg-info/PKG-INFO
[7.457s] writing dependency_links to ../../build/py_pubsub/py_pubsub.egg-info/dependency_links.txt
[7.457s] writing entry points to ../../build/py_pubsub/py_pubsub.egg-info/entry_points.txt
[7.457s] writing requirements to ../../build/py_pubsub/py_pubsub.egg-info/requires.txt
[7.457s] writing top-level names to ../../build/py_pubsub/py_pubsub.egg-info/top_level.txt
[7.459s] reading manifest file '../../build/py_pubsub/py_pubsub.egg-info/SOURCES.txt'
[7.461s] writing manifest file '../../build/py_pubsub/py_pubsub.egg-info/SOURCES.txt'
[7.461s] running build
[7.462s] running build_py
[7.465s] running install
[7.466s] running install_lib
[7.467s] running install_data
[7.467s] running install_egg_info
[7.471s] removing '/ros2_ws/install/py_pubsub/lib/python3.10/site-packages/py_pubsub-0.0.0-py3.10.egg-info' (and everything under it)
[7.477s] Copying ../../build/py_pubsub/py_pubsub.egg-info to /ros2_ws/install/py_pubsub/lib/python3.10/site-packages/py_pubsub-0.0.0-py3.10.egg-info
[7.479s] running install_scripts
[7.546s] Installing listener script to /ros2_ws/install/py_pubsub/lib/py_pubsub
[7.547s] Installing talker script to /ros2_ws/install/py_pubsub/lib/py_pubsub
[7.549s] writing list of installed files to '/ros2_ws/build/py_pubsub/install.log'
[7.674s] Invoked command in '/ros2_ws/src/py_pubsub' returned '0': PYTHONPATH=/ros2_ws/build/py_pubsub/prefix_override:/ros2_ws/install/py_pubsub/lib/python3.10/site-packages: /usr/bin/python3 -W ignore:setup.py install is deprecated setup.py egg_info --egg-base ../../build/py_pubsub build --build-base /ros2_ws/build/py_pubsub/build install --record /ros2_ws/build/py_pubsub/install.log --single-version-externally-managed install_data
