[2.983s] Invoking command in '/ros2_ws/src/py_pubsub': PYTHONPATH=/ros2_ws/build/py_pubsub/prefix_override:/ros2_ws/install/py_pubsub/lib/python3.10/site-packages:${PYTHONPATH} /usr/bin/python3 -W ignore:setup.py install is deprecated setup.py egg_info --egg-base ../../build/py_pubsub build --build-base /ros2_ws/build/py_pubsub/build install --record /ros2_ws/build/py_pubsub/install.log --single-version-externally-managed install_data
[3.593s] running egg_info
[3.598s] writing ../../build/py_pubsub/py_pubsub.egg-info/PKG-INFO
[3.598s] writing dependency_links to ../../build/py_pubsub/py_pubsub.egg-info/dependency_links.txt
[3.598s] writing entry points to ../../build/py_pubsub/py_pubsub.egg-info/entry_points.txt
[3.598s] writing requirements to ../../build/py_pubsub/py_pubsub.egg-info/requires.txt
[3.598s] writing top-level names to ../../build/py_pubsub/py_pubsub.egg-info/top_level.txt
[3.600s] reading manifest file '../../build/py_pubsub/py_pubsub.egg-info/SOURCES.txt'
[3.603s] writing manifest file '../../build/py_pubsub/py_pubsub.egg-info/SOURCES.txt'
[3.603s] running build
[3.603s] running build_py
[3.603s] running install
[3.609s] running install_lib
[3.610s] running install_data
[3.610s] running install_egg_info
[3.613s] removing '/ros2_ws/install/py_pubsub/lib/python3.10/site-packages/py_pubsub-0.0.0-py3.10.egg-info' (and everything under it)
[3.614s] Copying ../../build/py_pubsub/py_pubsub.egg-info to /ros2_ws/install/py_pubsub/lib/python3.10/site-packages/py_pubsub-0.0.0-py3.10.egg-info
[3.617s] running install_scripts
[3.667s] Installing listener script to /ros2_ws/install/py_pubsub/lib/py_pubsub
[3.668s] Installing talker script to /ros2_ws/install/py_pubsub/lib/py_pubsub
[3.668s] writing list of installed files to '/ros2_ws/build/py_pubsub/install.log'
[3.741s] Invoked command in '/ros2_ws/src/py_pubsub' returned '0': PYTHONPATH=/ros2_ws/build/py_pubsub/prefix_override:/ros2_ws/install/py_pubsub/lib/python3.10/site-packages:${PYTHONPATH} /usr/bin/python3 -W ignore:setup.py install is deprecated setup.py egg_info --egg-base ../../build/py_pubsub build --build-base /ros2_ws/build/py_pubsub/build install --record /ros2_ws/build/py_pubsub/install.log --single-version-externally-managed install_data
