[1.180s] Invoking command in '/ros2_ws/src/lidar_map_publisher': PYTHONPATH=/ros2_ws/build/lidar_map_publisher/prefix_override:/ros2_ws/install/lidar_map_publisher/lib/python3.10/site-packages: /usr/bin/python3 -W ignore:setup.py install is deprecated setup.py egg_info --egg-base ../../build/lidar_map_publisher build --build-base /ros2_ws/build/lidar_map_publisher/build install --record /ros2_ws/build/lidar_map_publisher/install.log --single-version-externally-managed install_data
[1.422s] running egg_info
[1.425s] writing ../../build/lidar_map_publisher/lidar_map_publisher.egg-info/PKG-INFO
[1.425s] writing dependency_links to ../../build/lidar_map_publisher/lidar_map_publisher.egg-info/dependency_links.txt
[1.425s] writing entry points to ../../build/lidar_map_publisher/lidar_map_publisher.egg-info/entry_points.txt
[1.425s] writing requirements to ../../build/lidar_map_publisher/lidar_map_publisher.egg-info/requires.txt
[1.426s] writing top-level names to ../../build/lidar_map_publisher/lidar_map_publisher.egg-info/top_level.txt
[1.427s] reading manifest file '../../build/lidar_map_publisher/lidar_map_publisher.egg-info/SOURCES.txt'
[1.428s] writing manifest file '../../build/lidar_map_publisher/lidar_map_publisher.egg-info/SOURCES.txt'
[1.429s] running build
[1.429s] running build_py
[1.430s] running install
[1.434s] running install_lib
[1.435s] running install_data
[1.435s] running install_egg_info
[1.443s] removing '/ros2_ws/install/lidar_map_publisher/lib/python3.10/site-packages/lidar_map_publisher-0.0.0-py3.10.egg-info' (and everything under it)
[1.443s] Copying ../../build/lidar_map_publisher/lidar_map_publisher.egg-info to /ros2_ws/install/lidar_map_publisher/lib/python3.10/site-packages/lidar_map_publisher-0.0.0-py3.10.egg-info
[1.443s] running install_scripts
[1.471s] Installing map_publisher script to /ros2_ws/install/lidar_map_publisher/lib/lidar_map_publisher
[1.471s] writing list of installed files to '/ros2_ws/build/lidar_map_publisher/install.log'
[1.529s] Invoked command in '/ros2_ws/src/lidar_map_publisher' returned '0': PYTHONPATH=/ros2_ws/build/lidar_map_publisher/prefix_override:/ros2_ws/install/lidar_map_publisher/lib/python3.10/site-packages: /usr/bin/python3 -W ignore:setup.py install is deprecated setup.py egg_info --egg-base ../../build/lidar_map_publisher build --build-base /ros2_ws/build/lidar_map_publisher/build install --record /ros2_ws/build/lidar_map_publisher/install.log --single-version-externally-managed install_data
