[1.848s] Invoking command in '/ros2_ws/src/py_pubsub': PYTHONPATH=/ros2_ws/build/py_pubsub/prefix_override:/ros2_ws/install/py_pubsub/lib/python3.10/site-packages: /usr/bin/python3 -W ignore:setup.py install is deprecated setup.py egg_info --egg-base ../../build/py_pubsub build --build-base /ros2_ws/build/py_pubsub/build install --record /ros2_ws/build/py_pubsub/install.log --single-version-externally-managed install_data
[2.298s] running egg_info
[2.299s] writing ../../build/py_pubsub/py_pubsub.egg-info/PKG-INFO
[2.299s] writing dependency_links to ../../build/py_pubsub/py_pubsub.egg-info/dependency_links.txt
[2.299s] writing entry points to ../../build/py_pubsub/py_pubsub.egg-info/entry_points.txt
[2.300s] writing requirements to ../../build/py_pubsub/py_pubsub.egg-info/requires.txt
[2.300s] writing top-level names to ../../build/py_pubsub/py_pubsub.egg-info/top_level.txt
[2.303s] reading manifest file '../../build/py_pubsub/py_pubsub.egg-info/SOURCES.txt'
[2.304s] writing manifest file '../../build/py_pubsub/py_pubsub.egg-info/SOURCES.txt'
[2.304s] running build
[2.305s] running build_py
[2.305s] running install
[2.307s] running install_lib
[2.308s] running install_data
[2.308s] running install_egg_info
[2.311s] removing '/ros2_ws/install/py_pubsub/lib/python3.10/site-packages/py_pubsub-0.0.0-py3.10.egg-info' (and everything under it)
[2.311s] Copying ../../build/py_pubsub/py_pubsub.egg-info to /ros2_ws/install/py_pubsub/lib/python3.10/site-packages/py_pubsub-0.0.0-py3.10.egg-info
[2.315s] running install_scripts
[2.363s] Installing listener script to /ros2_ws/install/py_pubsub/lib/py_pubsub
[2.366s] Installing talker script to /ros2_ws/install/py_pubsub/lib/py_pubsub
[2.366s] writing list of installed files to '/ros2_ws/build/py_pubsub/install.log'
[2.445s] Invoked command in '/ros2_ws/src/py_pubsub' returned '0': PYTHONPATH=/ros2_ws/build/py_pubsub/prefix_override:/ros2_ws/install/py_pubsub/lib/python3.10/site-packages: /usr/bin/python3 -W ignore:setup.py install is deprecated setup.py egg_info --egg-base ../../build/py_pubsub build --build-base /ros2_ws/build/py_pubsub/build install --record /ros2_ws/build/py_pubsub/install.log --single-version-externally-managed install_data
