[3.218s] Invoking command in '/ros2_ws/src/py_pubsub': PYTHONPATH=/ros2_ws/build/py_pubsub/prefix_override:/ros2_ws/install/py_pubsub/lib/python3.10/site-packages:${PYTHONPATH} /usr/bin/python3 -W ignore:setup.py install is deprecated setup.py egg_info --egg-base ../../build/py_pubsub build --build-base /ros2_ws/build/py_pubsub/build install --record /ros2_ws/build/py_pubsub/install.log --single-version-externally-managed install_data
[3.755s] running egg_info
[3.757s] writing ../../build/py_pubsub/py_pubsub.egg-info/PKG-INFO
[3.758s] writing dependency_links to ../../build/py_pubsub/py_pubsub.egg-info/dependency_links.txt
[3.759s] writing entry points to ../../build/py_pubsub/py_pubsub.egg-info/entry_points.txt
[3.759s] writing requirements to ../../build/py_pubsub/py_pubsub.egg-info/requires.txt
[3.759s] writing top-level names to ../../build/py_pubsub/py_pubsub.egg-info/top_level.txt
[3.763s] reading manifest file '../../build/py_pubsub/py_pubsub.egg-info/SOURCES.txt'
[3.764s] writing manifest file '../../build/py_pubsub/py_pubsub.egg-info/SOURCES.txt'
[3.767s] running build
[3.767s] running build_py
[3.767s] running install
[3.768s] running install_lib
[3.769s] running install_data
[3.770s] running install_egg_info
[3.775s] removing '/ros2_ws/install/py_pubsub/lib/python3.10/site-packages/py_pubsub-0.0.0-py3.10.egg-info' (and everything under it)
[3.777s] Copying ../../build/py_pubsub/py_pubsub.egg-info to /ros2_ws/install/py_pubsub/lib/python3.10/site-packages/py_pubsub-0.0.0-py3.10.egg-info
[3.782s] running install_scripts
[3.824s] Installing listener script to /ros2_ws/install/py_pubsub/lib/py_pubsub
[3.824s] Installing talker script to /ros2_ws/install/py_pubsub/lib/py_pubsub
[3.825s] writing list of installed files to '/ros2_ws/build/py_pubsub/install.log'
[3.893s] Invoked command in '/ros2_ws/src/py_pubsub' returned '0': PYTHONPATH=/ros2_ws/build/py_pubsub/prefix_override:/ros2_ws/install/py_pubsub/lib/python3.10/site-packages:${PYTHONPATH} /usr/bin/python3 -W ignore:setup.py install is deprecated setup.py egg_info --egg-base ../../build/py_pubsub build --build-base /ros2_ws/build/py_pubsub/build install --record /ros2_ws/build/py_pubsub/install.log --single-version-externally-managed install_data
