[8.566s] Invoking command in '/ros2_ws/src/RobotAutonomy': PYTHONPATH=/ros2_ws/build/my_turtlebot/prefix_override:/ros2_ws/install/my_turtlebot/lib/python3.10/site-packages:${PYTHONPATH} /usr/bin/python3 -W ignore:setup.py install is deprecated setup.py egg_info --egg-base ../../build/my_turtlebot build --build-base /ros2_ws/build/my_turtlebot/build install --record /ros2_ws/build/my_turtlebot/install.log --single-version-externally-managed install_data
[9.994s] running egg_info
[9.997s] writing ../../build/my_turtlebot/my_turtlebot.egg-info/PKG-INFO
[9.998s] writing dependency_links to ../../build/my_turtlebot/my_turtlebot.egg-info/dependency_links.txt
[9.999s] writing entry points to ../../build/my_turtlebot/my_turtlebot.egg-info/entry_points.txt
[10.000s] writing requirements to ../../build/my_turtlebot/my_turtlebot.egg-info/requires.txt
[10.001s] writing top-level names to ../../build/my_turtlebot/my_turtlebot.egg-info/top_level.txt
[10.026s] reading manifest file '../../build/my_turtlebot/my_turtlebot.egg-info/SOURCES.txt'
[10.046s] writing manifest file '../../build/my_turtlebot/my_turtlebot.egg-info/SOURCES.txt'
[10.046s] running build
[10.061s] running build_py
[10.063s] running install
[10.064s] running install_lib
[10.066s] running install_data
[10.141s] running install_egg_info
[10.155s] removing '/ros2_ws/install/my_turtlebot/lib/python3.10/site-packages/my_turtlebot-0.0.0-py3.10.egg-info' (and everything under it)
[10.170s] Copying ../../build/my_turtlebot/my_turtlebot.egg-info to /ros2_ws/install/my_turtlebot/lib/python3.10/site-packages/my_turtlebot-0.0.0-py3.10.egg-info
[10.187s] running install_scripts
[10.306s] writing list of installed files to '/ros2_ws/build/my_turtlebot/install.log'
[10.479s] Invoked command in '/ros2_ws/src/RobotAutonomy' returned '0': PYTHONPATH=/ros2_ws/build/my_turtlebot/prefix_override:/ros2_ws/install/my_turtlebot/lib/python3.10/site-packages:${PYTHONPATH} /usr/bin/python3 -W ignore:setup.py install is deprecated setup.py egg_info --egg-base ../../build/my_turtlebot build --build-base /ros2_ws/build/my_turtlebot/build install --record /ros2_ws/build/my_turtlebot/install.log --single-version-externally-managed install_data
