[4.644s] Invoking command in '/ros2_ws/src/RobotAutonomy': PYTHONPATH=/ros2_ws/build/my_turtlebot/prefix_override:/ros2_ws/install/my_turtlebot/lib/python3.10/site-packages: /usr/bin/python3 -W ignore:setup.py install is deprecated setup.py egg_info --egg-base ../../build/my_turtlebot build --build-base /ros2_ws/build/my_turtlebot/build install --record /ros2_ws/build/my_turtlebot/install.log --single-version-externally-managed install_data
[5.405s] running egg_info
[5.408s] writing ../../build/my_turtlebot/my_turtlebot.egg-info/PKG-INFO
[5.408s] writing dependency_links to ../../build/my_turtlebot/my_turtlebot.egg-info/dependency_links.txt
[5.409s] writing entry points to ../../build/my_turtlebot/my_turtlebot.egg-info/entry_points.txt
[5.409s] writing requirements to ../../build/my_turtlebot/my_turtlebot.egg-info/requires.txt
[5.409s] writing top-level names to ../../build/my_turtlebot/my_turtlebot.egg-info/top_level.txt
[5.413s] reading manifest file '../../build/my_turtlebot/my_turtlebot.egg-info/SOURCES.txt'
[5.423s] writing manifest file '../../build/my_turtlebot/my_turtlebot.egg-info/SOURCES.txt'
[5.423s] running build
[5.424s] running build_py
[5.424s] running install
[5.425s] running install_lib
[5.430s] running install_data
[5.447s] running install_egg_info
[5.452s] removing '/ros2_ws/install/my_turtlebot/lib/python3.10/site-packages/my_turtlebot-0.0.0-py3.10.egg-info' (and everything under it)
[5.454s] Copying ../../build/my_turtlebot/my_turtlebot.egg-info to /ros2_ws/install/my_turtlebot/lib/python3.10/site-packages/my_turtlebot-0.0.0-py3.10.egg-info
[5.463s] running install_scripts
[5.532s] writing list of installed files to '/ros2_ws/build/my_turtlebot/install.log'
[5.630s] Invoked command in '/ros2_ws/src/RobotAutonomy' returned '0': PYTHONPATH=/ros2_ws/build/my_turtlebot/prefix_override:/ros2_ws/install/my_turtlebot/lib/python3.10/site-packages: /usr/bin/python3 -W ignore:setup.py install is deprecated setup.py egg_info --egg-base ../../build/my_turtlebot build --build-base /ros2_ws/build/my_turtlebot/build install --record /ros2_ws/build/my_turtlebot/install.log --single-version-externally-managed install_data
