[2.369s] Invoking command in '/ros2_ws/src/lidar_map_publisher': PYTHONPATH=/ros2_ws/build/lidar_map_publisher/prefix_override:/ros2_ws/install/lidar_map_publisher/lib/python3.10/site-packages: /usr/bin/python3 -W ignore:setup.py install is deprecated setup.py egg_info --egg-base ../../build/lidar_map_publisher build --build-base /ros2_ws/build/lidar_map_publisher/build install --record /ros2_ws/build/lidar_map_publisher/install.log --single-version-externally-managed install_data
[2.805s] running egg_info
[2.808s] writing ../../build/lidar_map_publisher/lidar_map_publisher.egg-info/PKG-INFO
[2.809s] writing dependency_links to ../../build/lidar_map_publisher/lidar_map_publisher.egg-info/dependency_links.txt
[2.809s] writing entry points to ../../build/lidar_map_publisher/lidar_map_publisher.egg-info/entry_points.txt
[2.810s] writing requirements to ../../build/lidar_map_publisher/lidar_map_publisher.egg-info/requires.txt
[2.810s] writing top-level names to ../../build/lidar_map_publisher/lidar_map_publisher.egg-info/top_level.txt
[2.813s] reading manifest file '../../build/lidar_map_publisher/lidar_map_publisher.egg-info/SOURCES.txt'
[2.815s] writing manifest file '../../build/lidar_map_publisher/lidar_map_publisher.egg-info/SOURCES.txt'
[2.818s] running build
[2.819s] running build_py
[2.819s] running install
[2.825s] running install_lib
[2.826s] running install_data
[2.826s] running install_egg_info
[2.827s] removing '/ros2_ws/install/lidar_map_publisher/lib/python3.10/site-packages/lidar_map_publisher-0.0.0-py3.10.egg-info' (and everything under it)
[2.828s] Copying ../../build/lidar_map_publisher/lidar_map_publisher.egg-info to /ros2_ws/install/lidar_map_publisher/lib/python3.10/site-packages/lidar_map_publisher-0.0.0-py3.10.egg-info
[2.830s] running install_scripts
[2.885s] Installing map_publisher script to /ros2_ws/install/lidar_map_publisher/lib/lidar_map_publisher
[2.887s] writing list of installed files to '/ros2_ws/build/lidar_map_publisher/install.log'
[3.001s] Invoked command in '/ros2_ws/src/lidar_map_publisher' returned '0': PYTHONPATH=/ros2_ws/build/lidar_map_publisher/prefix_override:/ros2_ws/install/lidar_map_publisher/lib/python3.10/site-packages: /usr/bin/python3 -W ignore:setup.py install is deprecated setup.py egg_info --egg-base ../../build/lidar_map_publisher build --build-base /ros2_ws/build/lidar_map_publisher/build install --record /ros2_ws/build/lidar_map_publisher/install.log --single-version-externally-managed install_data
