[1.744s] Invoking command in '/ros2_ws/src/py_pubsub': PYTHONPATH=/ros2_ws/build/py_pubsub/prefix_override:/ros2_ws/install/py_pubsub/lib/python3.10/site-packages:${PYTHONPATH} /usr/bin/python3 -W ignore:setup.py install is deprecated setup.py egg_info --egg-base ../../build/py_pubsub build --build-base /ros2_ws/build/py_pubsub/build install --record /ros2_ws/build/py_pubsub/install.log --single-version-externally-managed install_data
[2.075s] running egg_info
[2.077s] writing ../../build/py_pubsub/py_pubsub.egg-info/PKG-INFO
[2.077s] writing dependency_links to ../../build/py_pubsub/py_pubsub.egg-info/dependency_links.txt
[2.077s] writing entry points to ../../build/py_pubsub/py_pubsub.egg-info/entry_points.txt
[2.078s] writing requirements to ../../build/py_pubsub/py_pubsub.egg-info/requires.txt
[2.078s] writing top-level names to ../../build/py_pubsub/py_pubsub.egg-info/top_level.txt
[2.080s] reading manifest file '../../build/py_pubsub/py_pubsub.egg-info/SOURCES.txt'
[2.081s] writing manifest file '../../build/py_pubsub/py_pubsub.egg-info/SOURCES.txt'
[2.081s] running build
[2.081s] running build_py
[2.082s] running install
[2.082s] running install_lib
[2.084s] running install_data
[2.084s] running install_egg_info
[2.087s] removing '/ros2_ws/install/py_pubsub/lib/python3.10/site-packages/py_pubsub-0.0.0-py3.10.egg-info' (and everything under it)
[2.088s] Copying ../../build/py_pubsub/py_pubsub.egg-info to /ros2_ws/install/py_pubsub/lib/python3.10/site-packages/py_pubsub-0.0.0-py3.10.egg-info
[2.089s] running install_scripts
[2.124s] Installing listener script to /ros2_ws/install/py_pubsub/lib/py_pubsub
[2.129s] Installing talker script to /ros2_ws/install/py_pubsub/lib/py_pubsub
[2.129s] writing list of installed files to '/ros2_ws/build/py_pubsub/install.log'
[2.190s] Invoked command in '/ros2_ws/src/py_pubsub' returned '0': PYTHONPATH=/ros2_ws/build/py_pubsub/prefix_override:/ros2_ws/install/py_pubsub/lib/python3.10/site-packages:${PYTHONPATH} /usr/bin/python3 -W ignore:setup.py install is deprecated setup.py egg_info --egg-base ../../build/py_pubsub build --build-base /ros2_ws/build/py_pubsub/build install --record /ros2_ws/build/py_pubsub/install.log --single-version-externally-managed install_data
