[4.715s] Invoking command in '/ros2_ws/src/py_pubsub': PYTHONPATH=/ros2_ws/build/py_pubsub/prefix_override:/ros2_ws/install/py_pubsub/lib/python3.10/site-packages: /usr/bin/python3 -W ignore:setup.py install is deprecated setup.py egg_info --egg-base ../../build/py_pubsub build --build-base /ros2_ws/build/py_pubsub/build install --record /ros2_ws/build/py_pubsub/install.log --single-version-externally-managed install_data
[5.590s] running egg_info
[5.592s] writing ../../build/py_pubsub/py_pubsub.egg-info/PKG-INFO
[5.596s] writing dependency_links to ../../build/py_pubsub/py_pubsub.egg-info/dependency_links.txt
[5.596s] writing entry points to ../../build/py_pubsub/py_pubsub.egg-info/entry_points.txt
[5.597s] writing requirements to ../../build/py_pubsub/py_pubsub.egg-info/requires.txt
[5.597s] writing top-level names to ../../build/py_pubsub/py_pubsub.egg-info/top_level.txt
[5.602s] reading manifest file '../../build/py_pubsub/py_pubsub.egg-info/SOURCES.txt'
[5.604s] writing manifest file '../../build/py_pubsub/py_pubsub.egg-info/SOURCES.txt'
[5.604s] running build
[5.622s] running build_py
[5.622s] running install
[5.632s] running install_lib
[5.632s] running install_data
[5.633s] running install_egg_info
[5.633s] removing '/ros2_ws/install/py_pubsub/lib/python3.10/site-packages/py_pubsub-0.0.0-py3.10.egg-info' (and everything under it)
[5.634s] Copying ../../build/py_pubsub/py_pubsub.egg-info to /ros2_ws/install/py_pubsub/lib/python3.10/site-packages/py_pubsub-0.0.0-py3.10.egg-info
[5.635s] running install_scripts
[5.687s] Installing listener script to /ros2_ws/install/py_pubsub/lib/py_pubsub
[5.690s] Installing talker script to /ros2_ws/install/py_pubsub/lib/py_pubsub
[5.690s] writing list of installed files to '/ros2_ws/build/py_pubsub/install.log'
[5.761s] Invoked command in '/ros2_ws/src/py_pubsub' returned '0': PYTHONPATH=/ros2_ws/build/py_pubsub/prefix_override:/ros2_ws/install/py_pubsub/lib/python3.10/site-packages: /usr/bin/python3 -W ignore:setup.py install is deprecated setup.py egg_info --egg-base ../../build/py_pubsub build --build-base /ros2_ws/build/py_pubsub/build install --record /ros2_ws/build/py_pubsub/install.log --single-version-externally-managed install_data
