[0.756s] Invoking command in '/ros2_ws/src/py_pubsub': PYTHONPATH=/ros2_ws/build/py_pubsub/prefix_override:/ros2_ws/install/py_pubsub/lib/python3.10/site-packages:${PYTHONPATH} /usr/bin/python3 -W ignore:setup.py install is deprecated setup.py egg_info --egg-base ../../build/py_pubsub build --build-base /ros2_ws/build/py_pubsub/build install --record /ros2_ws/build/py_pubsub/install.log --single-version-externally-managed install_data
[0.954s] running egg_info
[0.954s] creating ../../build/py_pubsub/py_pubsub.egg-info
[0.954s] writing ../../build/py_pubsub/py_pubsub.egg-info/PKG-INFO
[0.955s] writing dependency_links to ../../build/py_pubsub/py_pubsub.egg-info/dependency_links.txt
[0.955s] writing entry points to ../../build/py_pubsub/py_pubsub.egg-info/entry_points.txt
[0.955s] writing requirements to ../../build/py_pubsub/py_pubsub.egg-info/requires.txt
[0.955s] writing top-level names to ../../build/py_pubsub/py_pubsub.egg-info/top_level.txt
[0.956s] writing manifest file '../../build/py_pubsub/py_pubsub.egg-info/SOURCES.txt'
[0.958s] reading manifest file '../../build/py_pubsub/py_pubsub.egg-info/SOURCES.txt'
[0.959s] writing manifest file '../../build/py_pubsub/py_pubsub.egg-info/SOURCES.txt'
[0.959s] running build
[0.959s] running build_py
[0.959s] creating /ros2_ws/build/py_pubsub/build
[0.959s] creating /ros2_ws/build/py_pubsub/build/lib
[0.960s] creating /ros2_ws/build/py_pubsub/build/lib/py_pubsub
[0.960s] copying py_pubsub/publisher_member_function.py -> /ros2_ws/build/py_pubsub/build/lib/py_pubsub
[0.960s] copying py_pubsub/__init__.py -> /ros2_ws/build/py_pubsub/build/lib/py_pubsub
[0.961s] copying py_pubsub/subscriber_member_function.py -> /ros2_ws/build/py_pubsub/build/lib/py_pubsub
[0.961s] running install
[0.961s] running install_lib
[0.962s] creating /ros2_ws/install/py_pubsub/lib/python3.10/site-packages/py_pubsub
[0.962s] copying /ros2_ws/build/py_pubsub/build/lib/py_pubsub/publisher_member_function.py -> /ros2_ws/install/py_pubsub/lib/python3.10/site-packages/py_pubsub
[0.962s] copying /ros2_ws/build/py_pubsub/build/lib/py_pubsub/__init__.py -> /ros2_ws/install/py_pubsub/lib/python3.10/site-packages/py_pubsub
[0.963s] copying /ros2_ws/build/py_pubsub/build/lib/py_pubsub/subscriber_member_function.py -> /ros2_ws/install/py_pubsub/lib/python3.10/site-packages/py_pubsub
[0.963s] byte-compiling /ros2_ws/install/py_pubsub/lib/python3.10/site-packages/py_pubsub/publisher_member_function.py to publisher_member_function.cpython-310.pyc
[0.964s] byte-compiling /ros2_ws/install/py_pubsub/lib/python3.10/site-packages/py_pubsub/__init__.py to __init__.cpython-310.pyc
[0.964s] byte-compiling /ros2_ws/install/py_pubsub/lib/python3.10/site-packages/py_pubsub/subscriber_member_function.py to subscriber_member_function.cpython-310.pyc
[0.965s] running install_data
[0.965s] creating /ros2_ws/install/py_pubsub/share/ament_index
[0.965s] creating /ros2_ws/install/py_pubsub/share/ament_index/resource_index
[0.966s] creating /ros2_ws/install/py_pubsub/share/ament_index/resource_index/packages
[0.966s] copying resource/py_pubsub -> /ros2_ws/install/py_pubsub/share/ament_index/resource_index/packages
[0.966s] copying package.xml -> /ros2_ws/install/py_pubsub/share/py_pubsub
[0.966s] running install_egg_info
[0.967s] Copying ../../build/py_pubsub/py_pubsub.egg-info to /ros2_ws/install/py_pubsub/lib/python3.10/site-packages/py_pubsub-0.0.0-py3.10.egg-info
[0.969s] running install_scripts
[0.992s] Installing listener script to /ros2_ws/install/py_pubsub/lib/py_pubsub
[0.993s] Installing talker script to /ros2_ws/install/py_pubsub/lib/py_pubsub
[0.994s] writing list of installed files to '/ros2_ws/build/py_pubsub/install.log'
[1.017s] Invoked command in '/ros2_ws/src/py_pubsub' returned '0': PYTHONPATH=/ros2_ws/build/py_pubsub/prefix_override:/ros2_ws/install/py_pubsub/lib/python3.10/site-packages:${PYTHONPATH} /usr/bin/python3 -W ignore:setup.py install is deprecated setup.py egg_info --egg-base ../../build/py_pubsub build --build-base /ros2_ws/build/py_pubsub/build install --record /ros2_ws/build/py_pubsub/install.log --single-version-externally-managed install_data
