[0.344s] DEBUG:colcon:Command line arguments: ['/usr/bin/colcon', 'build']
[0.345s] DEBUG:colcon:Parsed command line arguments: Namespace(log_base=None, log_level=None, verb_name='build', build_base='build', install_base='install', merge_install=False, symlink_install=False, test_result_base=None, continue_on_error=False, executor='parallel', parallel_workers=8, event_handlers=None, ignore_user_meta=False, metas=['./colcon.meta'], base_paths=['.'], packages_ignore=None, packages_ignore_regex=None, paths=None, packages_up_to=None, packages_up_to_regex=None, packages_above=None, packages_above_and_dependencies=None, packages_above_depth=None, packages_select_by_dep=None, packages_skip_by_dep=None, packages_skip_up_to=None, packages_select_build_failed=False, packages_skip_build_finished=False, packages_select_test_failures=False, packages_skip_test_passed=False, packages_select=None, packages_skip=None, packages_select_regex=None, packages_skip_regex=None, packages_start=None, packages_end=None, allow_overriding=[], cmake_args=None, cmake_target=None, cmake_target_skip_unavailable=False, cmake_clean_cache=False, cmake_clean_first=False, cmake_force_configure=False, ament_cmake_args=None, catkin_cmake_args=None, catkin_skip_building_tests=False, verb_parser=<colcon_defaults.argument_parser.defaults.DefaultArgumentsDecorator object at 0x7f57f9148490>, verb_extension=<colcon_core.verb.build.BuildVerb object at 0x7f57f910fac0>, main=<bound method BuildVerb.main of <colcon_core.verb.build.BuildVerb object at 0x7f57f910fac0>>)
[0.773s] Level 1:colcon.colcon_core.package_discovery:discover_packages(colcon_meta) check parameters
[0.774s] Level 1:colcon.colcon_core.package_discovery:discover_packages(recursive) check parameters
[0.774s] Level 1:colcon.colcon_core.package_discovery:discover_packages(ignore) check parameters
[0.774s] Level 1:colcon.colcon_core.package_discovery:discover_packages(path) check parameters
[0.774s] Level 1:colcon.colcon_core.package_discovery:discover_packages(colcon_meta) discover
[0.775s] Level 1:colcon.colcon_core.package_discovery:discover_packages(recursive) discover
[0.775s] INFO:colcon.colcon_core.package_discovery:Crawling recursively for packages in '/ros2_ws'
[0.776s] Level 1:colcon.colcon_core.package_identification:_identify(.) by extensions ['ignore', 'ignore_ament_install']
[0.778s] Level 1:colcon.colcon_core.package_identification:_identify(.) by extension 'ignore'
[0.778s] Level 1:colcon.colcon_core.package_identification:_identify(.) by extension 'ignore_ament_install'
[0.778s] Level 1:colcon.colcon_core.package_identification:_identify(.) by extensions ['colcon_pkg']
[0.778s] Level 1:colcon.colcon_core.package_identification:_identify(.) by extension 'colcon_pkg'
[0.778s] Level 1:colcon.colcon_core.package_identification:_identify(.) by extensions ['colcon_meta']
[0.778s] Level 1:colcon.colcon_core.package_identification:_identify(.) by extension 'colcon_meta'
[0.778s] Level 1:colcon.colcon_core.package_identification:_identify(.) by extensions ['ros']
[0.778s] Level 1:colcon.colcon_core.package_identification:_identify(.) by extension 'ros'
[0.810s] Level 1:colcon.colcon_core.package_identification:_identify(.) by extensions ['cmake', 'python']
[0.810s] Level 1:colcon.colcon_core.package_identification:_identify(.) by extension 'cmake'
[0.810s] Level 1:colcon.colcon_core.package_identification:_identify(.) by extension 'python'
[0.810s] Level 1:colcon.colcon_core.package_identification:_identify(.) by extensions ['python_setup_py']
[0.810s] Level 1:colcon.colcon_core.package_identification:_identify(.) by extension 'python_setup_py'
[0.811s] Level 1:colcon.colcon_core.package_identification:_identify(build) by extensions ['ignore', 'ignore_ament_install']
[0.811s] Level 1:colcon.colcon_core.package_identification:_identify(build) by extension 'ignore'
[0.811s] Level 1:colcon.colcon_core.package_identification:_identify(build) ignored
[0.812s] Level 1:colcon.colcon_core.package_identification:_identify(install) by extensions ['ignore', 'ignore_ament_install']
[0.812s] Level 1:colcon.colcon_core.package_identification:_identify(install) by extension 'ignore'
[0.812s] Level 1:colcon.colcon_core.package_identification:_identify(install) ignored
[0.812s] Level 1:colcon.colcon_core.package_identification:_identify(log) by extensions ['ignore', 'ignore_ament_install']
[0.812s] Level 1:colcon.colcon_core.package_identification:_identify(log) by extension 'ignore'
[0.812s] Level 1:colcon.colcon_core.package_identification:_identify(log) ignored
[0.813s] Level 1:colcon.colcon_core.package_identification:_identify(src) by extensions ['ignore', 'ignore_ament_install']
[0.813s] Level 1:colcon.colcon_core.package_identification:_identify(src) by extension 'ignore'
[0.813s] Level 1:colcon.colcon_core.package_identification:_identify(src) by extension 'ignore_ament_install'
[0.813s] Level 1:colcon.colcon_core.package_identification:_identify(src) by extensions ['colcon_pkg']
[0.813s] Level 1:colcon.colcon_core.package_identification:_identify(src) by extension 'colcon_pkg'
[0.813s] Level 1:colcon.colcon_core.package_identification:_identify(src) by extensions ['colcon_meta']
[0.813s] Level 1:colcon.colcon_core.package_identification:_identify(src) by extension 'colcon_meta'
[0.813s] Level 1:colcon.colcon_core.package_identification:_identify(src) by extensions ['ros']
[0.814s] Level 1:colcon.colcon_core.package_identification:_identify(src) by extension 'ros'
[0.814s] Level 1:colcon.colcon_core.package_identification:_identify(src) by extensions ['cmake', 'python']
[0.814s] Level 1:colcon.colcon_core.package_identification:_identify(src) by extension 'cmake'
[0.814s] Level 1:colcon.colcon_core.package_identification:_identify(src) by extension 'python'
[0.814s] Level 1:colcon.colcon_core.package_identification:_identify(src) by extensions ['python_setup_py']
[0.814s] Level 1:colcon.colcon_core.package_identification:_identify(src) by extension 'python_setup_py'
[0.814s] Level 1:colcon.colcon_core.package_identification:_identify(src/RobotAutonomy) by extensions ['ignore', 'ignore_ament_install']
[0.814s] Level 1:colcon.colcon_core.package_identification:_identify(src/RobotAutonomy) by extension 'ignore'
[0.814s] Level 1:colcon.colcon_core.package_identification:_identify(src/RobotAutonomy) by extension 'ignore_ament_install'
[0.815s] Level 1:colcon.colcon_core.package_identification:_identify(src/RobotAutonomy) by extensions ['colcon_pkg']
[0.815s] Level 1:colcon.colcon_core.package_identification:_identify(src/RobotAutonomy) by extension 'colcon_pkg'
[0.815s] Level 1:colcon.colcon_core.package_identification:_identify(src/RobotAutonomy) by extensions ['colcon_meta']
[0.815s] Level 1:colcon.colcon_core.package_identification:_identify(src/RobotAutonomy) by extension 'colcon_meta'
[0.815s] Level 1:colcon.colcon_core.package_identification:_identify(src/RobotAutonomy) by extensions ['ros']
[0.815s] Level 1:colcon.colcon_core.package_identification:_identify(src/RobotAutonomy) by extension 'ros'
[0.820s] DEBUG:colcon.colcon_core.package_identification:Package 'src/RobotAutonomy' with type 'ros.ament_python' and name 'my_turtlebot'
[0.820s] Level 1:colcon.colcon_core.package_identification:_identify(src/build) by extensions ['ignore', 'ignore_ament_install']
[0.821s] Level 1:colcon.colcon_core.package_identification:_identify(src/build) by extension 'ignore'
[0.821s] Level 1:colcon.colcon_core.package_identification:_identify(src/build) ignored
[0.821s] Level 1:colcon.colcon_core.package_identification:_identify(src/install) by extensions ['ignore', 'ignore_ament_install']
[0.821s] Level 1:colcon.colcon_core.package_identification:_identify(src/install) by extension 'ignore'
[0.821s] Level 1:colcon.colcon_core.package_identification:_identify(src/install) ignored
[0.821s] Level 1:colcon.colcon_core.package_identification:_identify(src/log) by extensions ['ignore', 'ignore_ament_install']
[0.822s] Level 1:colcon.colcon_core.package_identification:_identify(src/log) by extension 'ignore'
[0.823s] Level 1:colcon.colcon_core.package_identification:_identify(src/log) ignored
[0.824s] Level 1:colcon.colcon_core.package_identification:_identify(src/py_pubsub) by extensions ['ignore', 'ignore_ament_install']
[0.824s] Level 1:colcon.colcon_core.package_identification:_identify(src/py_pubsub) by extension 'ignore'
[0.825s] Level 1:colcon.colcon_core.package_identification:_identify(src/py_pubsub) by extension 'ignore_ament_install'
[0.825s] Level 1:colcon.colcon_core.package_identification:_identify(src/py_pubsub) by extensions ['colcon_pkg']
[0.825s] Level 1:colcon.colcon_core.package_identification:_identify(src/py_pubsub) by extension 'colcon_pkg'
[0.825s] Level 1:colcon.colcon_core.package_identification:_identify(src/py_pubsub) by extensions ['colcon_meta']
[0.825s] Level 1:colcon.colcon_core.package_identification:_identify(src/py_pubsub) by extension 'colcon_meta'
[0.825s] Level 1:colcon.colcon_core.package_identification:_identify(src/py_pubsub) by extensions ['ros']
[0.825s] Level 1:colcon.colcon_core.package_identification:_identify(src/py_pubsub) by extension 'ros'
[0.827s] DEBUG:colcon.colcon_core.package_identification:Package 'src/py_pubsub' with type 'ros.ament_python' and name 'py_pubsub'
[0.827s] Level 1:colcon.colcon_core.package_identification:_identify(src/test_nodes) by extensions ['ignore', 'ignore_ament_install']
[0.827s] Level 1:colcon.colcon_core.package_identification:_identify(src/test_nodes) by extension 'ignore'
[0.827s] Level 1:colcon.colcon_core.package_identification:_identify(src/test_nodes) by extension 'ignore_ament_install'
[0.827s] Level 1:colcon.colcon_core.package_identification:_identify(src/test_nodes) by extensions ['colcon_pkg']
[0.827s] Level 1:colcon.colcon_core.package_identification:_identify(src/test_nodes) by extension 'colcon_pkg'
[0.828s] Level 1:colcon.colcon_core.package_identification:_identify(src/test_nodes) by extensions ['colcon_meta']
[0.828s] Level 1:colcon.colcon_core.package_identification:_identify(src/test_nodes) by extension 'colcon_meta'
[0.828s] Level 1:colcon.colcon_core.package_identification:_identify(src/test_nodes) by extensions ['ros']
[0.828s] Level 1:colcon.colcon_core.package_identification:_identify(src/test_nodes) by extension 'ros'
[0.828s] DEBUG:colcon.colcon_core.package_identification:Package 'src/test_nodes' with type 'ros.ament_python' and name 'test_nodes'
[0.829s] Level 1:colcon.colcon_core.package_discovery:discover_packages(recursive) using defaults
[0.829s] Level 1:colcon.colcon_core.package_discovery:discover_packages(ignore) discover
[0.829s] Level 1:colcon.colcon_core.package_discovery:discover_packages(ignore) using defaults
[0.829s] Level 1:colcon.colcon_core.package_discovery:discover_packages(path) discover
[0.829s] Level 1:colcon.colcon_core.package_discovery:discover_packages(path) using defaults
[0.896s] Level 1:colcon.colcon_core.package_discovery:discover_packages(prefix_path) check parameters
[0.896s] Level 1:colcon.colcon_core.package_discovery:discover_packages(prefix_path) discover
[0.901s] DEBUG:colcon.colcon_installed_package_information.package_discovery:Found 402 installed packages in /opt/ros/humble
[0.905s] Level 1:colcon.colcon_core.package_discovery:discover_packages(prefix_path) using defaults
[1.034s] Level 5:colcon.colcon_core.verb:set package 'my_turtlebot' build argument 'cmake_args' from command line to 'None'
[1.034s] Level 5:colcon.colcon_core.verb:set package 'my_turtlebot' build argument 'cmake_target' from command line to 'None'
[1.034s] Level 5:colcon.colcon_core.verb:set package 'my_turtlebot' build argument 'cmake_target_skip_unavailable' from command line to 'False'
[1.034s] Level 5:colcon.colcon_core.verb:set package 'my_turtlebot' build argument 'cmake_clean_cache' from command line to 'False'
[1.034s] Level 5:colcon.colcon_core.verb:set package 'my_turtlebot' build argument 'cmake_clean_first' from command line to 'False'
[1.034s] Level 5:colcon.colcon_core.verb:set package 'my_turtlebot' build argument 'cmake_force_configure' from command line to 'False'
[1.034s] Level 5:colcon.colcon_core.verb:set package 'my_turtlebot' build argument 'ament_cmake_args' from command line to 'None'
[1.034s] Level 5:colcon.colcon_core.verb:set package 'my_turtlebot' build argument 'catkin_cmake_args' from command line to 'None'
[1.035s] Level 5:colcon.colcon_core.verb:set package 'my_turtlebot' build argument 'catkin_skip_building_tests' from command line to 'False'
[1.035s] DEBUG:colcon.colcon_core.verb:Building package 'my_turtlebot' with the following arguments: {'ament_cmake_args': None, 'build_base': '/ros2_ws/build/my_turtlebot', 'catkin_cmake_args': None, 'catkin_skip_building_tests': False, 'cmake_args': None, 'cmake_clean_cache': False, 'cmake_clean_first': False, 'cmake_force_configure': False, 'cmake_target': None, 'cmake_target_skip_unavailable': False, 'install_base': '/ros2_ws/install/my_turtlebot', 'merge_install': False, 'path': '/ros2_ws/src/RobotAutonomy', 'symlink_install': False, 'test_result_base': None}
[1.035s] Level 5:colcon.colcon_core.verb:set package 'py_pubsub' build argument 'cmake_args' from command line to 'None'
[1.036s] Level 5:colcon.colcon_core.verb:set package 'py_pubsub' build argument 'cmake_target' from command line to 'None'
[1.036s] Level 5:colcon.colcon_core.verb:set package 'py_pubsub' build argument 'cmake_target_skip_unavailable' from command line to 'False'
[1.036s] Level 5:colcon.colcon_core.verb:set package 'py_pubsub' build argument 'cmake_clean_cache' from command line to 'False'
[1.036s] Level 5:colcon.colcon_core.verb:set package 'py_pubsub' build argument 'cmake_clean_first' from command line to 'False'
[1.036s] Level 5:colcon.colcon_core.verb:set package 'py_pubsub' build argument 'cmake_force_configure' from command line to 'False'
[1.036s] Level 5:colcon.colcon_core.verb:set package 'py_pubsub' build argument 'ament_cmake_args' from command line to 'None'
[1.036s] Level 5:colcon.colcon_core.verb:set package 'py_pubsub' build argument 'catkin_cmake_args' from command line to 'None'
[1.036s] Level 5:colcon.colcon_core.verb:set package 'py_pubsub' build argument 'catkin_skip_building_tests' from command line to 'False'
[1.036s] DEBUG:colcon.colcon_core.verb:Building package 'py_pubsub' with the following arguments: {'ament_cmake_args': None, 'build_base': '/ros2_ws/build/py_pubsub', 'catkin_cmake_args': None, 'catkin_skip_building_tests': False, 'cmake_args': None, 'cmake_clean_cache': False, 'cmake_clean_first': False, 'cmake_force_configure': False, 'cmake_target': None, 'cmake_target_skip_unavailable': False, 'install_base': '/ros2_ws/install/py_pubsub', 'merge_install': False, 'path': '/ros2_ws/src/py_pubsub', 'symlink_install': False, 'test_result_base': None}
[1.037s] Level 5:colcon.colcon_core.verb:set package 'test_nodes' build argument 'cmake_args' from command line to 'None'
[1.037s] Level 5:colcon.colcon_core.verb:set package 'test_nodes' build argument 'cmake_target' from command line to 'None'
[1.037s] Level 5:colcon.colcon_core.verb:set package 'test_nodes' build argument 'cmake_target_skip_unavailable' from command line to 'False'
[1.037s] Level 5:colcon.colcon_core.verb:set package 'test_nodes' build argument 'cmake_clean_cache' from command line to 'False'
[1.037s] Level 5:colcon.colcon_core.verb:set package 'test_nodes' build argument 'cmake_clean_first' from command line to 'False'
[1.037s] Level 5:colcon.colcon_core.verb:set package 'test_nodes' build argument 'cmake_force_configure' from command line to 'False'
[1.037s] Level 5:colcon.colcon_core.verb:set package 'test_nodes' build argument 'ament_cmake_args' from command line to 'None'
[1.037s] Level 5:colcon.colcon_core.verb:set package 'test_nodes' build argument 'catkin_cmake_args' from command line to 'None'
[1.037s] Level 5:colcon.colcon_core.verb:set package 'test_nodes' build argument 'catkin_skip_building_tests' from command line to 'False'
[1.037s] DEBUG:colcon.colcon_core.verb:Building package 'test_nodes' with the following arguments: {'ament_cmake_args': None, 'build_base': '/ros2_ws/build/test_nodes', 'catkin_cmake_args': None, 'catkin_skip_building_tests': False, 'cmake_args': None, 'cmake_clean_cache': False, 'cmake_clean_first': False, 'cmake_force_configure': False, 'cmake_target': None, 'cmake_target_skip_unavailable': False, 'install_base': '/ros2_ws/install/test_nodes', 'merge_install': False, 'path': '/ros2_ws/src/test_nodes', 'symlink_install': False, 'test_result_base': None}
[1.037s] INFO:colcon.colcon_core.executor:Executing jobs using 'parallel' executor
[1.045s] DEBUG:colcon.colcon_parallel_executor.executor.parallel:run_until_complete
[1.046s] INFO:colcon.colcon_ros.task.ament_python.build:Building ROS package in '/ros2_ws/src/RobotAutonomy' with build type 'ament_python'
[1.047s] Level 1:colcon.colcon_core.shell:create_environment_hook('my_turtlebot', 'ament_prefix_path')
[1.050s] INFO:colcon.colcon_core.plugin_system:Skipping extension 'colcon_core.shell.bat': Not used on non-Windows systems
[1.051s] INFO:colcon.colcon_core.shell:Creating environment hook '/ros2_ws/install/my_turtlebot/share/my_turtlebot/hook/ament_prefix_path.ps1'
[1.053s] INFO:colcon.colcon_core.shell:Creating environment descriptor '/ros2_ws/install/my_turtlebot/share/my_turtlebot/hook/ament_prefix_path.dsv'
[1.054s] INFO:colcon.colcon_core.shell:Creating environment hook '/ros2_ws/install/my_turtlebot/share/my_turtlebot/hook/ament_prefix_path.sh'
[1.060s] INFO:colcon.colcon_core.shell:Skip shell extension 'powershell' for command environment: Not usable outside of PowerShell
[1.060s] DEBUG:colcon.colcon_core.shell:Skip shell extension 'dsv' for command environment
[1.067s] INFO:colcon.colcon_ros.task.ament_python.build:Building ROS package in '/ros2_ws/src/py_pubsub' with build type 'ament_python'
[1.069s] Level 1:colcon.colcon_core.shell:create_environment_hook('py_pubsub', 'ament_prefix_path')
[1.070s] INFO:colcon.colcon_core.shell:Creating environment hook '/ros2_ws/install/py_pubsub/share/py_pubsub/hook/ament_prefix_path.ps1'
[1.071s] INFO:colcon.colcon_core.shell:Creating environment descriptor '/ros2_ws/install/py_pubsub/share/py_pubsub/hook/ament_prefix_path.dsv'
[1.072s] INFO:colcon.colcon_core.shell:Creating environment hook '/ros2_ws/install/py_pubsub/share/py_pubsub/hook/ament_prefix_path.sh'
[1.073s] INFO:colcon.colcon_core.shell:Skip shell extension 'powershell' for command environment: Not usable outside of PowerShell
[1.073s] DEBUG:colcon.colcon_core.shell:Skip shell extension 'dsv' for command environment
[1.081s] INFO:colcon.colcon_ros.task.ament_python.build:Building ROS package in '/ros2_ws/src/test_nodes' with build type 'ament_python'
[1.082s] Level 1:colcon.colcon_core.shell:create_environment_hook('test_nodes', 'ament_prefix_path')
[1.083s] INFO:colcon.colcon_core.shell:Creating environment hook '/ros2_ws/install/test_nodes/share/test_nodes/hook/ament_prefix_path.ps1'
[1.084s] INFO:colcon.colcon_core.shell:Creating environment descriptor '/ros2_ws/install/test_nodes/share/test_nodes/hook/ament_prefix_path.dsv'
[1.085s] INFO:colcon.colcon_core.shell:Creating environment hook '/ros2_ws/install/test_nodes/share/test_nodes/hook/ament_prefix_path.sh'
[1.086s] INFO:colcon.colcon_core.shell:Skip shell extension 'powershell' for command environment: Not usable outside of PowerShell
[1.086s] DEBUG:colcon.colcon_core.shell:Skip shell extension 'dsv' for command environment
[1.733s] INFO:colcon.colcon_core.task.python.build:Building Python package in '/ros2_ws/src/RobotAutonomy'
[1.734s] INFO:colcon.colcon_core.shell:Skip shell extension 'powershell' for command environment: Not usable outside of PowerShell
[1.734s] DEBUG:colcon.colcon_core.shell:Skip shell extension 'dsv' for command environment
[2.391s] INFO:colcon.colcon_core.task.python.build:Building Python package in '/ros2_ws/src/py_pubsub'
[2.392s] INFO:colcon.colcon_core.shell:Skip shell extension 'powershell' for command environment: Not usable outside of PowerShell
[2.392s] DEBUG:colcon.colcon_core.shell:Skip shell extension 'dsv' for command environment
[3.007s] INFO:colcon.colcon_core.task.python.build:Building Python package in '/ros2_ws/src/test_nodes'
[3.008s] INFO:colcon.colcon_core.shell:Skip shell extension 'powershell' for command environment: Not usable outside of PowerShell
[3.009s] DEBUG:colcon.colcon_core.shell:Skip shell extension 'dsv' for command environment
[3.898s] DEBUG:colcon.colcon_core.event_handler.log_command:Invoking command in '/ros2_ws/src/py_pubsub': PYTHONPATH=/ros2_ws/build/py_pubsub/prefix_override:/ros2_ws/install/py_pubsub/lib/python3.10/site-packages:${PYTHONPATH} /usr/bin/python3 -W ignore:setup.py install is deprecated setup.py egg_info --egg-base ../../build/py_pubsub build --build-base /ros2_ws/build/py_pubsub/build install --record /ros2_ws/build/py_pubsub/install.log --single-version-externally-managed install_data
[3.903s] DEBUG:colcon.colcon_core.event_handler.log_command:Invoking command in '/ros2_ws/src/test_nodes': PYTHONPATH=/ros2_ws/build/test_nodes/prefix_override:/ros2_ws/install/test_nodes/lib/python3.10/site-packages:${PYTHONPATH} /usr/bin/python3 -W ignore:setup.py install is deprecated setup.py egg_info --egg-base ../../build/test_nodes build --build-base /ros2_ws/build/test_nodes/build install --record /ros2_ws/build/test_nodes/install.log --single-version-externally-managed install_data
[3.909s] DEBUG:colcon.colcon_core.event_handler.log_command:Invoking command in '/ros2_ws/src/RobotAutonomy': PYTHONPATH=/ros2_ws/build/my_turtlebot/prefix_override:/ros2_ws/install/my_turtlebot/lib/python3.10/site-packages:${PYTHONPATH} /usr/bin/python3 -W ignore:setup.py install is deprecated setup.py egg_info --egg-base ../../build/my_turtlebot build --build-base /ros2_ws/build/my_turtlebot/build install --record /ros2_ws/build/my_turtlebot/install.log --single-version-externally-managed install_data
[4.580s] Level 1:colcon.colcon_core.environment:checking '/ros2_ws/install/py_pubsub' for CMake module files
[4.581s] Level 1:colcon.colcon_core.environment:checking '/ros2_ws/install/py_pubsub' for CMake config files
[4.583s] Level 1:colcon.colcon_core.environment:checking '/ros2_ws/install/py_pubsub/lib'
[4.583s] Level 1:colcon.colcon_core.environment:checking '/ros2_ws/install/py_pubsub/bin'
[4.583s] Level 1:colcon.colcon_core.environment:checking '/ros2_ws/install/py_pubsub/lib/pkgconfig/py_pubsub.pc'
[4.584s] Level 1:colcon.colcon_core.environment:checking '/ros2_ws/install/py_pubsub/lib/python3.10/site-packages'
[4.584s] Level 1:colcon.colcon_core.shell:create_environment_hook('py_pubsub', 'pythonpath')
[4.584s] INFO:colcon.colcon_core.shell:Creating environment hook '/ros2_ws/install/py_pubsub/share/py_pubsub/hook/pythonpath.ps1'
[4.585s] INFO:colcon.colcon_core.shell:Creating environment descriptor '/ros2_ws/install/py_pubsub/share/py_pubsub/hook/pythonpath.dsv'
[4.586s] INFO:colcon.colcon_core.shell:Creating environment hook '/ros2_ws/install/py_pubsub/share/py_pubsub/hook/pythonpath.sh'
[4.591s] DEBUG:colcon.colcon_core.event_handler.log_command:Invoked command in '/ros2_ws/src/py_pubsub' returned '0': PYTHONPATH=/ros2_ws/build/py_pubsub/prefix_override:/ros2_ws/install/py_pubsub/lib/python3.10/site-packages:${PYTHONPATH} /usr/bin/python3 -W ignore:setup.py install is deprecated setup.py egg_info --egg-base ../../build/py_pubsub build --build-base /ros2_ws/build/py_pubsub/build install --record /ros2_ws/build/py_pubsub/install.log --single-version-externally-managed install_data
[4.593s] Level 1:colcon.colcon_core.environment:checking '/ros2_ws/install/py_pubsub/bin'
[4.593s] Level 1:colcon.colcon_core.environment:create_environment_scripts_only(py_pubsub)
[4.594s] INFO:colcon.colcon_core.shell:Creating package script '/ros2_ws/install/py_pubsub/share/py_pubsub/package.ps1'
[4.596s] INFO:colcon.colcon_core.shell:Creating package descriptor '/ros2_ws/install/py_pubsub/share/py_pubsub/package.dsv'
[4.597s] INFO:colcon.colcon_core.shell:Creating package script '/ros2_ws/install/py_pubsub/share/py_pubsub/package.sh'
[4.598s] INFO:colcon.colcon_core.shell:Creating package script '/ros2_ws/install/py_pubsub/share/py_pubsub/package.bash'
[4.600s] INFO:colcon.colcon_core.shell:Creating package script '/ros2_ws/install/py_pubsub/share/py_pubsub/package.zsh'
[4.601s] Level 1:colcon.colcon_core.environment:create_file_with_runtime_dependencies(/ros2_ws/install/py_pubsub/share/colcon-core/packages/py_pubsub)
[4.607s] Level 1:colcon.colcon_core.environment:checking '/ros2_ws/install/my_turtlebot' for CMake module files
[4.608s] DEBUG:colcon.colcon_core.event_handler.log_command:Invoked command in '/ros2_ws/src/RobotAutonomy' returned '0': PYTHONPATH=/ros2_ws/build/my_turtlebot/prefix_override:/ros2_ws/install/my_turtlebot/lib/python3.10/site-packages:${PYTHONPATH} /usr/bin/python3 -W ignore:setup.py install is deprecated setup.py egg_info --egg-base ../../build/my_turtlebot build --build-base /ros2_ws/build/my_turtlebot/build install --record /ros2_ws/build/my_turtlebot/install.log --single-version-externally-managed install_data
[4.609s] Level 1:colcon.colcon_core.environment:checking '/ros2_ws/install/my_turtlebot' for CMake config files
[4.612s] Level 1:colcon.colcon_core.environment:checking '/ros2_ws/install/my_turtlebot/lib'
[4.612s] Level 1:colcon.colcon_core.environment:checking '/ros2_ws/install/my_turtlebot/bin'
[4.612s] Level 1:colcon.colcon_core.environment:checking '/ros2_ws/install/my_turtlebot/lib/pkgconfig/my_turtlebot.pc'
[4.613s] Level 1:colcon.colcon_core.environment:checking '/ros2_ws/install/my_turtlebot/lib/python3.10/site-packages'
[4.613s] Level 1:colcon.colcon_core.shell:create_environment_hook('my_turtlebot', 'pythonpath')
[4.614s] INFO:colcon.colcon_core.shell:Creating environment hook '/ros2_ws/install/my_turtlebot/share/my_turtlebot/hook/pythonpath.ps1'
[4.615s] INFO:colcon.colcon_core.shell:Creating environment descriptor '/ros2_ws/install/my_turtlebot/share/my_turtlebot/hook/pythonpath.dsv'
[4.615s] INFO:colcon.colcon_core.shell:Creating environment hook '/ros2_ws/install/my_turtlebot/share/my_turtlebot/hook/pythonpath.sh'
[4.616s] Level 1:colcon.colcon_core.environment:checking '/ros2_ws/install/my_turtlebot/bin'
[4.616s] Level 1:colcon.colcon_core.environment:create_environment_scripts_only(my_turtlebot)
[4.617s] INFO:colcon.colcon_core.shell:Creating package script '/ros2_ws/install/my_turtlebot/share/my_turtlebot/package.ps1'
[4.618s] INFO:colcon.colcon_core.shell:Creating package descriptor '/ros2_ws/install/my_turtlebot/share/my_turtlebot/package.dsv'
[4.619s] INFO:colcon.colcon_core.shell:Creating package script '/ros2_ws/install/my_turtlebot/share/my_turtlebot/package.sh'
[4.619s] INFO:colcon.colcon_core.shell:Creating package script '/ros2_ws/install/my_turtlebot/share/my_turtlebot/package.bash'
[4.620s] INFO:colcon.colcon_core.shell:Creating package script '/ros2_ws/install/my_turtlebot/share/my_turtlebot/package.zsh'
[4.620s] Level 1:colcon.colcon_core.environment:create_file_with_runtime_dependencies(/ros2_ws/install/my_turtlebot/share/colcon-core/packages/my_turtlebot)
[4.622s] Level 1:colcon.colcon_core.environment:checking '/ros2_ws/install/test_nodes' for CMake module files
[4.625s] Level 1:colcon.colcon_core.environment:checking '/ros2_ws/install/test_nodes' for CMake config files
[4.626s] DEBUG:colcon.colcon_core.event_handler.log_command:Invoked command in '/ros2_ws/src/test_nodes' returned '0': PYTHONPATH=/ros2_ws/build/test_nodes/prefix_override:/ros2_ws/install/test_nodes/lib/python3.10/site-packages:${PYTHONPATH} /usr/bin/python3 -W ignore:setup.py install is deprecated setup.py egg_info --egg-base ../../build/test_nodes build --build-base /ros2_ws/build/test_nodes/build install --record /ros2_ws/build/test_nodes/install.log --single-version-externally-managed install_data
[4.627s] Level 1:colcon.colcon_core.environment:checking '/ros2_ws/install/test_nodes/lib'
[4.627s] Level 1:colcon.colcon_core.environment:checking '/ros2_ws/install/test_nodes/bin'
[4.627s] Level 1:colcon.colcon_core.environment:checking '/ros2_ws/install/test_nodes/lib/pkgconfig/test_nodes.pc'
[4.628s] Level 1:colcon.colcon_core.environment:checking '/ros2_ws/install/test_nodes/lib/python3.10/site-packages'
[4.628s] Level 1:colcon.colcon_core.shell:create_environment_hook('test_nodes', 'pythonpath')
[4.628s] INFO:colcon.colcon_core.shell:Creating environment hook '/ros2_ws/install/test_nodes/share/test_nodes/hook/pythonpath.ps1'
[4.629s] INFO:colcon.colcon_core.shell:Creating environment descriptor '/ros2_ws/install/test_nodes/share/test_nodes/hook/pythonpath.dsv'
[4.630s] INFO:colcon.colcon_core.shell:Creating environment hook '/ros2_ws/install/test_nodes/share/test_nodes/hook/pythonpath.sh'
[4.631s] Level 1:colcon.colcon_core.environment:checking '/ros2_ws/install/test_nodes/bin'
[4.631s] Level 1:colcon.colcon_core.environment:create_environment_scripts_only(test_nodes)
[4.633s] INFO:colcon.colcon_core.shell:Creating package script '/ros2_ws/install/test_nodes/share/test_nodes/package.ps1'
[4.634s] INFO:colcon.colcon_core.shell:Creating package descriptor '/ros2_ws/install/test_nodes/share/test_nodes/package.dsv'
[4.635s] INFO:colcon.colcon_core.shell:Creating package script '/ros2_ws/install/test_nodes/share/test_nodes/package.sh'
[4.637s] INFO:colcon.colcon_core.shell:Creating package script '/ros2_ws/install/test_nodes/share/test_nodes/package.bash'
[4.639s] INFO:colcon.colcon_core.shell:Creating package script '/ros2_ws/install/test_nodes/share/test_nodes/package.zsh'
[4.641s] Level 1:colcon.colcon_core.environment:create_file_with_runtime_dependencies(/ros2_ws/install/test_nodes/share/colcon-core/packages/test_nodes)
[4.641s] DEBUG:colcon.colcon_parallel_executor.executor.parallel:closing loop
[4.643s] DEBUG:colcon.colcon_parallel_executor.executor.parallel:loop closed
[4.643s] DEBUG:colcon.colcon_parallel_executor.executor.parallel:run_until_complete finished with '0'
[4.645s] DEBUG:colcon.colcon_core.event_reactor:joining thread
[4.660s] INFO:colcon.colcon_core.plugin_system:Skipping extension 'colcon_notification.desktop_notification.terminal_notifier': Not used on non-Darwin systems
[4.661s] INFO:colcon.colcon_core.plugin_system:Skipping extension 'colcon_notification.desktop_notification.win32': Not used on non-Windows systems
[4.661s] INFO:colcon.colcon_notification.desktop_notification:Sending desktop notification using 'notify2'
[4.661s] DEBUG:colcon.colcon_notification.desktop_notification.notify2:Failed to initialize notify2: org.freedesktop.DBus.Error.NotSupported: Unable to autolaunch a dbus-daemon without a $DISPLAY for X11
[4.663s] DEBUG:colcon.colcon_core.event_reactor:joined thread
[4.664s] INFO:colcon.colcon_core.shell:Creating prefix script '/ros2_ws/install/local_setup.ps1'
[4.667s] INFO:colcon.colcon_core.shell:Creating prefix util module '/ros2_ws/install/_local_setup_util_ps1.py'
[4.672s] INFO:colcon.colcon_core.shell:Creating prefix chain script '/ros2_ws/install/setup.ps1'
[4.674s] INFO:colcon.colcon_core.shell:Creating prefix script '/ros2_ws/install/local_setup.sh'
[4.675s] INFO:colcon.colcon_core.shell:Creating prefix util module '/ros2_ws/install/_local_setup_util_sh.py'
[4.676s] INFO:colcon.colcon_core.shell:Creating prefix chain script '/ros2_ws/install/setup.sh'
[4.678s] INFO:colcon.colcon_core.shell:Creating prefix script '/ros2_ws/install/local_setup.bash'
[4.679s] INFO:colcon.colcon_core.shell:Creating prefix chain script '/ros2_ws/install/setup.bash'
[4.681s] INFO:colcon.colcon_core.shell:Creating prefix script '/ros2_ws/install/local_setup.zsh'
[4.682s] INFO:colcon.colcon_core.shell:Creating prefix chain script '/ros2_ws/install/setup.zsh'
