[8.973s] Invoking command in '/ros2_ws/src/py_pubsub': PYTHONPATH=/ros2_ws/build/py_pubsub/prefix_override:/ros2_ws/install/py_pubsub/lib/python3.10/site-packages:${PYTHONPATH} /usr/bin/python3 -W ignore:setup.py install is deprecated setup.py egg_info --egg-base ../../build/py_pubsub build --build-base /ros2_ws/build/py_pubsub/build install --record /ros2_ws/build/py_pubsub/install.log --single-version-externally-managed install_data
[10.268s] running egg_info
[10.268s] writing ../../build/py_pubsub/py_pubsub.egg-info/PKG-INFO
[10.268s] writing dependency_links to ../../build/py_pubsub/py_pubsub.egg-info/dependency_links.txt
[10.269s] writing entry points to ../../build/py_pubsub/py_pubsub.egg-info/entry_points.txt
[10.269s] writing requirements to ../../build/py_pubsub/py_pubsub.egg-info/requires.txt
[10.269s] writing top-level names to ../../build/py_pubsub/py_pubsub.egg-info/top_level.txt
[10.287s] reading manifest file '../../build/py_pubsub/py_pubsub.egg-info/SOURCES.txt'
[10.288s] writing manifest file '../../build/py_pubsub/py_pubsub.egg-info/SOURCES.txt'
[10.288s] running build
[10.288s] running build_py
[10.289s] running install
[10.289s] running install_lib
[10.305s] running install_data
[10.305s] running install_egg_info
[10.320s] removing '/ros2_ws/install/py_pubsub/lib/python3.10/site-packages/py_pubsub-0.0.0-py3.10.egg-info' (and everything under it)
[10.354s] Copying ../../build/py_pubsub/py_pubsub.egg-info to /ros2_ws/install/py_pubsub/lib/python3.10/site-packages/py_pubsub-0.0.0-py3.10.egg-info
[10.373s] running install_scripts
[10.497s] Installing listener script to /ros2_ws/install/py_pubsub/lib/py_pubsub
[10.504s] Installing talker script to /ros2_ws/install/py_pubsub/lib/py_pubsub
[10.517s] writing list of installed files to '/ros2_ws/build/py_pubsub/install.log'
[10.694s] Invoked command in '/ros2_ws/src/py_pubsub' returned '0': PYTHONPATH=/ros2_ws/build/py_pubsub/prefix_override:/ros2_ws/install/py_pubsub/lib/python3.10/site-packages:${PYTHONPATH} /usr/bin/python3 -W ignore:setup.py install is deprecated setup.py egg_info --egg-base ../../build/py_pubsub build --build-base /ros2_ws/build/py_pubsub/build install --record /ros2_ws/build/py_pubsub/install.log --single-version-externally-managed install_data
