running egg_info
creating ../../build/lidar_mapper/lidar_mapper.egg-info
writing ../../build/lidar_mapper/lidar_mapper.egg-info/PKG-INFO
writing dependency_links to ../../build/lidar_mapper/lidar_mapper.egg-info/dependency_links.txt
writing entry points to ../../build/lidar_mapper/lidar_mapper.egg-info/entry_points.txt
writing requirements to ../../build/lidar_mapper/lidar_mapper.egg-info/requires.txt
writing top-level names to ../../build/lidar_mapper/lidar_mapper.egg-info/top_level.txt
writing manifest file '../../build/lidar_mapper/lidar_mapper.egg-info/SOURCES.txt'
reading manifest file '../../build/lidar_mapper/lidar_mapper.egg-info/SOURCES.txt'
writing manifest file '../../build/lidar_mapper/lidar_mapper.egg-info/SOURCES.txt'
running build
running build_py
creating /ros2_ws/build/lidar_mapper/build
creating /ros2_ws/build/lidar_mapper/build/lib
creating /ros2_ws/build/lidar_mapper/build/lib/lidar_mapper
copying lidar_mapper/__init__.py -> /ros2_ws/build/lidar_mapper/build/lib/lidar_mapper
copying lidar_mapper/lidar_mapper_node.py -> /ros2_ws/build/lidar_mapper/build/lib/lidar_mapper
running install
running install_lib
creating /ros2_ws/install/lidar_mapper/lib/python3.10/site-packages/lidar_mapper
copying /ros2_ws/build/lidar_mapper/build/lib/lidar_mapper/__init__.py -> /ros2_ws/install/lidar_mapper/lib/python3.10/site-packages/lidar_mapper
copying /ros2_ws/build/lidar_mapper/build/lib/lidar_mapper/lidar_mapper_node.py -> /ros2_ws/install/lidar_mapper/lib/python3.10/site-packages/lidar_mapper
byte-compiling /ros2_ws/install/lidar_mapper/lib/python3.10/site-packages/lidar_mapper/__init__.py to __init__.cpython-310.pyc
byte-compiling /ros2_ws/install/lidar_mapper/lib/python3.10/site-packages/lidar_mapper/lidar_mapper_node.py to lidar_mapper_node.cpython-310.pyc
running install_data
creating /ros2_ws/install/lidar_mapper/share/ament_index
creating /ros2_ws/install/lidar_mapper/share/ament_index/resource_index
creating /ros2_ws/install/lidar_mapper/share/ament_index/resource_index/packages
copying resource/lidar_mapper -> /ros2_ws/install/lidar_mapper/share/ament_index/resource_index/packages
copying package.xml -> /ros2_ws/install/lidar_mapper/share/lidar_mapper
running install_egg_info
Copying ../../build/lidar_mapper/lidar_mapper.egg-info to /ros2_ws/install/lidar_mapper/lib/python3.10/site-packages/lidar_mapper-0.0.0-py3.10.egg-info
running install_scripts
Installing mapper script to /ros2_ws/install/lidar_mapper/lib/lidar_mapper
writing list of installed files to '/ros2_ws/build/lidar_mapper/install.log'
