[2.367s] Invoking command in '/ros2_ws/src/py_pubsub': PYTHONPATH=/ros2_ws/build/py_pubsub/prefix_override:/ros2_ws/install/py_pubsub/lib/python3.10/site-packages: /usr/bin/python3 -W ignore:setup.py install is deprecated setup.py egg_info --egg-base ../../build/py_pubsub build --build-base /ros2_ws/build/py_pubsub/build install --record /ros2_ws/build/py_pubsub/install.log --single-version-externally-managed install_data
[2.853s] running egg_info
[2.854s] writing ../../build/py_pubsub/py_pubsub.egg-info/PKG-INFO
[2.854s] writing dependency_links to ../../build/py_pubsub/py_pubsub.egg-info/dependency_links.txt
[2.855s] writing entry points to ../../build/py_pubsub/py_pubsub.egg-info/entry_points.txt
[2.855s] writing requirements to ../../build/py_pubsub/py_pubsub.egg-info/requires.txt
[2.855s] writing top-level names to ../../build/py_pubsub/py_pubsub.egg-info/top_level.txt
[2.860s] reading manifest file '../../build/py_pubsub/py_pubsub.egg-info/SOURCES.txt'
[2.861s] writing manifest file '../../build/py_pubsub/py_pubsub.egg-info/SOURCES.txt'
[2.862s] running build
[2.862s] running build_py
[2.863s] running install
[2.866s] running install_lib
[2.868s] running install_data
[2.868s] running install_egg_info
[2.873s] removing '/ros2_ws/install/py_pubsub/lib/python3.10/site-packages/py_pubsub-0.0.0-py3.10.egg-info' (and everything under it)
[2.874s] Copying ../../build/py_pubsub/py_pubsub.egg-info to /ros2_ws/install/py_pubsub/lib/python3.10/site-packages/py_pubsub-0.0.0-py3.10.egg-info
[2.878s] running install_scripts
[2.933s] Installing listener script to /ros2_ws/install/py_pubsub/lib/py_pubsub
[2.937s] Installing talker script to /ros2_ws/install/py_pubsub/lib/py_pubsub
[2.938s] writing list of installed files to '/ros2_ws/build/py_pubsub/install.log'
[3.022s] Invoked command in '/ros2_ws/src/py_pubsub' returned '0': PYTHONPATH=/ros2_ws/build/py_pubsub/prefix_override:/ros2_ws/install/py_pubsub/lib/python3.10/site-packages: /usr/bin/python3 -W ignore:setup.py install is deprecated setup.py egg_info --egg-base ../../build/py_pubsub build --build-base /ros2_ws/build/py_pubsub/build install --record /ros2_ws/build/py_pubsub/install.log --single-version-externally-managed install_data
