[4.874s] Invoking command in '/ros2_ws/src/lidar_map_publisher': PYTHONPATH=/ros2_ws/build/lidar_map_publisher/prefix_override:/ros2_ws/install/lidar_map_publisher/lib/python3.10/site-packages: /usr/bin/python3 -W ignore:setup.py install is deprecated setup.py egg_info --egg-base ../../build/lidar_map_publisher build --build-base /ros2_ws/build/lidar_map_publisher/build install --record /ros2_ws/build/lidar_map_publisher/install.log --single-version-externally-managed install_data
[5.651s] running egg_info
[5.653s] writing ../../build/lidar_map_publisher/lidar_map_publisher.egg-info/PKG-INFO
[5.654s] writing dependency_links to ../../build/lidar_map_publisher/lidar_map_publisher.egg-info/dependency_links.txt
[5.656s] writing entry points to ../../build/lidar_map_publisher/lidar_map_publisher.egg-info/entry_points.txt
[5.658s] writing requirements to ../../build/lidar_map_publisher/lidar_map_publisher.egg-info/requires.txt
[5.659s] writing top-level names to ../../build/lidar_map_publisher/lidar_map_publisher.egg-info/top_level.txt
[5.672s] reading manifest file '../../build/lidar_map_publisher/lidar_map_publisher.egg-info/SOURCES.txt'
[5.675s] writing manifest file '../../build/lidar_map_publisher/lidar_map_publisher.egg-info/SOURCES.txt'
[5.679s] running build
[5.680s] running build_py
[5.681s] running install
[5.681s] running install_lib
[5.681s] running install_data
[5.681s] running install_egg_info
[5.689s] removing '/ros2_ws/install/lidar_map_publisher/lib/python3.10/site-packages/lidar_map_publisher-0.0.0-py3.10.egg-info' (and everything under it)
[5.690s] Copying ../../build/lidar_map_publisher/lidar_map_publisher.egg-info to /ros2_ws/install/lidar_map_publisher/lib/python3.10/site-packages/lidar_map_publisher-0.0.0-py3.10.egg-info
[5.692s] running install_scripts
[5.784s] Installing map_publisher script to /ros2_ws/install/lidar_map_publisher/lib/lidar_map_publisher
[5.785s] writing list of installed files to '/ros2_ws/build/lidar_map_publisher/install.log'
[5.902s] Invoked command in '/ros2_ws/src/lidar_map_publisher' returned '0': PYTHONPATH=/ros2_ws/build/lidar_map_publisher/prefix_override:/ros2_ws/install/lidar_map_publisher/lib/python3.10/site-packages: /usr/bin/python3 -W ignore:setup.py install is deprecated setup.py egg_info --egg-base ../../build/lidar_map_publisher build --build-base /ros2_ws/build/lidar_map_publisher/build install --record /ros2_ws/build/lidar_map_publisher/install.log --single-version-externally-managed install_data
