[6.275s] Invoking command in '/ros2_ws/src/lidar_map_publisher': PYTHONPATH=/ros2_ws/build/lidar_map_publisher/prefix_override:/ros2_ws/install/lidar_map_publisher/lib/python3.10/site-packages: /usr/bin/python3 -W ignore:setup.py install is deprecated setup.py egg_info --egg-base ../../build/lidar_map_publisher build --build-base /ros2_ws/build/lidar_map_publisher/build install --record /ros2_ws/build/lidar_map_publisher/install.log --single-version-externally-managed install_data
[7.522s] running egg_info
[7.522s] writing ../../build/lidar_map_publisher/lidar_map_publisher.egg-info/PKG-INFO
[7.522s] writing dependency_links to ../../build/lidar_map_publisher/lidar_map_publisher.egg-info/dependency_links.txt
[7.522s] writing entry points to ../../build/lidar_map_publisher/lidar_map_publisher.egg-info/entry_points.txt
[7.523s] writing requirements to ../../build/lidar_map_publisher/lidar_map_publisher.egg-info/requires.txt
[7.523s] writing top-level names to ../../build/lidar_map_publisher/lidar_map_publisher.egg-info/top_level.txt
[7.533s] reading manifest file '../../build/lidar_map_publisher/lidar_map_publisher.egg-info/SOURCES.txt'
[7.546s] writing manifest file '../../build/lidar_map_publisher/lidar_map_publisher.egg-info/SOURCES.txt'
[7.548s] running build
[7.548s] running build_py
[7.551s] running install
[7.552s] running install_lib
[7.555s] running install_data
[7.559s] running install_egg_info
[7.565s] removing '/ros2_ws/install/lidar_map_publisher/lib/python3.10/site-packages/lidar_map_publisher-0.0.0-py3.10.egg-info' (and everything under it)
[7.572s] Copying ../../build/lidar_map_publisher/lidar_map_publisher.egg-info to /ros2_ws/install/lidar_map_publisher/lib/python3.10/site-packages/lidar_map_publisher-0.0.0-py3.10.egg-info
[7.576s] running install_scripts
[7.676s] Installing map_publisher script to /ros2_ws/install/lidar_map_publisher/lib/lidar_map_publisher
[7.687s] writing list of installed files to '/ros2_ws/build/lidar_map_publisher/install.log'
[7.877s] Invoked command in '/ros2_ws/src/lidar_map_publisher' returned '0': PYTHONPATH=/ros2_ws/build/lidar_map_publisher/prefix_override:/ros2_ws/install/lidar_map_publisher/lib/python3.10/site-packages: /usr/bin/python3 -W ignore:setup.py install is deprecated setup.py egg_info --egg-base ../../build/lidar_map_publisher build --build-base /ros2_ws/build/lidar_map_publisher/build install --record /ros2_ws/build/lidar_map_publisher/install.log --single-version-externally-managed install_data
