[6.525s] Invoking command in '/ros2_ws/src/py_pubsub': PYTHONPATH=/ros2_ws/build/py_pubsub/prefix_override:/ros2_ws/install/py_pubsub/lib/python3.10/site-packages: /usr/bin/python3 -W ignore:setup.py install is deprecated setup.py egg_info --egg-base ../../build/py_pubsub build --build-base /ros2_ws/build/py_pubsub/build install --record /ros2_ws/build/py_pubsub/install.log --single-version-externally-managed install_data
[7.597s] running egg_info
[7.598s] writing ../../build/py_pubsub/py_pubsub.egg-info/PKG-INFO
[7.598s] writing dependency_links to ../../build/py_pubsub/py_pubsub.egg-info/dependency_links.txt
[7.598s] writing entry points to ../../build/py_pubsub/py_pubsub.egg-info/entry_points.txt
[7.598s] writing requirements to ../../build/py_pubsub/py_pubsub.egg-info/requires.txt
[7.599s] writing top-level names to ../../build/py_pubsub/py_pubsub.egg-info/top_level.txt
[7.610s] reading manifest file '../../build/py_pubsub/py_pubsub.egg-info/SOURCES.txt'
[7.611s] writing manifest file '../../build/py_pubsub/py_pubsub.egg-info/SOURCES.txt'
[7.612s] running build
[7.612s] running build_py
[7.613s] running install
[7.615s] running install_lib
[7.628s] running install_data
[7.629s] running install_egg_info
[7.639s] removing '/ros2_ws/install/py_pubsub/lib/python3.10/site-packages/py_pubsub-0.0.0-py3.10.egg-info' (and everything under it)
[7.641s] Copying ../../build/py_pubsub/py_pubsub.egg-info to /ros2_ws/install/py_pubsub/lib/python3.10/site-packages/py_pubsub-0.0.0-py3.10.egg-info
[7.645s] running install_scripts
[7.758s] Installing listener script to /ros2_ws/install/py_pubsub/lib/py_pubsub
[7.760s] Installing talker script to /ros2_ws/install/py_pubsub/lib/py_pubsub
[7.771s] writing list of installed files to '/ros2_ws/build/py_pubsub/install.log'
[7.876s] Invoked command in '/ros2_ws/src/py_pubsub' returned '0': PYTHONPATH=/ros2_ws/build/py_pubsub/prefix_override:/ros2_ws/install/py_pubsub/lib/python3.10/site-packages: /usr/bin/python3 -W ignore:setup.py install is deprecated setup.py egg_info --egg-base ../../build/py_pubsub build --build-base /ros2_ws/build/py_pubsub/build install --record /ros2_ws/build/py_pubsub/install.log --single-version-externally-managed install_data
