[5.652s] Invoking command in '/ros2_ws/src/RobotAutonomy': PYTHONPATH=/ros2_ws/build/my_turtlebot/prefix_override:/ros2_ws/install/my_turtlebot/lib/python3.10/site-packages: /usr/bin/python3 -W ignore:setup.py install is deprecated setup.py egg_info --egg-base ../../build/my_turtlebot build --build-base /ros2_ws/build/my_turtlebot/build install --record /ros2_ws/build/my_turtlebot/install.log --single-version-externally-managed install_data
[6.692s] running egg_info
[6.693s] writing ../../build/my_turtlebot/my_turtlebot.egg-info/PKG-INFO
[6.694s] writing dependency_links to ../../build/my_turtlebot/my_turtlebot.egg-info/dependency_links.txt
[6.707s] writing entry points to ../../build/my_turtlebot/my_turtlebot.egg-info/entry_points.txt
[6.707s] writing requirements to ../../build/my_turtlebot/my_turtlebot.egg-info/requires.txt
[6.707s] writing top-level names to ../../build/my_turtlebot/my_turtlebot.egg-info/top_level.txt
[6.714s] reading manifest file '../../build/my_turtlebot/my_turtlebot.egg-info/SOURCES.txt'
[6.786s] writing manifest file '../../build/my_turtlebot/my_turtlebot.egg-info/SOURCES.txt'
[6.786s] running build
[6.786s] running build_py
[6.787s] running install
[6.787s] running install_lib
[6.792s] running install_data
[6.831s] running install_egg_info
[6.846s] removing '/ros2_ws/install/my_turtlebot/lib/python3.10/site-packages/my_turtlebot-0.0.0-py3.10.egg-info' (and everything under it)
[6.847s] Copying ../../build/my_turtlebot/my_turtlebot.egg-info to /ros2_ws/install/my_turtlebot/lib/python3.10/site-packages/my_turtlebot-0.0.0-py3.10.egg-info
[6.848s] running install_scripts
[6.994s] writing list of installed files to '/ros2_ws/build/my_turtlebot/install.log'
[7.151s] Invoked command in '/ros2_ws/src/RobotAutonomy' returned '0': PYTHONPATH=/ros2_ws/build/my_turtlebot/prefix_override:/ros2_ws/install/my_turtlebot/lib/python3.10/site-packages: /usr/bin/python3 -W ignore:setup.py install is deprecated setup.py egg_info --egg-base ../../build/my_turtlebot build --build-base /ros2_ws/build/my_turtlebot/build install --record /ros2_ws/build/my_turtlebot/install.log --single-version-externally-managed install_data
