[4.945s] Invoking command in '/ros2_ws/src/lidar_mapper': PYTHONPATH=/ros2_ws/build/lidar_mapper/prefix_override:/ros2_ws/install/lidar_mapper/lib/python3.10/site-packages: /usr/bin/python3 -W ignore:setup.py install is deprecated setup.py egg_info --egg-base ../../build/lidar_mapper build --build-base /ros2_ws/build/lidar_mapper/build install --record /ros2_ws/build/lidar_mapper/install.log --single-version-externally-managed install_data
[5.772s] running egg_info
[5.774s] writing ../../build/lidar_mapper/lidar_mapper.egg-info/PKG-INFO
[5.774s] writing dependency_links to ../../build/lidar_mapper/lidar_mapper.egg-info/dependency_links.txt
[5.775s] writing entry points to ../../build/lidar_mapper/lidar_mapper.egg-info/entry_points.txt
[5.775s] writing requirements to ../../build/lidar_mapper/lidar_mapper.egg-info/requires.txt
[5.776s] writing top-level names to ../../build/lidar_mapper/lidar_mapper.egg-info/top_level.txt
[5.781s] reading manifest file '../../build/lidar_mapper/lidar_mapper.egg-info/SOURCES.txt'
[5.787s] writing manifest file '../../build/lidar_mapper/lidar_mapper.egg-info/SOURCES.txt'
[5.787s] running build
[5.787s] running build_py
[5.787s] copying lidar_mapper/lidar_mapper_node.py -> /ros2_ws/build/lidar_mapper/build/lib/lidar_mapper
[5.788s] running install
[5.810s] running install_lib
[5.816s] copying /ros2_ws/build/lidar_mapper/build/lib/lidar_mapper/lidar_mapper_node.py -> /ros2_ws/install/lidar_mapper/lib/python3.10/site-packages/lidar_mapper
[5.817s] byte-compiling /ros2_ws/install/lidar_mapper/lib/python3.10/site-packages/lidar_mapper/lidar_mapper_node.py to lidar_mapper_node.cpython-310.pyc
[5.829s] running install_data
[5.830s] running install_egg_info
[5.831s] removing '/ros2_ws/install/lidar_mapper/lib/python3.10/site-packages/lidar_mapper-0.0.0-py3.10.egg-info' (and everything under it)
[5.832s] Copying ../../build/lidar_mapper/lidar_mapper.egg-info to /ros2_ws/install/lidar_mapper/lib/python3.10/site-packages/lidar_mapper-0.0.0-py3.10.egg-info
[5.832s] running install_scripts
[5.914s] Installing mapper script to /ros2_ws/install/lidar_mapper/lib/lidar_mapper
[5.915s] writing list of installed files to '/ros2_ws/build/lidar_mapper/install.log'
[6.029s] Invoked command in '/ros2_ws/src/lidar_mapper' returned '0': PYTHONPATH=/ros2_ws/build/lidar_mapper/prefix_override:/ros2_ws/install/lidar_mapper/lib/python3.10/site-packages: /usr/bin/python3 -W ignore:setup.py install is deprecated setup.py egg_info --egg-base ../../build/lidar_mapper build --build-base /ros2_ws/build/lidar_mapper/build install --record /ros2_ws/build/lidar_mapper/install.log --single-version-externally-managed install_data
