[0.296s] DEBUG:colcon:Command line arguments: ['/usr/bin/colcon', 'build']
[0.297s] DEBUG:colcon:Parsed command line arguments: Namespace(log_base=None, log_level=None, verb_name='build', build_base='build', install_base='install', merge_install=False, symlink_install=False, test_result_base=None, continue_on_error=False, executor='parallel', parallel_workers=8, event_handlers=None, ignore_user_meta=False, metas=['./colcon.meta'], base_paths=['.'], packages_ignore=None, packages_ignore_regex=None, paths=None, packages_up_to=None, packages_up_to_regex=None, packages_above=None, packages_above_and_dependencies=None, packages_above_depth=None, packages_select_by_dep=None, packages_skip_by_dep=None, packages_skip_up_to=None, packages_select_build_failed=False, packages_skip_build_finished=False, packages_select_test_failures=False, packages_skip_test_passed=False, packages_select=None, packages_skip=None, packages_select_regex=None, packages_skip_regex=None, packages_start=None, packages_end=None, allow_overriding=[], cmake_args=None, cmake_target=None, cmake_target_skip_unavailable=False, cmake_clean_cache=False, cmake_clean_first=False, cmake_force_configure=False, ament_cmake_args=None, catkin_cmake_args=None, catkin_skip_building_tests=False, verb_parser=<colcon_defaults.argument_parser.defaults.DefaultArgumentsDecorator object at 0x7f5d462c71f0>, verb_extension=<colcon_core.verb.build.BuildVerb object at 0x7f5d462c6860>, main=<bound method BuildVerb.main of <colcon_core.verb.build.BuildVerb object at 0x7f5d462c6860>>)
[0.769s] Level 1:colcon.colcon_core.package_discovery:discover_packages(colcon_meta) check parameters
[0.770s] Level 1:colcon.colcon_core.package_discovery:discover_packages(recursive) check parameters
[0.770s] Level 1:colcon.colcon_core.package_discovery:discover_packages(ignore) check parameters
[0.770s] Level 1:colcon.colcon_core.package_discovery:discover_packages(path) check parameters
[0.770s] Level 1:colcon.colcon_core.package_discovery:discover_packages(colcon_meta) discover
[0.771s] Level 1:colcon.colcon_core.package_discovery:discover_packages(recursive) discover
[0.771s] INFO:colcon.colcon_core.package_discovery:Crawling recursively for packages in '/ros2_ws'
[0.772s] Level 1:colcon.colcon_core.package_identification:_identify(.) by extensions ['ignore', 'ignore_ament_install']
[0.772s] Level 1:colcon.colcon_core.package_identification:_identify(.) by extension 'ignore'
[0.772s] Level 1:colcon.colcon_core.package_identification:_identify(.) by extension 'ignore_ament_install'
[0.773s] Level 1:colcon.colcon_core.package_identification:_identify(.) by extensions ['colcon_pkg']
[0.774s] Level 1:colcon.colcon_core.package_identification:_identify(.) by extension 'colcon_pkg'
[0.774s] Level 1:colcon.colcon_core.package_identification:_identify(.) by extensions ['colcon_meta']
[0.775s] Level 1:colcon.colcon_core.package_identification:_identify(.) by extension 'colcon_meta'
[0.775s] Level 1:colcon.colcon_core.package_identification:_identify(.) by extensions ['ros']
[0.775s] Level 1:colcon.colcon_core.package_identification:_identify(.) by extension 'ros'
[0.813s] Level 1:colcon.colcon_core.package_identification:_identify(.) by extensions ['cmake', 'python']
[0.813s] Level 1:colcon.colcon_core.package_identification:_identify(.) by extension 'cmake'
[0.813s] Level 1:colcon.colcon_core.package_identification:_identify(.) by extension 'python'
[0.814s] Level 1:colcon.colcon_core.package_identification:_identify(.) by extensions ['python_setup_py']
[0.814s] Level 1:colcon.colcon_core.package_identification:_identify(.) by extension 'python_setup_py'
[0.814s] Level 1:colcon.colcon_core.package_identification:_identify(build) by extensions ['ignore', 'ignore_ament_install']
[0.814s] Level 1:colcon.colcon_core.package_identification:_identify(build) by extension 'ignore'
[0.814s] Level 1:colcon.colcon_core.package_identification:_identify(build) ignored
[0.815s] Level 1:colcon.colcon_core.package_identification:_identify(install) by extensions ['ignore', 'ignore_ament_install']
[0.815s] Level 1:colcon.colcon_core.package_identification:_identify(install) by extension 'ignore'
[0.815s] Level 1:colcon.colcon_core.package_identification:_identify(install) ignored
[0.815s] Level 1:colcon.colcon_core.package_identification:_identify(log) by extensions ['ignore', 'ignore_ament_install']
[0.816s] Level 1:colcon.colcon_core.package_identification:_identify(log) by extension 'ignore'
[0.816s] Level 1:colcon.colcon_core.package_identification:_identify(log) ignored
[0.816s] Level 1:colcon.colcon_core.package_identification:_identify(src) by extensions ['ignore', 'ignore_ament_install']
[0.816s] Level 1:colcon.colcon_core.package_identification:_identify(src) by extension 'ignore'
[0.816s] Level 1:colcon.colcon_core.package_identification:_identify(src) by extension 'ignore_ament_install'
[0.817s] Level 1:colcon.colcon_core.package_identification:_identify(src) by extensions ['colcon_pkg']
[0.817s] Level 1:colcon.colcon_core.package_identification:_identify(src) by extension 'colcon_pkg'
[0.817s] Level 1:colcon.colcon_core.package_identification:_identify(src) by extensions ['colcon_meta']
[0.817s] Level 1:colcon.colcon_core.package_identification:_identify(src) by extension 'colcon_meta'
[0.817s] Level 1:colcon.colcon_core.package_identification:_identify(src) by extensions ['ros']
[0.817s] Level 1:colcon.colcon_core.package_identification:_identify(src) by extension 'ros'
[0.817s] Level 1:colcon.colcon_core.package_identification:_identify(src) by extensions ['cmake', 'python']
[0.817s] Level 1:colcon.colcon_core.package_identification:_identify(src) by extension 'cmake'
[0.817s] Level 1:colcon.colcon_core.package_identification:_identify(src) by extension 'python'
[0.817s] Level 1:colcon.colcon_core.package_identification:_identify(src) by extensions ['python_setup_py']
[0.817s] Level 1:colcon.colcon_core.package_identification:_identify(src) by extension 'python_setup_py'
[0.818s] Level 1:colcon.colcon_core.package_identification:_identify(src/RobotAutonomy) by extensions ['ignore', 'ignore_ament_install']
[0.818s] Level 1:colcon.colcon_core.package_identification:_identify(src/RobotAutonomy) by extension 'ignore'
[0.818s] Level 1:colcon.colcon_core.package_identification:_identify(src/RobotAutonomy) by extension 'ignore_ament_install'
[0.818s] Level 1:colcon.colcon_core.package_identification:_identify(src/RobotAutonomy) by extensions ['colcon_pkg']
[0.818s] Level 1:colcon.colcon_core.package_identification:_identify(src/RobotAutonomy) by extension 'colcon_pkg'
[0.818s] Level 1:colcon.colcon_core.package_identification:_identify(src/RobotAutonomy) by extensions ['colcon_meta']
[0.818s] Level 1:colcon.colcon_core.package_identification:_identify(src/RobotAutonomy) by extension 'colcon_meta'
[0.818s] Level 1:colcon.colcon_core.package_identification:_identify(src/RobotAutonomy) by extensions ['ros']
[0.818s] Level 1:colcon.colcon_core.package_identification:_identify(src/RobotAutonomy) by extension 'ros'
[0.825s] DEBUG:colcon.colcon_core.package_identification:Package 'src/RobotAutonomy' with type 'ros.ament_python' and name 'my_turtlebot'
[0.826s] Level 1:colcon.colcon_core.package_identification:_identify(src/build) by extensions ['ignore', 'ignore_ament_install']
[0.827s] Level 1:colcon.colcon_core.package_identification:_identify(src/build) by extension 'ignore'
[0.828s] Level 1:colcon.colcon_core.package_identification:_identify(src/build) ignored
[0.828s] Level 1:colcon.colcon_core.package_identification:_identify(src/install) by extensions ['ignore', 'ignore_ament_install']
[0.828s] Level 1:colcon.colcon_core.package_identification:_identify(src/install) by extension 'ignore'
[0.829s] Level 1:colcon.colcon_core.package_identification:_identify(src/install) ignored
[0.829s] Level 1:colcon.colcon_core.package_identification:_identify(src/lidar_map_publisher) by extensions ['ignore', 'ignore_ament_install']
[0.829s] Level 1:colcon.colcon_core.package_identification:_identify(src/lidar_map_publisher) by extension 'ignore'
[0.829s] Level 1:colcon.colcon_core.package_identification:_identify(src/lidar_map_publisher) by extension 'ignore_ament_install'
[0.829s] Level 1:colcon.colcon_core.package_identification:_identify(src/lidar_map_publisher) by extensions ['colcon_pkg']
[0.830s] Level 1:colcon.colcon_core.package_identification:_identify(src/lidar_map_publisher) by extension 'colcon_pkg'
[0.830s] Level 1:colcon.colcon_core.package_identification:_identify(src/lidar_map_publisher) by extensions ['colcon_meta']
[0.830s] Level 1:colcon.colcon_core.package_identification:_identify(src/lidar_map_publisher) by extension 'colcon_meta'
[0.831s] Level 1:colcon.colcon_core.package_identification:_identify(src/lidar_map_publisher) by extensions ['ros']
[0.831s] Level 1:colcon.colcon_core.package_identification:_identify(src/lidar_map_publisher) by extension 'ros'
[0.834s] DEBUG:colcon.colcon_core.package_identification:Package 'src/lidar_map_publisher' with type 'ros.ament_python' and name 'lidar_map_publisher'
[0.834s] Level 1:colcon.colcon_core.package_identification:_identify(src/lidar_mapper) by extensions ['ignore', 'ignore_ament_install']
[0.834s] Level 1:colcon.colcon_core.package_identification:_identify(src/lidar_mapper) by extension 'ignore'
[0.834s] Level 1:colcon.colcon_core.package_identification:_identify(src/lidar_mapper) by extension 'ignore_ament_install'
[0.835s] Level 1:colcon.colcon_core.package_identification:_identify(src/lidar_mapper) by extensions ['colcon_pkg']
[0.835s] Level 1:colcon.colcon_core.package_identification:_identify(src/lidar_mapper) by extension 'colcon_pkg'
[0.835s] Level 1:colcon.colcon_core.package_identification:_identify(src/lidar_mapper) by extensions ['colcon_meta']
[0.835s] Level 1:colcon.colcon_core.package_identification:_identify(src/lidar_mapper) by extension 'colcon_meta'
[0.835s] Level 1:colcon.colcon_core.package_identification:_identify(src/lidar_mapper) by extensions ['ros']
[0.835s] Level 1:colcon.colcon_core.package_identification:_identify(src/lidar_mapper) by extension 'ros'
[0.836s] DEBUG:colcon.colcon_core.package_identification:Package 'src/lidar_mapper' with type 'ros.ament_python' and name 'lidar_mapper'
[0.837s] Level 1:colcon.colcon_core.package_identification:_identify(src/log) by extensions ['ignore', 'ignore_ament_install']
[0.837s] Level 1:colcon.colcon_core.package_identification:_identify(src/log) by extension 'ignore'
[0.837s] Level 1:colcon.colcon_core.package_identification:_identify(src/log) ignored
[0.837s] Level 1:colcon.colcon_core.package_identification:_identify(src/py_pubsub) by extensions ['ignore', 'ignore_ament_install']
[0.838s] Level 1:colcon.colcon_core.package_identification:_identify(src/py_pubsub) by extension 'ignore'
[0.838s] Level 1:colcon.colcon_core.package_identification:_identify(src/py_pubsub) by extension 'ignore_ament_install'
[0.838s] Level 1:colcon.colcon_core.package_identification:_identify(src/py_pubsub) by extensions ['colcon_pkg']
[0.838s] Level 1:colcon.colcon_core.package_identification:_identify(src/py_pubsub) by extension 'colcon_pkg'
[0.838s] Level 1:colcon.colcon_core.package_identification:_identify(src/py_pubsub) by extensions ['colcon_meta']
[0.838s] Level 1:colcon.colcon_core.package_identification:_identify(src/py_pubsub) by extension 'colcon_meta'
[0.839s] Level 1:colcon.colcon_core.package_identification:_identify(src/py_pubsub) by extensions ['ros']
[0.839s] Level 1:colcon.colcon_core.package_identification:_identify(src/py_pubsub) by extension 'ros'
[0.840s] DEBUG:colcon.colcon_core.package_identification:Package 'src/py_pubsub' with type 'ros.ament_python' and name 'py_pubsub'
[0.840s] Level 1:colcon.colcon_core.package_identification:_identify(src/test_nodes) by extensions ['ignore', 'ignore_ament_install']
[0.841s] Level 1:colcon.colcon_core.package_identification:_identify(src/test_nodes) by extension 'ignore'
[0.841s] Level 1:colcon.colcon_core.package_identification:_identify(src/test_nodes) by extension 'ignore_ament_install'
[0.841s] Level 1:colcon.colcon_core.package_identification:_identify(src/test_nodes) by extensions ['colcon_pkg']
[0.841s] Level 1:colcon.colcon_core.package_identification:_identify(src/test_nodes) by extension 'colcon_pkg'
[0.841s] Level 1:colcon.colcon_core.package_identification:_identify(src/test_nodes) by extensions ['colcon_meta']
[0.841s] Level 1:colcon.colcon_core.package_identification:_identify(src/test_nodes) by extension 'colcon_meta'
[0.841s] Level 1:colcon.colcon_core.package_identification:_identify(src/test_nodes) by extensions ['ros']
[0.842s] Level 1:colcon.colcon_core.package_identification:_identify(src/test_nodes) by extension 'ros'
[0.843s] DEBUG:colcon.colcon_core.package_identification:Package 'src/test_nodes' with type 'ros.ament_python' and name 'test_nodes'
[0.843s] Level 1:colcon.colcon_core.package_discovery:discover_packages(recursive) using defaults
[0.843s] Level 1:colcon.colcon_core.package_discovery:discover_packages(ignore) discover
[0.843s] Level 1:colcon.colcon_core.package_discovery:discover_packages(ignore) using defaults
[0.843s] Level 1:colcon.colcon_core.package_discovery:discover_packages(path) discover
[0.844s] Level 1:colcon.colcon_core.package_discovery:discover_packages(path) using defaults
[0.905s] Level 1:colcon.colcon_core.package_discovery:discover_packages(prefix_path) check parameters
[0.905s] Level 1:colcon.colcon_core.package_discovery:discover_packages(prefix_path) discover
[0.908s] Level 1:colcon.colcon_core.package_discovery:discover_packages(prefix_path) using defaults
[0.912s] Level 5:colcon.colcon_core.verb:set package 'lidar_map_publisher' build argument 'cmake_args' from command line to 'None'
[0.912s] Level 5:colcon.colcon_core.verb:set package 'lidar_map_publisher' build argument 'cmake_target' from command line to 'None'
[0.913s] Level 5:colcon.colcon_core.verb:set package 'lidar_map_publisher' build argument 'cmake_target_skip_unavailable' from command line to 'False'
[0.913s] Level 5:colcon.colcon_core.verb:set package 'lidar_map_publisher' build argument 'cmake_clean_cache' from command line to 'False'
[0.913s] Level 5:colcon.colcon_core.verb:set package 'lidar_map_publisher' build argument 'cmake_clean_first' from command line to 'False'
[0.914s] Level 5:colcon.colcon_core.verb:set package 'lidar_map_publisher' build argument 'cmake_force_configure' from command line to 'False'
[0.914s] Level 5:colcon.colcon_core.verb:set package 'lidar_map_publisher' build argument 'ament_cmake_args' from command line to 'None'
[0.914s] Level 5:colcon.colcon_core.verb:set package 'lidar_map_publisher' build argument 'catkin_cmake_args' from command line to 'None'
[0.914s] Level 5:colcon.colcon_core.verb:set package 'lidar_map_publisher' build argument 'catkin_skip_building_tests' from command line to 'False'
[0.915s] DEBUG:colcon.colcon_core.verb:Building package 'lidar_map_publisher' with the following arguments: {'ament_cmake_args': None, 'build_base': '/ros2_ws/build/lidar_map_publisher', 'catkin_cmake_args': None, 'catkin_skip_building_tests': False, 'cmake_args': None, 'cmake_clean_cache': False, 'cmake_clean_first': False, 'cmake_force_configure': False, 'cmake_target': None, 'cmake_target_skip_unavailable': False, 'install_base': '/ros2_ws/install/lidar_map_publisher', 'merge_install': False, 'path': '/ros2_ws/src/lidar_map_publisher', 'symlink_install': False, 'test_result_base': None}
[0.916s] Level 5:colcon.colcon_core.verb:set package 'lidar_mapper' build argument 'cmake_args' from command line to 'None'
[0.917s] Level 5:colcon.colcon_core.verb:set package 'lidar_mapper' build argument 'cmake_target' from command line to 'None'
[0.917s] Level 5:colcon.colcon_core.verb:set package 'lidar_mapper' build argument 'cmake_target_skip_unavailable' from command line to 'False'
[0.917s] Level 5:colcon.colcon_core.verb:set package 'lidar_mapper' build argument 'cmake_clean_cache' from command line to 'False'
[0.917s] Level 5:colcon.colcon_core.verb:set package 'lidar_mapper' build argument 'cmake_clean_first' from command line to 'False'
[0.918s] Level 5:colcon.colcon_core.verb:set package 'lidar_mapper' build argument 'cmake_force_configure' from command line to 'False'
[0.918s] Level 5:colcon.colcon_core.verb:set package 'lidar_mapper' build argument 'ament_cmake_args' from command line to 'None'
[0.918s] Level 5:colcon.colcon_core.verb:set package 'lidar_mapper' build argument 'catkin_cmake_args' from command line to 'None'
[0.918s] Level 5:colcon.colcon_core.verb:set package 'lidar_mapper' build argument 'catkin_skip_building_tests' from command line to 'False'
[0.919s] DEBUG:colcon.colcon_core.verb:Building package 'lidar_mapper' with the following arguments: {'ament_cmake_args': None, 'build_base': '/ros2_ws/build/lidar_mapper', 'catkin_cmake_args': None, 'catkin_skip_building_tests': False, 'cmake_args': None, 'cmake_clean_cache': False, 'cmake_clean_first': False, 'cmake_force_configure': False, 'cmake_target': None, 'cmake_target_skip_unavailable': False, 'install_base': '/ros2_ws/install/lidar_mapper', 'merge_install': False, 'path': '/ros2_ws/src/lidar_mapper', 'symlink_install': False, 'test_result_base': None}
[0.920s] Level 5:colcon.colcon_core.verb:set package 'my_turtlebot' build argument 'cmake_args' from command line to 'None'
[0.920s] Level 5:colcon.colcon_core.verb:set package 'my_turtlebot' build argument 'cmake_target' from command line to 'None'
[0.920s] Level 5:colcon.colcon_core.verb:set package 'my_turtlebot' build argument 'cmake_target_skip_unavailable' from command line to 'False'
[0.921s] Level 5:colcon.colcon_core.verb:set package 'my_turtlebot' build argument 'cmake_clean_cache' from command line to 'False'
[0.921s] Level 5:colcon.colcon_core.verb:set package 'my_turtlebot' build argument 'cmake_clean_first' from command line to 'False'
[0.921s] Level 5:colcon.colcon_core.verb:set package 'my_turtlebot' build argument 'cmake_force_configure' from command line to 'False'
[0.921s] Level 5:colcon.colcon_core.verb:set package 'my_turtlebot' build argument 'ament_cmake_args' from command line to 'None'
[0.922s] Level 5:colcon.colcon_core.verb:set package 'my_turtlebot' build argument 'catkin_cmake_args' from command line to 'None'
[0.922s] Level 5:colcon.colcon_core.verb:set package 'my_turtlebot' build argument 'catkin_skip_building_tests' from command line to 'False'
[0.922s] DEBUG:colcon.colcon_core.verb:Building package 'my_turtlebot' with the following arguments: {'ament_cmake_args': None, 'build_base': '/ros2_ws/build/my_turtlebot', 'catkin_cmake_args': None, 'catkin_skip_building_tests': False, 'cmake_args': None, 'cmake_clean_cache': False, 'cmake_clean_first': False, 'cmake_force_configure': False, 'cmake_target': None, 'cmake_target_skip_unavailable': False, 'install_base': '/ros2_ws/install/my_turtlebot', 'merge_install': False, 'path': '/ros2_ws/src/RobotAutonomy', 'symlink_install': False, 'test_result_base': None}
[0.925s] Level 5:colcon.colcon_core.verb:set package 'py_pubsub' build argument 'cmake_args' from command line to 'None'
[0.925s] Level 5:colcon.colcon_core.verb:set package 'py_pubsub' build argument 'cmake_target' from command line to 'None'
[0.925s] Level 5:colcon.colcon_core.verb:set package 'py_pubsub' build argument 'cmake_target_skip_unavailable' from command line to 'False'
[0.925s] Level 5:colcon.colcon_core.verb:set package 'py_pubsub' build argument 'cmake_clean_cache' from command line to 'False'
[0.926s] Level 5:colcon.colcon_core.verb:set package 'py_pubsub' build argument 'cmake_clean_first' from command line to 'False'
[0.926s] Level 5:colcon.colcon_core.verb:set package 'py_pubsub' build argument 'cmake_force_configure' from command line to 'False'
[0.926s] Level 5:colcon.colcon_core.verb:set package 'py_pubsub' build argument 'ament_cmake_args' from command line to 'None'
[0.927s] Level 5:colcon.colcon_core.verb:set package 'py_pubsub' build argument 'catkin_cmake_args' from command line to 'None'
[0.927s] Level 5:colcon.colcon_core.verb:set package 'py_pubsub' build argument 'catkin_skip_building_tests' from command line to 'False'
[0.927s] DEBUG:colcon.colcon_core.verb:Building package 'py_pubsub' with the following arguments: {'ament_cmake_args': None, 'build_base': '/ros2_ws/build/py_pubsub', 'catkin_cmake_args': None, 'catkin_skip_building_tests': False, 'cmake_args': None, 'cmake_clean_cache': False, 'cmake_clean_first': False, 'cmake_force_configure': False, 'cmake_target': None, 'cmake_target_skip_unavailable': False, 'install_base': '/ros2_ws/install/py_pubsub', 'merge_install': False, 'path': '/ros2_ws/src/py_pubsub', 'symlink_install': False, 'test_result_base': None}
[0.929s] Level 5:colcon.colcon_core.verb:set package 'test_nodes' build argument 'cmake_args' from command line to 'None'
[0.929s] Level 5:colcon.colcon_core.verb:set package 'test_nodes' build argument 'cmake_target' from command line to 'None'
[0.930s] Level 5:colcon.colcon_core.verb:set package 'test_nodes' build argument 'cmake_target_skip_unavailable' from command line to 'False'
[0.930s] Level 5:colcon.colcon_core.verb:set package 'test_nodes' build argument 'cmake_clean_cache' from command line to 'False'
[0.930s] Level 5:colcon.colcon_core.verb:set package 'test_nodes' build argument 'cmake_clean_first' from command line to 'False'
[0.931s] Level 5:colcon.colcon_core.verb:set package 'test_nodes' build argument 'cmake_force_configure' from command line to 'False'
[0.931s] Level 5:colcon.colcon_core.verb:set package 'test_nodes' build argument 'ament_cmake_args' from command line to 'None'
[0.931s] Level 5:colcon.colcon_core.verb:set package 'test_nodes' build argument 'catkin_cmake_args' from command line to 'None'
[0.932s] Level 5:colcon.colcon_core.verb:set package 'test_nodes' build argument 'catkin_skip_building_tests' from command line to 'False'
[0.932s] DEBUG:colcon.colcon_core.verb:Building package 'test_nodes' with the following arguments: {'ament_cmake_args': None, 'build_base': '/ros2_ws/build/test_nodes', 'catkin_cmake_args': None, 'catkin_skip_building_tests': False, 'cmake_args': None, 'cmake_clean_cache': False, 'cmake_clean_first': False, 'cmake_force_configure': False, 'cmake_target': None, 'cmake_target_skip_unavailable': False, 'install_base': '/ros2_ws/install/test_nodes', 'merge_install': False, 'path': '/ros2_ws/src/test_nodes', 'symlink_install': False, 'test_result_base': None}
[0.933s] INFO:colcon.colcon_core.executor:Executing jobs using 'parallel' executor
[0.943s] DEBUG:colcon.colcon_parallel_executor.executor.parallel:run_until_complete
[0.944s] INFO:colcon.colcon_ros.task.ament_python.build:Building ROS package in '/ros2_ws/src/lidar_map_publisher' with build type 'ament_python'
[0.945s] Level 1:colcon.colcon_core.shell:create_environment_hook('lidar_map_publisher', 'ament_prefix_path')
[0.950s] INFO:colcon.colcon_core.plugin_system:Skipping extension 'colcon_core.shell.bat': Not used on non-Windows systems
[0.953s] INFO:colcon.colcon_core.shell:Creating environment hook '/ros2_ws/install/lidar_map_publisher/share/lidar_map_publisher/hook/ament_prefix_path.ps1'
[0.962s] INFO:colcon.colcon_core.shell:Creating environment descriptor '/ros2_ws/install/lidar_map_publisher/share/lidar_map_publisher/hook/ament_prefix_path.dsv'
[0.963s] INFO:colcon.colcon_core.shell:Creating environment hook '/ros2_ws/install/lidar_map_publisher/share/lidar_map_publisher/hook/ament_prefix_path.sh'
[0.966s] INFO:colcon.colcon_core.shell:Skip shell extension 'powershell' for command environment: Not usable outside of PowerShell
[0.966s] DEBUG:colcon.colcon_core.shell:Skip shell extension 'dsv' for command environment
[0.972s] INFO:colcon.colcon_ros.task.ament_python.build:Building ROS package in '/ros2_ws/src/lidar_mapper' with build type 'ament_python'
[0.973s] Level 1:colcon.colcon_core.shell:create_environment_hook('lidar_mapper', 'ament_prefix_path')
[0.974s] INFO:colcon.colcon_core.shell:Creating environment hook '/ros2_ws/install/lidar_mapper/share/lidar_mapper/hook/ament_prefix_path.ps1'
[0.977s] INFO:colcon.colcon_core.shell:Creating environment descriptor '/ros2_ws/install/lidar_mapper/share/lidar_mapper/hook/ament_prefix_path.dsv'
[0.978s] INFO:colcon.colcon_core.shell:Creating environment hook '/ros2_ws/install/lidar_mapper/share/lidar_mapper/hook/ament_prefix_path.sh'
[0.980s] INFO:colcon.colcon_core.shell:Skip shell extension 'powershell' for command environment: Not usable outside of PowerShell
[0.980s] DEBUG:colcon.colcon_core.shell:Skip shell extension 'dsv' for command environment
[0.985s] INFO:colcon.colcon_ros.task.ament_python.build:Building ROS package in '/ros2_ws/src/RobotAutonomy' with build type 'ament_python'
[0.985s] Level 1:colcon.colcon_core.shell:create_environment_hook('my_turtlebot', 'ament_prefix_path')
[0.986s] INFO:colcon.colcon_core.shell:Creating environment hook '/ros2_ws/install/my_turtlebot/share/my_turtlebot/hook/ament_prefix_path.ps1'
[0.988s] INFO:colcon.colcon_core.shell:Creating environment descriptor '/ros2_ws/install/my_turtlebot/share/my_turtlebot/hook/ament_prefix_path.dsv'
[0.991s] INFO:colcon.colcon_core.shell:Creating environment hook '/ros2_ws/install/my_turtlebot/share/my_turtlebot/hook/ament_prefix_path.sh'
[0.993s] INFO:colcon.colcon_core.shell:Skip shell extension 'powershell' for command environment: Not usable outside of PowerShell
[0.995s] DEBUG:colcon.colcon_core.shell:Skip shell extension 'dsv' for command environment
[1.002s] INFO:colcon.colcon_ros.task.ament_python.build:Building ROS package in '/ros2_ws/src/py_pubsub' with build type 'ament_python'
[1.003s] Level 1:colcon.colcon_core.shell:create_environment_hook('py_pubsub', 'ament_prefix_path')
[1.004s] INFO:colcon.colcon_core.shell:Creating environment hook '/ros2_ws/install/py_pubsub/share/py_pubsub/hook/ament_prefix_path.ps1'
[1.006s] INFO:colcon.colcon_core.shell:Creating environment descriptor '/ros2_ws/install/py_pubsub/share/py_pubsub/hook/ament_prefix_path.dsv'
[1.007s] INFO:colcon.colcon_core.shell:Creating environment hook '/ros2_ws/install/py_pubsub/share/py_pubsub/hook/ament_prefix_path.sh'
[1.008s] INFO:colcon.colcon_core.shell:Skip shell extension 'powershell' for command environment: Not usable outside of PowerShell
[1.008s] DEBUG:colcon.colcon_core.shell:Skip shell extension 'dsv' for command environment
[1.014s] INFO:colcon.colcon_ros.task.ament_python.build:Building ROS package in '/ros2_ws/src/test_nodes' with build type 'ament_python'
[1.015s] Level 1:colcon.colcon_core.shell:create_environment_hook('test_nodes', 'ament_prefix_path')
[1.016s] INFO:colcon.colcon_core.shell:Creating environment hook '/ros2_ws/install/test_nodes/share/test_nodes/hook/ament_prefix_path.ps1'
[1.019s] INFO:colcon.colcon_core.shell:Creating environment descriptor '/ros2_ws/install/test_nodes/share/test_nodes/hook/ament_prefix_path.dsv'
[1.020s] INFO:colcon.colcon_core.shell:Creating environment hook '/ros2_ws/install/test_nodes/share/test_nodes/hook/ament_prefix_path.sh'
[1.022s] INFO:colcon.colcon_core.shell:Skip shell extension 'powershell' for command environment: Not usable outside of PowerShell
[1.023s] DEBUG:colcon.colcon_core.shell:Skip shell extension 'dsv' for command environment
[1.740s] INFO:colcon.colcon_core.task.python.build:Building Python package in '/ros2_ws/src/lidar_map_publisher'
[1.741s] INFO:colcon.colcon_core.shell:Skip shell extension 'powershell' for command environment: Not usable outside of PowerShell
[1.741s] DEBUG:colcon.colcon_core.shell:Skip shell extension 'dsv' for command environment
[2.402s] INFO:colcon.colcon_core.task.python.build:Building Python package in '/ros2_ws/src/lidar_mapper'
[2.403s] INFO:colcon.colcon_core.shell:Skip shell extension 'powershell' for command environment: Not usable outside of PowerShell
[2.404s] DEBUG:colcon.colcon_core.shell:Skip shell extension 'dsv' for command environment
[3.155s] INFO:colcon.colcon_core.task.python.build:Building Python package in '/ros2_ws/src/RobotAutonomy'
[3.156s] INFO:colcon.colcon_core.shell:Skip shell extension 'powershell' for command environment: Not usable outside of PowerShell
[3.156s] DEBUG:colcon.colcon_core.shell:Skip shell extension 'dsv' for command environment
[3.797s] INFO:colcon.colcon_core.task.python.build:Building Python package in '/ros2_ws/src/py_pubsub'
[3.797s] INFO:colcon.colcon_core.shell:Skip shell extension 'powershell' for command environment: Not usable outside of PowerShell
[3.797s] DEBUG:colcon.colcon_core.shell:Skip shell extension 'dsv' for command environment
[4.555s] INFO:colcon.colcon_core.task.python.build:Building Python package in '/ros2_ws/src/test_nodes'
[4.556s] INFO:colcon.colcon_core.shell:Skip shell extension 'powershell' for command environment: Not usable outside of PowerShell
[4.556s] DEBUG:colcon.colcon_core.shell:Skip shell extension 'dsv' for command environment
[6.285s] DEBUG:colcon.colcon_core.event_handler.log_command:Invoking command in '/ros2_ws/src/RobotAutonomy': PYTHONPATH=/ros2_ws/build/my_turtlebot/prefix_override:/ros2_ws/install/my_turtlebot/lib/python3.10/site-packages: /usr/bin/python3 -W ignore:setup.py install is deprecated setup.py egg_info --egg-base ../../build/my_turtlebot build --build-base /ros2_ws/build/my_turtlebot/build install --record /ros2_ws/build/my_turtlebot/install.log --single-version-externally-managed install_data
[6.337s] DEBUG:colcon.colcon_core.event_handler.log_command:Invoking command in '/ros2_ws/src/py_pubsub': PYTHONPATH=/ros2_ws/build/py_pubsub/prefix_override:/ros2_ws/install/py_pubsub/lib/python3.10/site-packages: /usr/bin/python3 -W ignore:setup.py install is deprecated setup.py egg_info --egg-base ../../build/py_pubsub build --build-base /ros2_ws/build/py_pubsub/build install --record /ros2_ws/build/py_pubsub/install.log --single-version-externally-managed install_data
[6.390s] DEBUG:colcon.colcon_core.event_handler.log_command:Invoking command in '/ros2_ws/src/lidar_map_publisher': PYTHONPATH=/ros2_ws/build/lidar_map_publisher/prefix_override:/ros2_ws/install/lidar_map_publisher/lib/python3.10/site-packages: /usr/bin/python3 -W ignore:setup.py install is deprecated setup.py egg_info --egg-base ../../build/lidar_map_publisher build --build-base /ros2_ws/build/lidar_map_publisher/build install --record /ros2_ws/build/lidar_map_publisher/install.log --single-version-externally-managed install_data
[6.404s] DEBUG:colcon.colcon_core.event_handler.log_command:Invoking command in '/ros2_ws/src/lidar_mapper': PYTHONPATH=/ros2_ws/build/lidar_mapper/prefix_override:/ros2_ws/install/lidar_mapper/lib/python3.10/site-packages: /usr/bin/python3 -W ignore:setup.py install is deprecated setup.py egg_info --egg-base ../../build/lidar_mapper build --build-base /ros2_ws/build/lidar_mapper/build install --record /ros2_ws/build/lidar_mapper/install.log --single-version-externally-managed install_data
[6.502s] DEBUG:colcon.colcon_core.event_handler.log_command:Invoking command in '/ros2_ws/src/test_nodes': PYTHONPATH=/ros2_ws/build/test_nodes/prefix_override:/ros2_ws/install/test_nodes/lib/python3.10/site-packages: /usr/bin/python3 -W ignore:setup.py install is deprecated setup.py egg_info --egg-base ../../build/test_nodes build --build-base /ros2_ws/build/test_nodes/build install --record /ros2_ws/build/test_nodes/install.log --single-version-externally-managed install_data
[7.323s] DEBUG:colcon.colcon_core.event_handler.log_command:Invoked command in '/ros2_ws/src/lidar_mapper' returned '0': PYTHONPATH=/ros2_ws/build/lidar_mapper/prefix_override:/ros2_ws/install/lidar_mapper/lib/python3.10/site-packages: /usr/bin/python3 -W ignore:setup.py install is deprecated setup.py egg_info --egg-base ../../build/lidar_mapper build --build-base /ros2_ws/build/lidar_mapper/build install --record /ros2_ws/build/lidar_mapper/install.log --single-version-externally-managed install_data
[7.329s] Level 1:colcon.colcon_core.environment:checking '/ros2_ws/install/lidar_mapper' for CMake module files
[7.331s] Level 1:colcon.colcon_core.environment:checking '/ros2_ws/install/lidar_mapper' for CMake config files
[7.334s] Level 1:colcon.colcon_core.environment:checking '/ros2_ws/install/lidar_mapper/lib'
[7.335s] Level 1:colcon.colcon_core.environment:checking '/ros2_ws/install/lidar_mapper/bin'
[7.335s] Level 1:colcon.colcon_core.environment:checking '/ros2_ws/install/lidar_mapper/lib/pkgconfig/lidar_mapper.pc'
[7.336s] Level 1:colcon.colcon_core.environment:checking '/ros2_ws/install/lidar_mapper/lib/python3.10/site-packages'
[7.337s] Level 1:colcon.colcon_core.shell:create_environment_hook('lidar_mapper', 'pythonpath')
[7.337s] INFO:colcon.colcon_core.shell:Creating environment hook '/ros2_ws/install/lidar_mapper/share/lidar_mapper/hook/pythonpath.ps1'
[7.340s] INFO:colcon.colcon_core.shell:Creating environment descriptor '/ros2_ws/install/lidar_mapper/share/lidar_mapper/hook/pythonpath.dsv'
[7.342s] INFO:colcon.colcon_core.shell:Creating environment hook '/ros2_ws/install/lidar_mapper/share/lidar_mapper/hook/pythonpath.sh'
[7.345s] Level 1:colcon.colcon_core.environment:checking '/ros2_ws/install/lidar_mapper/bin'
[7.345s] Level 1:colcon.colcon_core.environment:create_environment_scripts_only(lidar_mapper)
[7.353s] INFO:colcon.colcon_core.shell:Creating package script '/ros2_ws/install/lidar_mapper/share/lidar_mapper/package.ps1'
[7.360s] INFO:colcon.colcon_core.shell:Creating package descriptor '/ros2_ws/install/lidar_mapper/share/lidar_mapper/package.dsv'
[7.370s] INFO:colcon.colcon_core.shell:Creating package script '/ros2_ws/install/lidar_mapper/share/lidar_mapper/package.sh'
[7.374s] INFO:colcon.colcon_core.shell:Creating package script '/ros2_ws/install/lidar_mapper/share/lidar_mapper/package.bash'
[7.398s] INFO:colcon.colcon_core.shell:Creating package script '/ros2_ws/install/lidar_mapper/share/lidar_mapper/package.zsh'
[7.404s] Level 1:colcon.colcon_core.environment:create_file_with_runtime_dependencies(/ros2_ws/install/lidar_mapper/share/colcon-core/packages/lidar_mapper)
[7.478s] Level 1:colcon.colcon_core.environment:checking '/ros2_ws/install/my_turtlebot' for CMake module files
[7.479s] Level 1:colcon.colcon_core.environment:checking '/ros2_ws/install/my_turtlebot' for CMake config files
[7.486s] Level 1:colcon.colcon_core.environment:checking '/ros2_ws/install/my_turtlebot/lib'
[7.487s] Level 1:colcon.colcon_core.environment:checking '/ros2_ws/install/my_turtlebot/bin'
[7.487s] Level 1:colcon.colcon_core.environment:checking '/ros2_ws/install/my_turtlebot/lib/pkgconfig/my_turtlebot.pc'
[7.489s] Level 1:colcon.colcon_core.environment:checking '/ros2_ws/install/my_turtlebot/lib/python3.10/site-packages'
[7.489s] Level 1:colcon.colcon_core.shell:create_environment_hook('my_turtlebot', 'pythonpath')
[7.498s] DEBUG:colcon.colcon_core.event_handler.log_command:Invoked command in '/ros2_ws/src/RobotAutonomy' returned '0': PYTHONPATH=/ros2_ws/build/my_turtlebot/prefix_override:/ros2_ws/install/my_turtlebot/lib/python3.10/site-packages: /usr/bin/python3 -W ignore:setup.py install is deprecated setup.py egg_info --egg-base ../../build/my_turtlebot build --build-base /ros2_ws/build/my_turtlebot/build install --record /ros2_ws/build/my_turtlebot/install.log --single-version-externally-managed install_data
[7.501s] INFO:colcon.colcon_core.shell:Creating environment hook '/ros2_ws/install/my_turtlebot/share/my_turtlebot/hook/pythonpath.ps1'
[7.502s] INFO:colcon.colcon_core.shell:Creating environment descriptor '/ros2_ws/install/my_turtlebot/share/my_turtlebot/hook/pythonpath.dsv'
[7.503s] INFO:colcon.colcon_core.shell:Creating environment hook '/ros2_ws/install/my_turtlebot/share/my_turtlebot/hook/pythonpath.sh'
[7.505s] Level 1:colcon.colcon_core.environment:checking '/ros2_ws/install/my_turtlebot/bin'
[7.505s] Level 1:colcon.colcon_core.environment:create_environment_scripts_only(my_turtlebot)
[7.511s] INFO:colcon.colcon_core.shell:Creating package script '/ros2_ws/install/my_turtlebot/share/my_turtlebot/package.ps1'
[7.525s] INFO:colcon.colcon_core.shell:Creating package descriptor '/ros2_ws/install/my_turtlebot/share/my_turtlebot/package.dsv'
[7.529s] INFO:colcon.colcon_core.shell:Creating package script '/ros2_ws/install/my_turtlebot/share/my_turtlebot/package.sh'
[7.531s] INFO:colcon.colcon_core.shell:Creating package script '/ros2_ws/install/my_turtlebot/share/my_turtlebot/package.bash'
[7.533s] INFO:colcon.colcon_core.shell:Creating package script '/ros2_ws/install/my_turtlebot/share/my_turtlebot/package.zsh'
[7.534s] Level 1:colcon.colcon_core.environment:create_file_with_runtime_dependencies(/ros2_ws/install/my_turtlebot/share/colcon-core/packages/my_turtlebot)
[7.710s] Level 1:colcon.colcon_core.environment:checking '/ros2_ws/install/lidar_map_publisher' for CMake module files
[7.712s] Level 1:colcon.colcon_core.environment:checking '/ros2_ws/install/lidar_map_publisher' for CMake config files
[7.716s] Level 1:colcon.colcon_core.environment:checking '/ros2_ws/install/lidar_map_publisher/lib'
[7.716s] Level 1:colcon.colcon_core.environment:checking '/ros2_ws/install/lidar_map_publisher/bin'
[7.717s] Level 1:colcon.colcon_core.environment:checking '/ros2_ws/install/lidar_map_publisher/lib/pkgconfig/lidar_map_publisher.pc'
[7.717s] Level 1:colcon.colcon_core.environment:checking '/ros2_ws/install/lidar_map_publisher/lib/python3.10/site-packages'
[7.718s] Level 1:colcon.colcon_core.shell:create_environment_hook('lidar_map_publisher', 'pythonpath')
[7.719s] INFO:colcon.colcon_core.shell:Creating environment hook '/ros2_ws/install/lidar_map_publisher/share/lidar_map_publisher/hook/pythonpath.ps1'
[7.725s] DEBUG:colcon.colcon_core.event_handler.log_command:Invoked command in '/ros2_ws/src/lidar_map_publisher' returned '0': PYTHONPATH=/ros2_ws/build/lidar_map_publisher/prefix_override:/ros2_ws/install/lidar_map_publisher/lib/python3.10/site-packages: /usr/bin/python3 -W ignore:setup.py install is deprecated setup.py egg_info --egg-base ../../build/lidar_map_publisher build --build-base /ros2_ws/build/lidar_map_publisher/build install --record /ros2_ws/build/lidar_map_publisher/install.log --single-version-externally-managed install_data
[7.735s] INFO:colcon.colcon_core.shell:Creating environment descriptor '/ros2_ws/install/lidar_map_publisher/share/lidar_map_publisher/hook/pythonpath.dsv'
[7.739s] INFO:colcon.colcon_core.shell:Creating environment hook '/ros2_ws/install/lidar_map_publisher/share/lidar_map_publisher/hook/pythonpath.sh'
[7.741s] Level 1:colcon.colcon_core.environment:checking '/ros2_ws/install/lidar_map_publisher/bin'
[7.742s] Level 1:colcon.colcon_core.environment:create_environment_scripts_only(lidar_map_publisher)
[7.743s] INFO:colcon.colcon_core.shell:Creating package script '/ros2_ws/install/lidar_map_publisher/share/lidar_map_publisher/package.ps1'
[7.745s] INFO:colcon.colcon_core.shell:Creating package descriptor '/ros2_ws/install/lidar_map_publisher/share/lidar_map_publisher/package.dsv'
[7.746s] INFO:colcon.colcon_core.shell:Creating package script '/ros2_ws/install/lidar_map_publisher/share/lidar_map_publisher/package.sh'
[7.747s] INFO:colcon.colcon_core.shell:Creating package script '/ros2_ws/install/lidar_map_publisher/share/lidar_map_publisher/package.bash'
[7.748s] INFO:colcon.colcon_core.shell:Creating package script '/ros2_ws/install/lidar_map_publisher/share/lidar_map_publisher/package.zsh'
[7.748s] Level 1:colcon.colcon_core.environment:create_file_with_runtime_dependencies(/ros2_ws/install/lidar_map_publisher/share/colcon-core/packages/lidar_map_publisher)
[7.842s] Level 1:colcon.colcon_core.environment:checking '/ros2_ws/install/py_pubsub' for CMake module files
[7.843s] Level 1:colcon.colcon_core.environment:checking '/ros2_ws/install/py_pubsub' for CMake config files
[7.850s] DEBUG:colcon.colcon_core.event_handler.log_command:Invoked command in '/ros2_ws/src/py_pubsub' returned '0': PYTHONPATH=/ros2_ws/build/py_pubsub/prefix_override:/ros2_ws/install/py_pubsub/lib/python3.10/site-packages: /usr/bin/python3 -W ignore:setup.py install is deprecated setup.py egg_info --egg-base ../../build/py_pubsub build --build-base /ros2_ws/build/py_pubsub/build install --record /ros2_ws/build/py_pubsub/install.log --single-version-externally-managed install_data
[7.852s] Level 1:colcon.colcon_core.environment:checking '/ros2_ws/install/py_pubsub/lib'
[7.859s] Level 1:colcon.colcon_core.environment:checking '/ros2_ws/install/py_pubsub/bin'
[7.859s] Level 1:colcon.colcon_core.environment:checking '/ros2_ws/install/py_pubsub/lib/pkgconfig/py_pubsub.pc'
[7.860s] Level 1:colcon.colcon_core.environment:checking '/ros2_ws/install/py_pubsub/lib/python3.10/site-packages'
[7.860s] Level 1:colcon.colcon_core.shell:create_environment_hook('py_pubsub', 'pythonpath')
[7.874s] INFO:colcon.colcon_core.shell:Creating environment hook '/ros2_ws/install/py_pubsub/share/py_pubsub/hook/pythonpath.ps1'
[7.876s] INFO:colcon.colcon_core.shell:Creating environment descriptor '/ros2_ws/install/py_pubsub/share/py_pubsub/hook/pythonpath.dsv'
[7.877s] INFO:colcon.colcon_core.shell:Creating environment hook '/ros2_ws/install/py_pubsub/share/py_pubsub/hook/pythonpath.sh'
[7.890s] Level 1:colcon.colcon_core.environment:checking '/ros2_ws/install/py_pubsub/bin'
[7.890s] Level 1:colcon.colcon_core.environment:create_environment_scripts_only(py_pubsub)
[7.892s] INFO:colcon.colcon_core.shell:Creating package script '/ros2_ws/install/py_pubsub/share/py_pubsub/package.ps1'
[7.895s] INFO:colcon.colcon_core.shell:Creating package descriptor '/ros2_ws/install/py_pubsub/share/py_pubsub/package.dsv'
[7.903s] INFO:colcon.colcon_core.shell:Creating package script '/ros2_ws/install/py_pubsub/share/py_pubsub/package.sh'
[7.911s] INFO:colcon.colcon_core.shell:Creating package script '/ros2_ws/install/py_pubsub/share/py_pubsub/package.bash'
[7.913s] INFO:colcon.colcon_core.shell:Creating package script '/ros2_ws/install/py_pubsub/share/py_pubsub/package.zsh'
[7.915s] Level 1:colcon.colcon_core.environment:create_file_with_runtime_dependencies(/ros2_ws/install/py_pubsub/share/colcon-core/packages/py_pubsub)
[7.961s] Level 1:colcon.colcon_core.environment:checking '/ros2_ws/install/test_nodes' for CMake module files
[7.962s] DEBUG:colcon.colcon_core.event_handler.log_command:Invoked command in '/ros2_ws/src/test_nodes' returned '0': PYTHONPATH=/ros2_ws/build/test_nodes/prefix_override:/ros2_ws/install/test_nodes/lib/python3.10/site-packages: /usr/bin/python3 -W ignore:setup.py install is deprecated setup.py egg_info --egg-base ../../build/test_nodes build --build-base /ros2_ws/build/test_nodes/build install --record /ros2_ws/build/test_nodes/install.log --single-version-externally-managed install_data
[7.965s] Level 1:colcon.colcon_core.environment:checking '/ros2_ws/install/test_nodes' for CMake config files
[7.967s] Level 1:colcon.colcon_core.environment:checking '/ros2_ws/install/test_nodes/lib'
[7.967s] Level 1:colcon.colcon_core.environment:checking '/ros2_ws/install/test_nodes/bin'
[7.967s] Level 1:colcon.colcon_core.environment:checking '/ros2_ws/install/test_nodes/lib/pkgconfig/test_nodes.pc'
[7.968s] Level 1:colcon.colcon_core.environment:checking '/ros2_ws/install/test_nodes/lib/python3.10/site-packages'
[7.968s] Level 1:colcon.colcon_core.shell:create_environment_hook('test_nodes', 'pythonpath')
[7.968s] INFO:colcon.colcon_core.shell:Creating environment hook '/ros2_ws/install/test_nodes/share/test_nodes/hook/pythonpath.ps1'
[7.970s] INFO:colcon.colcon_core.shell:Creating environment descriptor '/ros2_ws/install/test_nodes/share/test_nodes/hook/pythonpath.dsv'
[7.970s] INFO:colcon.colcon_core.shell:Creating environment hook '/ros2_ws/install/test_nodes/share/test_nodes/hook/pythonpath.sh'
[7.972s] Level 1:colcon.colcon_core.environment:checking '/ros2_ws/install/test_nodes/bin'
[7.972s] Level 1:colcon.colcon_core.environment:create_environment_scripts_only(test_nodes)
[7.973s] INFO:colcon.colcon_core.shell:Creating package script '/ros2_ws/install/test_nodes/share/test_nodes/package.ps1'
[7.974s] INFO:colcon.colcon_core.shell:Creating package descriptor '/ros2_ws/install/test_nodes/share/test_nodes/package.dsv'
[7.975s] INFO:colcon.colcon_core.shell:Creating package script '/ros2_ws/install/test_nodes/share/test_nodes/package.sh'
[7.979s] INFO:colcon.colcon_core.shell:Creating package script '/ros2_ws/install/test_nodes/share/test_nodes/package.bash'
[7.980s] INFO:colcon.colcon_core.shell:Creating package script '/ros2_ws/install/test_nodes/share/test_nodes/package.zsh'
[7.981s] Level 1:colcon.colcon_core.environment:create_file_with_runtime_dependencies(/ros2_ws/install/test_nodes/share/colcon-core/packages/test_nodes)
[7.983s] DEBUG:colcon.colcon_parallel_executor.executor.parallel:closing loop
[7.985s] DEBUG:colcon.colcon_parallel_executor.executor.parallel:loop closed
[7.986s] DEBUG:colcon.colcon_parallel_executor.executor.parallel:run_until_complete finished with '0'
[7.989s] DEBUG:colcon.colcon_core.event_reactor:joining thread
[8.054s] INFO:colcon.colcon_core.plugin_system:Skipping extension 'colcon_notification.desktop_notification.terminal_notifier': Not used on non-Darwin systems
[8.056s] INFO:colcon.colcon_core.plugin_system:Skipping extension 'colcon_notification.desktop_notification.win32': Not used on non-Windows systems
[8.057s] INFO:colcon.colcon_notification.desktop_notification:Sending desktop notification using 'notify2'
[8.074s] DEBUG:colcon.colcon_notification.desktop_notification.notify2:Failed to initialize notify2: org.freedesktop.DBus.Error.Spawn.ExecFailed: /usr/bin/dbus-launch terminated abnormally with the following error: Authorization required, but no authorization protocol specified
Autolaunch error: X11 initialization failed.

[8.075s] DEBUG:colcon.colcon_core.event_reactor:joined thread
[8.076s] INFO:colcon.colcon_core.shell:Creating prefix script '/ros2_ws/install/local_setup.ps1'
[8.080s] INFO:colcon.colcon_core.shell:Creating prefix util module '/ros2_ws/install/_local_setup_util_ps1.py'
[8.085s] INFO:colcon.colcon_core.shell:Creating prefix chain script '/ros2_ws/install/setup.ps1'
[8.087s] INFO:colcon.colcon_core.shell:Creating prefix script '/ros2_ws/install/local_setup.sh'
[8.089s] INFO:colcon.colcon_core.shell:Creating prefix util module '/ros2_ws/install/_local_setup_util_sh.py'
[8.090s] INFO:colcon.colcon_core.shell:Creating prefix chain script '/ros2_ws/install/setup.sh'
[8.093s] INFO:colcon.colcon_core.shell:Creating prefix script '/ros2_ws/install/local_setup.bash'
[8.097s] INFO:colcon.colcon_core.shell:Creating prefix chain script '/ros2_ws/install/setup.bash'
[8.101s] INFO:colcon.colcon_core.shell:Creating prefix script '/ros2_ws/install/local_setup.zsh'
[8.103s] INFO:colcon.colcon_core.shell:Creating prefix chain script '/ros2_ws/install/setup.zsh'
