[5.045s] Invoking command in '/ros2_ws/src/py_pubsub': PYTHONPATH=/ros2_ws/build/py_pubsub/prefix_override:/ros2_ws/install/py_pubsub/lib/python3.10/site-packages: /usr/bin/python3 -W ignore:setup.py install is deprecated setup.py egg_info --egg-base ../../build/py_pubsub build --build-base /ros2_ws/build/py_pubsub/build install --record /ros2_ws/build/py_pubsub/install.log --single-version-externally-managed install_data
[5.864s] running egg_info
[5.870s] writing ../../build/py_pubsub/py_pubsub.egg-info/PKG-INFO
[5.871s] writing dependency_links to ../../build/py_pubsub/py_pubsub.egg-info/dependency_links.txt
[5.871s] writing entry points to ../../build/py_pubsub/py_pubsub.egg-info/entry_points.txt
[5.871s] writing requirements to ../../build/py_pubsub/py_pubsub.egg-info/requires.txt
[5.871s] writing top-level names to ../../build/py_pubsub/py_pubsub.egg-info/top_level.txt
[5.878s] reading manifest file '../../build/py_pubsub/py_pubsub.egg-info/SOURCES.txt'
[5.882s] writing manifest file '../../build/py_pubsub/py_pubsub.egg-info/SOURCES.txt'
[5.883s] running build
[5.887s] running build_py
[5.889s] running install
[5.896s] running install_lib
[5.917s] running install_data
[5.918s] running install_egg_info
[5.918s] removing '/ros2_ws/install/py_pubsub/lib/python3.10/site-packages/py_pubsub-0.0.0-py3.10.egg-info' (and everything under it)
[5.926s] Copying ../../build/py_pubsub/py_pubsub.egg-info to /ros2_ws/install/py_pubsub/lib/python3.10/site-packages/py_pubsub-0.0.0-py3.10.egg-info
[5.936s] running install_scripts
[6.006s] Installing listener script to /ros2_ws/install/py_pubsub/lib/py_pubsub
[6.008s] Installing talker script to /ros2_ws/install/py_pubsub/lib/py_pubsub
[6.009s] writing list of installed files to '/ros2_ws/build/py_pubsub/install.log'
[6.106s] Invoked command in '/ros2_ws/src/py_pubsub' returned '0': PYTHONPATH=/ros2_ws/build/py_pubsub/prefix_override:/ros2_ws/install/py_pubsub/lib/python3.10/site-packages: /usr/bin/python3 -W ignore:setup.py install is deprecated setup.py egg_info --egg-base ../../build/py_pubsub build --build-base /ros2_ws/build/py_pubsub/build install --record /ros2_ws/build/py_pubsub/install.log --single-version-externally-managed install_data
