[7.855s] Invoking command in '/ros2_ws/src/RobotAutonomy': PYTHONPATH=/ros2_ws/build/my_turtlebot/prefix_override:/ros2_ws/install/my_turtlebot/lib/python3.10/site-packages:${PYTHONPATH} /usr/bin/python3 -W ignore:setup.py install is deprecated setup.py egg_info --egg-base ../../build/my_turtlebot build --build-base /ros2_ws/build/my_turtlebot/build install --record /ros2_ws/build/my_turtlebot/install.log --single-version-externally-managed install_data
[9.755s] running egg_info
[9.758s] writing ../../build/my_turtlebot/my_turtlebot.egg-info/PKG-INFO
[9.760s] writing dependency_links to ../../build/my_turtlebot/my_turtlebot.egg-info/dependency_links.txt
[9.767s] writing entry points to ../../build/my_turtlebot/my_turtlebot.egg-info/entry_points.txt
[9.769s] writing requirements to ../../build/my_turtlebot/my_turtlebot.egg-info/requires.txt
[9.769s] writing top-level names to ../../build/my_turtlebot/my_turtlebot.egg-info/top_level.txt
[9.779s] reading manifest file '../../build/my_turtlebot/my_turtlebot.egg-info/SOURCES.txt'
[9.801s] writing manifest file '../../build/my_turtlebot/my_turtlebot.egg-info/SOURCES.txt'
[9.806s] running build
[9.806s] running build_py
[9.808s] running install
[9.809s] running install_lib
[9.820s] running install_data
[9.839s] running install_egg_info
[9.853s] removing '/ros2_ws/install/my_turtlebot/lib/python3.10/site-packages/my_turtlebot-0.0.0-py3.10.egg-info' (and everything under it)
[9.854s] Copying ../../build/my_turtlebot/my_turtlebot.egg-info to /ros2_ws/install/my_turtlebot/lib/python3.10/site-packages/my_turtlebot-0.0.0-py3.10.egg-info
[9.863s] running install_scripts
[9.971s] writing list of installed files to '/ros2_ws/build/my_turtlebot/install.log'
[10.068s] Invoked command in '/ros2_ws/src/RobotAutonomy' returned '0': PYTHONPATH=/ros2_ws/build/my_turtlebot/prefix_override:/ros2_ws/install/my_turtlebot/lib/python3.10/site-packages:${PYTHONPATH} /usr/bin/python3 -W ignore:setup.py install is deprecated setup.py egg_info --egg-base ../../build/my_turtlebot build --build-base /ros2_ws/build/my_turtlebot/build install --record /ros2_ws/build/my_turtlebot/install.log --single-version-externally-managed install_data
