[5.364s] Invoking command in '/ros2_ws/src/RobotAutonomy': PYTHONPATH=/ros2_ws/build/my_turtlebot/prefix_override:/ros2_ws/install/my_turtlebot/lib/python3.10/site-packages: /usr/bin/python3 -W ignore:setup.py install is deprecated setup.py egg_info --egg-base ../../build/my_turtlebot build --build-base /ros2_ws/build/my_turtlebot/build install --record /ros2_ws/build/my_turtlebot/install.log --single-version-externally-managed install_data
[6.637s] running egg_info
[6.644s] writing ../../build/my_turtlebot/my_turtlebot.egg-info/PKG-INFO
[6.645s] writing dependency_links to ../../build/my_turtlebot/my_turtlebot.egg-info/dependency_links.txt
[6.645s] writing entry points to ../../build/my_turtlebot/my_turtlebot.egg-info/entry_points.txt
[6.645s] writing requirements to ../../build/my_turtlebot/my_turtlebot.egg-info/requires.txt
[6.645s] writing top-level names to ../../build/my_turtlebot/my_turtlebot.egg-info/top_level.txt
[6.652s] reading manifest file '../../build/my_turtlebot/my_turtlebot.egg-info/SOURCES.txt'
[6.674s] writing manifest file '../../build/my_turtlebot/my_turtlebot.egg-info/SOURCES.txt'
[6.675s] running build
[6.675s] running build_py
[6.675s] running install
[6.677s] running install_lib
[6.682s] running install_data
[6.711s] running install_egg_info
[6.717s] removing '/ros2_ws/install/my_turtlebot/lib/python3.10/site-packages/my_turtlebot-0.0.0-py3.10.egg-info' (and everything under it)
[6.725s] Copying ../../build/my_turtlebot/my_turtlebot.egg-info to /ros2_ws/install/my_turtlebot/lib/python3.10/site-packages/my_turtlebot-0.0.0-py3.10.egg-info
[6.769s] running install_scripts
[6.931s] writing list of installed files to '/ros2_ws/build/my_turtlebot/install.log'
[7.025s] Invoked command in '/ros2_ws/src/RobotAutonomy' returned '0': PYTHONPATH=/ros2_ws/build/my_turtlebot/prefix_override:/ros2_ws/install/my_turtlebot/lib/python3.10/site-packages: /usr/bin/python3 -W ignore:setup.py install is deprecated setup.py egg_info --egg-base ../../build/my_turtlebot build --build-base /ros2_ws/build/my_turtlebot/build install --record /ros2_ws/build/my_turtlebot/install.log --single-version-externally-managed install_data
