[5.296s] Invoking command in '/ros2_ws/src/RobotAutonomy': PYTHONPATH=/ros2_ws/build/my_turtlebot/prefix_override:/ros2_ws/install/my_turtlebot/lib/python3.10/site-packages: /usr/bin/python3 -W ignore:setup.py install is deprecated setup.py egg_info --egg-base ../../build/my_turtlebot build --build-base /ros2_ws/build/my_turtlebot/build install --record /ros2_ws/build/my_turtlebot/install.log --single-version-externally-managed install_data
[6.136s] running egg_info
[6.158s] writing ../../build/my_turtlebot/my_turtlebot.egg-info/PKG-INFO
[6.159s] writing dependency_links to ../../build/my_turtlebot/my_turtlebot.egg-info/dependency_links.txt
[6.159s] writing entry points to ../../build/my_turtlebot/my_turtlebot.egg-info/entry_points.txt
[6.160s] writing requirements to ../../build/my_turtlebot/my_turtlebot.egg-info/requires.txt
[6.160s] writing top-level names to ../../build/my_turtlebot/my_turtlebot.egg-info/top_level.txt
[6.181s] reading manifest file '../../build/my_turtlebot/my_turtlebot.egg-info/SOURCES.txt'
[6.196s] writing manifest file '../../build/my_turtlebot/my_turtlebot.egg-info/SOURCES.txt'
[6.197s] running build
[6.197s] running build_py
[6.197s] running install
[6.199s] running install_lib
[6.202s] running install_data
[6.232s] running install_egg_info
[6.237s] removing '/ros2_ws/install/my_turtlebot/lib/python3.10/site-packages/my_turtlebot-0.0.0-py3.10.egg-info' (and everything under it)
[6.240s] Copying ../../build/my_turtlebot/my_turtlebot.egg-info to /ros2_ws/install/my_turtlebot/lib/python3.10/site-packages/my_turtlebot-0.0.0-py3.10.egg-info
[6.251s] running install_scripts
[6.370s] writing list of installed files to '/ros2_ws/build/my_turtlebot/install.log'
[6.510s] Invoked command in '/ros2_ws/src/RobotAutonomy' returned '0': PYTHONPATH=/ros2_ws/build/my_turtlebot/prefix_override:/ros2_ws/install/my_turtlebot/lib/python3.10/site-packages: /usr/bin/python3 -W ignore:setup.py install is deprecated setup.py egg_info --egg-base ../../build/my_turtlebot build --build-base /ros2_ws/build/my_turtlebot/build install --record /ros2_ws/build/my_turtlebot/install.log --single-version-externally-managed install_data
