[4.980s] Invoking command in '/ros2_ws/src/lidar_map_publisher': PYTHONPATH=/ros2_ws/build/lidar_map_publisher/prefix_override:/ros2_ws/install/lidar_map_publisher/lib/python3.10/site-packages: /usr/bin/python3 -W ignore:setup.py install is deprecated setup.py egg_info --egg-base ../../build/lidar_map_publisher build --build-base /ros2_ws/build/lidar_map_publisher/build install --record /ros2_ws/build/lidar_map_publisher/install.log --single-version-externally-managed install_data
[6.092s] running egg_info
[6.094s] writing ../../build/lidar_map_publisher/lidar_map_publisher.egg-info/PKG-INFO
[6.095s] writing dependency_links to ../../build/lidar_map_publisher/lidar_map_publisher.egg-info/dependency_links.txt
[6.096s] writing entry points to ../../build/lidar_map_publisher/lidar_map_publisher.egg-info/entry_points.txt
[6.096s] writing requirements to ../../build/lidar_map_publisher/lidar_map_publisher.egg-info/requires.txt
[6.096s] writing top-level names to ../../build/lidar_map_publisher/lidar_map_publisher.egg-info/top_level.txt
[6.103s] reading manifest file '../../build/lidar_map_publisher/lidar_map_publisher.egg-info/SOURCES.txt'
[6.106s] writing manifest file '../../build/lidar_map_publisher/lidar_map_publisher.egg-info/SOURCES.txt'
[6.107s] running build
[6.107s] running build_py
[6.107s] running install
[6.109s] running install_lib
[6.116s] running install_data
[6.118s] running install_egg_info
[6.129s] removing '/ros2_ws/install/lidar_map_publisher/lib/python3.10/site-packages/lidar_map_publisher-0.0.0-py3.10.egg-info' (and everything under it)
[6.129s] Copying ../../build/lidar_map_publisher/lidar_map_publisher.egg-info to /ros2_ws/install/lidar_map_publisher/lib/python3.10/site-packages/lidar_map_publisher-0.0.0-py3.10.egg-info
[6.129s] running install_scripts
[6.240s] Installing map_publisher script to /ros2_ws/install/lidar_map_publisher/lib/lidar_map_publisher
[6.241s] writing list of installed files to '/ros2_ws/build/lidar_map_publisher/install.log'
[6.364s] Invoked command in '/ros2_ws/src/lidar_map_publisher' returned '0': PYTHONPATH=/ros2_ws/build/lidar_map_publisher/prefix_override:/ros2_ws/install/lidar_map_publisher/lib/python3.10/site-packages: /usr/bin/python3 -W ignore:setup.py install is deprecated setup.py egg_info --egg-base ../../build/lidar_map_publisher build --build-base /ros2_ws/build/lidar_map_publisher/build install --record /ros2_ws/build/lidar_map_publisher/install.log --single-version-externally-managed install_data
