[0.281s] DEBUG:colcon:Command line arguments: ['/usr/bin/colcon', 'build']
[0.282s] DEBUG:colcon:Parsed command line arguments: Namespace(log_base=None, log_level=None, verb_name='build', build_base='build', install_base='install', merge_install=False, symlink_install=False, test_result_base=None, continue_on_error=False, executor='parallel', parallel_workers=8, event_handlers=None, ignore_user_meta=False, metas=['./colcon.meta'], base_paths=['.'], packages_ignore=None, packages_ignore_regex=None, paths=None, packages_up_to=None, packages_up_to_regex=None, packages_above=None, packages_above_and_dependencies=None, packages_above_depth=None, packages_select_by_dep=None, packages_skip_by_dep=None, packages_skip_up_to=None, packages_select_build_failed=False, packages_skip_build_finished=False, packages_select_test_failures=False, packages_skip_test_passed=False, packages_select=None, packages_skip=None, packages_select_regex=None, packages_skip_regex=None, packages_start=None, packages_end=None, allow_overriding=[], cmake_args=None, cmake_target=None, cmake_target_skip_unavailable=False, cmake_clean_cache=False, cmake_clean_first=False, cmake_force_configure=False, ament_cmake_args=None, catkin_cmake_args=None, catkin_skip_building_tests=False, verb_parser=<colcon_defaults.argument_parser.defaults.DefaultArgumentsDecorator object at 0x7f107139c490>, verb_extension=<colcon_core.verb.build.BuildVerb object at 0x7f1071363ac0>, main=<bound method BuildVerb.main of <colcon_core.verb.build.BuildVerb object at 0x7f1071363ac0>>)
[0.648s] Level 1:colcon.colcon_core.package_discovery:discover_packages(colcon_meta) check parameters
[0.648s] Level 1:colcon.colcon_core.package_discovery:discover_packages(recursive) check parameters
[0.649s] Level 1:colcon.colcon_core.package_discovery:discover_packages(ignore) check parameters
[0.649s] Level 1:colcon.colcon_core.package_discovery:discover_packages(path) check parameters
[0.649s] Level 1:colcon.colcon_core.package_discovery:discover_packages(colcon_meta) discover
[0.649s] Level 1:colcon.colcon_core.package_discovery:discover_packages(recursive) discover
[0.649s] INFO:colcon.colcon_core.package_discovery:Crawling recursively for packages in '/ros2_ws'
[0.649s] Level 1:colcon.colcon_core.package_identification:_identify(.) by extensions ['ignore', 'ignore_ament_install']
[0.649s] Level 1:colcon.colcon_core.package_identification:_identify(.) by extension 'ignore'
[0.649s] Level 1:colcon.colcon_core.package_identification:_identify(.) by extension 'ignore_ament_install'
[0.649s] Level 1:colcon.colcon_core.package_identification:_identify(.) by extensions ['colcon_pkg']
[0.650s] Level 1:colcon.colcon_core.package_identification:_identify(.) by extension 'colcon_pkg'
[0.650s] Level 1:colcon.colcon_core.package_identification:_identify(.) by extensions ['colcon_meta']
[0.650s] Level 1:colcon.colcon_core.package_identification:_identify(.) by extension 'colcon_meta'
[0.650s] Level 1:colcon.colcon_core.package_identification:_identify(.) by extensions ['ros']
[0.650s] Level 1:colcon.colcon_core.package_identification:_identify(.) by extension 'ros'
[0.674s] Level 1:colcon.colcon_core.package_identification:_identify(.) by extensions ['cmake', 'python']
[0.675s] Level 1:colcon.colcon_core.package_identification:_identify(.) by extension 'cmake'
[0.675s] Level 1:colcon.colcon_core.package_identification:_identify(.) by extension 'python'
[0.675s] Level 1:colcon.colcon_core.package_identification:_identify(.) by extensions ['python_setup_py']
[0.675s] Level 1:colcon.colcon_core.package_identification:_identify(.) by extension 'python_setup_py'
[0.675s] Level 1:colcon.colcon_core.package_identification:_identify(build) by extensions ['ignore', 'ignore_ament_install']
[0.675s] Level 1:colcon.colcon_core.package_identification:_identify(build) by extension 'ignore'
[0.675s] Level 1:colcon.colcon_core.package_identification:_identify(build) ignored
[0.676s] Level 1:colcon.colcon_core.package_identification:_identify(install) by extensions ['ignore', 'ignore_ament_install']
[0.676s] Level 1:colcon.colcon_core.package_identification:_identify(install) by extension 'ignore'
[0.676s] Level 1:colcon.colcon_core.package_identification:_identify(install) ignored
[0.677s] Level 1:colcon.colcon_core.package_identification:_identify(log) by extensions ['ignore', 'ignore_ament_install']
[0.677s] Level 1:colcon.colcon_core.package_identification:_identify(log) by extension 'ignore'
[0.677s] Level 1:colcon.colcon_core.package_identification:_identify(log) ignored
[0.677s] Level 1:colcon.colcon_core.package_identification:_identify(src) by extensions ['ignore', 'ignore_ament_install']
[0.677s] Level 1:colcon.colcon_core.package_identification:_identify(src) by extension 'ignore'
[0.678s] Level 1:colcon.colcon_core.package_identification:_identify(src) by extension 'ignore_ament_install'
[0.678s] Level 1:colcon.colcon_core.package_identification:_identify(src) by extensions ['colcon_pkg']
[0.678s] Level 1:colcon.colcon_core.package_identification:_identify(src) by extension 'colcon_pkg'
[0.678s] Level 1:colcon.colcon_core.package_identification:_identify(src) by extensions ['colcon_meta']
[0.678s] Level 1:colcon.colcon_core.package_identification:_identify(src) by extension 'colcon_meta'
[0.678s] Level 1:colcon.colcon_core.package_identification:_identify(src) by extensions ['ros']
[0.678s] Level 1:colcon.colcon_core.package_identification:_identify(src) by extension 'ros'
[0.678s] Level 1:colcon.colcon_core.package_identification:_identify(src) by extensions ['cmake', 'python']
[0.678s] Level 1:colcon.colcon_core.package_identification:_identify(src) by extension 'cmake'
[0.678s] Level 1:colcon.colcon_core.package_identification:_identify(src) by extension 'python'
[0.679s] Level 1:colcon.colcon_core.package_identification:_identify(src) by extensions ['python_setup_py']
[0.679s] Level 1:colcon.colcon_core.package_identification:_identify(src) by extension 'python_setup_py'
[0.679s] Level 1:colcon.colcon_core.package_identification:_identify(src/RobotAutonomy) by extensions ['ignore', 'ignore_ament_install']
[0.679s] Level 1:colcon.colcon_core.package_identification:_identify(src/RobotAutonomy) by extension 'ignore'
[0.679s] Level 1:colcon.colcon_core.package_identification:_identify(src/RobotAutonomy) by extension 'ignore_ament_install'
[0.680s] Level 1:colcon.colcon_core.package_identification:_identify(src/RobotAutonomy) by extensions ['colcon_pkg']
[0.680s] Level 1:colcon.colcon_core.package_identification:_identify(src/RobotAutonomy) by extension 'colcon_pkg'
[0.680s] Level 1:colcon.colcon_core.package_identification:_identify(src/RobotAutonomy) by extensions ['colcon_meta']
[0.680s] Level 1:colcon.colcon_core.package_identification:_identify(src/RobotAutonomy) by extension 'colcon_meta'
[0.680s] Level 1:colcon.colcon_core.package_identification:_identify(src/RobotAutonomy) by extensions ['ros']
[0.680s] Level 1:colcon.colcon_core.package_identification:_identify(src/RobotAutonomy) by extension 'ros'
[0.687s] DEBUG:colcon.colcon_core.package_identification:Package 'src/RobotAutonomy' with type 'ros.ament_python' and name 'my_turtlebot'
[0.687s] Level 1:colcon.colcon_core.package_identification:_identify(src/build) by extensions ['ignore', 'ignore_ament_install']
[0.687s] Level 1:colcon.colcon_core.package_identification:_identify(src/build) by extension 'ignore'
[0.688s] Level 1:colcon.colcon_core.package_identification:_identify(src/build) ignored
[0.688s] Level 1:colcon.colcon_core.package_identification:_identify(src/install) by extensions ['ignore', 'ignore_ament_install']
[0.688s] Level 1:colcon.colcon_core.package_identification:_identify(src/install) by extension 'ignore'
[0.689s] Level 1:colcon.colcon_core.package_identification:_identify(src/install) ignored
[0.689s] Level 1:colcon.colcon_core.package_identification:_identify(src/log) by extensions ['ignore', 'ignore_ament_install']
[0.689s] Level 1:colcon.colcon_core.package_identification:_identify(src/log) by extension 'ignore'
[0.689s] Level 1:colcon.colcon_core.package_identification:_identify(src/log) ignored
[0.689s] Level 1:colcon.colcon_core.package_identification:_identify(src/py_pubsub) by extensions ['ignore', 'ignore_ament_install']
[0.690s] Level 1:colcon.colcon_core.package_identification:_identify(src/py_pubsub) by extension 'ignore'
[0.690s] Level 1:colcon.colcon_core.package_identification:_identify(src/py_pubsub) by extension 'ignore_ament_install'
[0.690s] Level 1:colcon.colcon_core.package_identification:_identify(src/py_pubsub) by extensions ['colcon_pkg']
[0.690s] Level 1:colcon.colcon_core.package_identification:_identify(src/py_pubsub) by extension 'colcon_pkg'
[0.690s] Level 1:colcon.colcon_core.package_identification:_identify(src/py_pubsub) by extensions ['colcon_meta']
[0.690s] Level 1:colcon.colcon_core.package_identification:_identify(src/py_pubsub) by extension 'colcon_meta'
[0.690s] Level 1:colcon.colcon_core.package_identification:_identify(src/py_pubsub) by extensions ['ros']
[0.690s] Level 1:colcon.colcon_core.package_identification:_identify(src/py_pubsub) by extension 'ros'
[0.692s] DEBUG:colcon.colcon_core.package_identification:Package 'src/py_pubsub' with type 'ros.ament_python' and name 'py_pubsub'
[0.692s] Level 1:colcon.colcon_core.package_identification:_identify(test_nodes) by extensions ['ignore', 'ignore_ament_install']
[0.692s] Level 1:colcon.colcon_core.package_identification:_identify(test_nodes) by extension 'ignore'
[0.692s] Level 1:colcon.colcon_core.package_identification:_identify(test_nodes) by extension 'ignore_ament_install'
[0.693s] Level 1:colcon.colcon_core.package_identification:_identify(test_nodes) by extensions ['colcon_pkg']
[0.693s] Level 1:colcon.colcon_core.package_identification:_identify(test_nodes) by extension 'colcon_pkg'
[0.693s] Level 1:colcon.colcon_core.package_identification:_identify(test_nodes) by extensions ['colcon_meta']
[0.693s] Level 1:colcon.colcon_core.package_identification:_identify(test_nodes) by extension 'colcon_meta'
[0.694s] Level 1:colcon.colcon_core.package_identification:_identify(test_nodes) by extensions ['ros']
[0.694s] Level 1:colcon.colcon_core.package_identification:_identify(test_nodes) by extension 'ros'
[0.695s] DEBUG:colcon.colcon_core.package_identification:Package 'test_nodes' with type 'ros.ament_python' and name 'test_nodes'
[0.695s] Level 1:colcon.colcon_core.package_discovery:discover_packages(recursive) using defaults
[0.695s] Level 1:colcon.colcon_core.package_discovery:discover_packages(ignore) discover
[0.695s] Level 1:colcon.colcon_core.package_discovery:discover_packages(ignore) using defaults
[0.695s] Level 1:colcon.colcon_core.package_discovery:discover_packages(path) discover
[0.695s] Level 1:colcon.colcon_core.package_discovery:discover_packages(path) using defaults
[0.766s] Level 1:colcon.colcon_core.package_discovery:discover_packages(prefix_path) check parameters
[0.766s] Level 1:colcon.colcon_core.package_discovery:discover_packages(prefix_path) discover
[0.770s] DEBUG:colcon.colcon_installed_package_information.package_discovery:Found 402 installed packages in /opt/ros/humble
[0.773s] Level 1:colcon.colcon_core.package_discovery:discover_packages(prefix_path) using defaults
[0.896s] Level 5:colcon.colcon_core.verb:set package 'my_turtlebot' build argument 'cmake_args' from command line to 'None'
[0.897s] Level 5:colcon.colcon_core.verb:set package 'my_turtlebot' build argument 'cmake_target' from command line to 'None'
[0.897s] Level 5:colcon.colcon_core.verb:set package 'my_turtlebot' build argument 'cmake_target_skip_unavailable' from command line to 'False'
[0.897s] Level 5:colcon.colcon_core.verb:set package 'my_turtlebot' build argument 'cmake_clean_cache' from command line to 'False'
[0.897s] Level 5:colcon.colcon_core.verb:set package 'my_turtlebot' build argument 'cmake_clean_first' from command line to 'False'
[0.897s] Level 5:colcon.colcon_core.verb:set package 'my_turtlebot' build argument 'cmake_force_configure' from command line to 'False'
[0.897s] Level 5:colcon.colcon_core.verb:set package 'my_turtlebot' build argument 'ament_cmake_args' from command line to 'None'
[0.897s] Level 5:colcon.colcon_core.verb:set package 'my_turtlebot' build argument 'catkin_cmake_args' from command line to 'None'
[0.897s] Level 5:colcon.colcon_core.verb:set package 'my_turtlebot' build argument 'catkin_skip_building_tests' from command line to 'False'
[0.897s] DEBUG:colcon.colcon_core.verb:Building package 'my_turtlebot' with the following arguments: {'ament_cmake_args': None, 'build_base': '/ros2_ws/build/my_turtlebot', 'catkin_cmake_args': None, 'catkin_skip_building_tests': False, 'cmake_args': None, 'cmake_clean_cache': False, 'cmake_clean_first': False, 'cmake_force_configure': False, 'cmake_target': None, 'cmake_target_skip_unavailable': False, 'install_base': '/ros2_ws/install/my_turtlebot', 'merge_install': False, 'path': '/ros2_ws/src/RobotAutonomy', 'symlink_install': False, 'test_result_base': None}
[0.898s] Level 5:colcon.colcon_core.verb:set package 'py_pubsub' build argument 'cmake_args' from command line to 'None'
[0.898s] Level 5:colcon.colcon_core.verb:set package 'py_pubsub' build argument 'cmake_target' from command line to 'None'
[0.898s] Level 5:colcon.colcon_core.verb:set package 'py_pubsub' build argument 'cmake_target_skip_unavailable' from command line to 'False'
[0.898s] Level 5:colcon.colcon_core.verb:set package 'py_pubsub' build argument 'cmake_clean_cache' from command line to 'False'
[0.898s] Level 5:colcon.colcon_core.verb:set package 'py_pubsub' build argument 'cmake_clean_first' from command line to 'False'
[0.898s] Level 5:colcon.colcon_core.verb:set package 'py_pubsub' build argument 'cmake_force_configure' from command line to 'False'
[0.898s] Level 5:colcon.colcon_core.verb:set package 'py_pubsub' build argument 'ament_cmake_args' from command line to 'None'
[0.898s] Level 5:colcon.colcon_core.verb:set package 'py_pubsub' build argument 'catkin_cmake_args' from command line to 'None'
[0.898s] Level 5:colcon.colcon_core.verb:set package 'py_pubsub' build argument 'catkin_skip_building_tests' from command line to 'False'
[0.899s] DEBUG:colcon.colcon_core.verb:Building package 'py_pubsub' with the following arguments: {'ament_cmake_args': None, 'build_base': '/ros2_ws/build/py_pubsub', 'catkin_cmake_args': None, 'catkin_skip_building_tests': False, 'cmake_args': None, 'cmake_clean_cache': False, 'cmake_clean_first': False, 'cmake_force_configure': False, 'cmake_target': None, 'cmake_target_skip_unavailable': False, 'install_base': '/ros2_ws/install/py_pubsub', 'merge_install': False, 'path': '/ros2_ws/src/py_pubsub', 'symlink_install': False, 'test_result_base': None}
[0.900s] Level 5:colcon.colcon_core.verb:set package 'test_nodes' build argument 'cmake_args' from command line to 'None'
[0.900s] Level 5:colcon.colcon_core.verb:set package 'test_nodes' build argument 'cmake_target' from command line to 'None'
[0.902s] Level 5:colcon.colcon_core.verb:set package 'test_nodes' build argument 'cmake_target_skip_unavailable' from command line to 'False'
[0.902s] Level 5:colcon.colcon_core.verb:set package 'test_nodes' build argument 'cmake_clean_cache' from command line to 'False'
[0.903s] Level 5:colcon.colcon_core.verb:set package 'test_nodes' build argument 'cmake_clean_first' from command line to 'False'
[0.903s] Level 5:colcon.colcon_core.verb:set package 'test_nodes' build argument 'cmake_force_configure' from command line to 'False'
[0.903s] Level 5:colcon.colcon_core.verb:set package 'test_nodes' build argument 'ament_cmake_args' from command line to 'None'
[0.903s] Level 5:colcon.colcon_core.verb:set package 'test_nodes' build argument 'catkin_cmake_args' from command line to 'None'
[0.903s] Level 5:colcon.colcon_core.verb:set package 'test_nodes' build argument 'catkin_skip_building_tests' from command line to 'False'
[0.904s] DEBUG:colcon.colcon_core.verb:Building package 'test_nodes' with the following arguments: {'ament_cmake_args': None, 'build_base': '/ros2_ws/build/test_nodes', 'catkin_cmake_args': None, 'catkin_skip_building_tests': False, 'cmake_args': None, 'cmake_clean_cache': False, 'cmake_clean_first': False, 'cmake_force_configure': False, 'cmake_target': None, 'cmake_target_skip_unavailable': False, 'install_base': '/ros2_ws/install/test_nodes', 'merge_install': False, 'path': '/ros2_ws/test_nodes', 'symlink_install': False, 'test_result_base': None}
[0.904s] INFO:colcon.colcon_core.executor:Executing jobs using 'parallel' executor
[0.908s] DEBUG:colcon.colcon_parallel_executor.executor.parallel:run_until_complete
[0.908s] INFO:colcon.colcon_ros.task.ament_python.build:Building ROS package in '/ros2_ws/src/RobotAutonomy' with build type 'ament_python'
[0.909s] Level 1:colcon.colcon_core.shell:create_environment_hook('my_turtlebot', 'ament_prefix_path')
[0.913s] INFO:colcon.colcon_core.plugin_system:Skipping extension 'colcon_core.shell.bat': Not used on non-Windows systems
[0.913s] INFO:colcon.colcon_core.shell:Creating environment hook '/ros2_ws/install/my_turtlebot/share/my_turtlebot/hook/ament_prefix_path.ps1'
[0.915s] INFO:colcon.colcon_core.shell:Creating environment descriptor '/ros2_ws/install/my_turtlebot/share/my_turtlebot/hook/ament_prefix_path.dsv'
[0.916s] INFO:colcon.colcon_core.shell:Creating environment hook '/ros2_ws/install/my_turtlebot/share/my_turtlebot/hook/ament_prefix_path.sh'
[0.919s] INFO:colcon.colcon_core.shell:Skip shell extension 'powershell' for command environment: Not usable outside of PowerShell
[0.919s] DEBUG:colcon.colcon_core.shell:Skip shell extension 'dsv' for command environment
[0.926s] INFO:colcon.colcon_ros.task.ament_python.build:Building ROS package in '/ros2_ws/src/py_pubsub' with build type 'ament_python'
[0.926s] Level 1:colcon.colcon_core.shell:create_environment_hook('py_pubsub', 'ament_prefix_path')
[0.927s] INFO:colcon.colcon_core.shell:Creating environment hook '/ros2_ws/install/py_pubsub/share/py_pubsub/hook/ament_prefix_path.ps1'
[0.929s] INFO:colcon.colcon_core.shell:Creating environment descriptor '/ros2_ws/install/py_pubsub/share/py_pubsub/hook/ament_prefix_path.dsv'
[0.930s] INFO:colcon.colcon_core.shell:Creating environment hook '/ros2_ws/install/py_pubsub/share/py_pubsub/hook/ament_prefix_path.sh'
[0.931s] INFO:colcon.colcon_core.shell:Skip shell extension 'powershell' for command environment: Not usable outside of PowerShell
[0.931s] DEBUG:colcon.colcon_core.shell:Skip shell extension 'dsv' for command environment
[0.946s] INFO:colcon.colcon_ros.task.ament_python.build:Building ROS package in '/ros2_ws/test_nodes' with build type 'ament_python'
[0.946s] Level 1:colcon.colcon_core.shell:create_environment_hook('test_nodes', 'ament_prefix_path')
[0.947s] INFO:colcon.colcon_core.shell:Creating environment hook '/ros2_ws/install/test_nodes/share/test_nodes/hook/ament_prefix_path.ps1'
[0.948s] INFO:colcon.colcon_core.shell:Creating environment descriptor '/ros2_ws/install/test_nodes/share/test_nodes/hook/ament_prefix_path.dsv'
[0.949s] INFO:colcon.colcon_core.shell:Creating environment hook '/ros2_ws/install/test_nodes/share/test_nodes/hook/ament_prefix_path.sh'
[0.950s] INFO:colcon.colcon_core.shell:Skip shell extension 'powershell' for command environment: Not usable outside of PowerShell
[0.950s] DEBUG:colcon.colcon_core.shell:Skip shell extension 'dsv' for command environment
[1.605s] INFO:colcon.colcon_core.task.python.build:Building Python package in '/ros2_ws/src/RobotAutonomy'
[1.606s] INFO:colcon.colcon_core.shell:Skip shell extension 'powershell' for command environment: Not usable outside of PowerShell
[1.607s] DEBUG:colcon.colcon_core.shell:Skip shell extension 'dsv' for command environment
[2.214s] INFO:colcon.colcon_core.task.python.build:Building Python package in '/ros2_ws/src/py_pubsub'
[2.215s] INFO:colcon.colcon_core.shell:Skip shell extension 'powershell' for command environment: Not usable outside of PowerShell
[2.215s] DEBUG:colcon.colcon_core.shell:Skip shell extension 'dsv' for command environment
[2.813s] INFO:colcon.colcon_core.task.python.build:Building Python package in '/ros2_ws/test_nodes'
[2.815s] INFO:colcon.colcon_core.shell:Skip shell extension 'powershell' for command environment: Not usable outside of PowerShell
[2.816s] DEBUG:colcon.colcon_core.shell:Skip shell extension 'dsv' for command environment
[3.639s] DEBUG:colcon.colcon_core.event_handler.log_command:Invoking command in '/ros2_ws/src/py_pubsub': PYTHONPATH=/ros2_ws/build/py_pubsub/prefix_override:/ros2_ws/install/py_pubsub/lib/python3.10/site-packages:${PYTHONPATH} /usr/bin/python3 -W ignore:setup.py install is deprecated setup.py egg_info --egg-base ../../build/py_pubsub build --build-base /ros2_ws/build/py_pubsub/build install --record /ros2_ws/build/py_pubsub/install.log --single-version-externally-managed install_data
[3.683s] DEBUG:colcon.colcon_core.event_handler.log_command:Invoking command in '/ros2_ws/src/RobotAutonomy': PYTHONPATH=/ros2_ws/build/my_turtlebot/prefix_override:/ros2_ws/install/my_turtlebot/lib/python3.10/site-packages:${PYTHONPATH} /usr/bin/python3 -W ignore:setup.py install is deprecated setup.py egg_info --egg-base ../../build/my_turtlebot build --build-base /ros2_ws/build/my_turtlebot/build install --record /ros2_ws/build/my_turtlebot/install.log --single-version-externally-managed install_data
[3.690s] DEBUG:colcon.colcon_core.event_handler.log_command:Invoking command in '/ros2_ws/test_nodes': PYTHONPATH=/ros2_ws/build/test_nodes/prefix_override:/ros2_ws/install/test_nodes/lib/python3.10/site-packages:${PYTHONPATH} /usr/bin/python3 -W ignore:setup.py install is deprecated setup.py egg_info --egg-base ../build/test_nodes build --build-base /ros2_ws/build/test_nodes/build install --record /ros2_ws/build/test_nodes/install.log --single-version-externally-managed install_data
[4.265s] Level 1:colcon.colcon_core.environment:checking '/ros2_ws/install/py_pubsub' for CMake module files
[4.266s] Level 1:colcon.colcon_core.environment:checking '/ros2_ws/install/py_pubsub' for CMake config files
[4.267s] Level 1:colcon.colcon_core.environment:checking '/ros2_ws/install/py_pubsub/lib'
[4.267s] Level 1:colcon.colcon_core.environment:checking '/ros2_ws/install/py_pubsub/bin'
[4.268s] Level 1:colcon.colcon_core.environment:checking '/ros2_ws/install/py_pubsub/lib/pkgconfig/py_pubsub.pc'
[4.268s] Level 1:colcon.colcon_core.environment:checking '/ros2_ws/install/py_pubsub/lib/python3.10/site-packages'
[4.268s] Level 1:colcon.colcon_core.shell:create_environment_hook('py_pubsub', 'pythonpath')
[4.269s] INFO:colcon.colcon_core.shell:Creating environment hook '/ros2_ws/install/py_pubsub/share/py_pubsub/hook/pythonpath.ps1'
[4.270s] INFO:colcon.colcon_core.shell:Creating environment descriptor '/ros2_ws/install/py_pubsub/share/py_pubsub/hook/pythonpath.dsv'
[4.270s] INFO:colcon.colcon_core.shell:Creating environment hook '/ros2_ws/install/py_pubsub/share/py_pubsub/hook/pythonpath.sh'
[4.271s] DEBUG:colcon.colcon_core.event_handler.log_command:Invoked command in '/ros2_ws/src/py_pubsub' returned '0': PYTHONPATH=/ros2_ws/build/py_pubsub/prefix_override:/ros2_ws/install/py_pubsub/lib/python3.10/site-packages:${PYTHONPATH} /usr/bin/python3 -W ignore:setup.py install is deprecated setup.py egg_info --egg-base ../../build/py_pubsub build --build-base /ros2_ws/build/py_pubsub/build install --record /ros2_ws/build/py_pubsub/install.log --single-version-externally-managed install_data
[4.274s] Level 1:colcon.colcon_core.environment:checking '/ros2_ws/install/py_pubsub/bin'
[4.275s] Level 1:colcon.colcon_core.environment:create_environment_scripts_only(py_pubsub)
[4.276s] INFO:colcon.colcon_core.shell:Creating package script '/ros2_ws/install/py_pubsub/share/py_pubsub/package.ps1'
[4.278s] INFO:colcon.colcon_core.shell:Creating package descriptor '/ros2_ws/install/py_pubsub/share/py_pubsub/package.dsv'
[4.279s] INFO:colcon.colcon_core.shell:Creating package script '/ros2_ws/install/py_pubsub/share/py_pubsub/package.sh'
[4.280s] INFO:colcon.colcon_core.shell:Creating package script '/ros2_ws/install/py_pubsub/share/py_pubsub/package.bash'
[4.281s] INFO:colcon.colcon_core.shell:Creating package script '/ros2_ws/install/py_pubsub/share/py_pubsub/package.zsh'
[4.283s] Level 1:colcon.colcon_core.environment:create_file_with_runtime_dependencies(/ros2_ws/install/py_pubsub/share/colcon-core/packages/py_pubsub)
[4.332s] Level 1:colcon.colcon_core.environment:checking '/ros2_ws/install/my_turtlebot' for CMake module files
[4.333s] DEBUG:colcon.colcon_core.event_handler.log_command:Invoked command in '/ros2_ws/src/RobotAutonomy' returned '0': PYTHONPATH=/ros2_ws/build/my_turtlebot/prefix_override:/ros2_ws/install/my_turtlebot/lib/python3.10/site-packages:${PYTHONPATH} /usr/bin/python3 -W ignore:setup.py install is deprecated setup.py egg_info --egg-base ../../build/my_turtlebot build --build-base /ros2_ws/build/my_turtlebot/build install --record /ros2_ws/build/my_turtlebot/install.log --single-version-externally-managed install_data
[4.334s] Level 1:colcon.colcon_core.environment:checking '/ros2_ws/install/my_turtlebot' for CMake config files
[4.340s] Level 1:colcon.colcon_core.environment:checking '/ros2_ws/install/my_turtlebot/lib'
[4.340s] Level 1:colcon.colcon_core.environment:checking '/ros2_ws/install/my_turtlebot/bin'
[4.340s] Level 1:colcon.colcon_core.environment:checking '/ros2_ws/install/my_turtlebot/lib/pkgconfig/my_turtlebot.pc'
[4.341s] Level 1:colcon.colcon_core.environment:checking '/ros2_ws/install/my_turtlebot/lib/python3.10/site-packages'
[4.342s] Level 1:colcon.colcon_core.shell:create_environment_hook('my_turtlebot', 'pythonpath')
[4.343s] INFO:colcon.colcon_core.shell:Creating environment hook '/ros2_ws/install/my_turtlebot/share/my_turtlebot/hook/pythonpath.ps1'
[4.344s] INFO:colcon.colcon_core.shell:Creating environment descriptor '/ros2_ws/install/my_turtlebot/share/my_turtlebot/hook/pythonpath.dsv'
[4.345s] INFO:colcon.colcon_core.shell:Creating environment hook '/ros2_ws/install/my_turtlebot/share/my_turtlebot/hook/pythonpath.sh'
[4.346s] Level 1:colcon.colcon_core.environment:checking '/ros2_ws/install/my_turtlebot/bin'
[4.346s] Level 1:colcon.colcon_core.environment:create_environment_scripts_only(my_turtlebot)
[4.347s] INFO:colcon.colcon_core.shell:Creating package script '/ros2_ws/install/my_turtlebot/share/my_turtlebot/package.ps1'
[4.348s] INFO:colcon.colcon_core.shell:Creating package descriptor '/ros2_ws/install/my_turtlebot/share/my_turtlebot/package.dsv'
[4.349s] INFO:colcon.colcon_core.shell:Creating package script '/ros2_ws/install/my_turtlebot/share/my_turtlebot/package.sh'
[4.353s] INFO:colcon.colcon_core.shell:Creating package script '/ros2_ws/install/my_turtlebot/share/my_turtlebot/package.bash'
[4.354s] INFO:colcon.colcon_core.shell:Creating package script '/ros2_ws/install/my_turtlebot/share/my_turtlebot/package.zsh'
[4.355s] Level 1:colcon.colcon_core.environment:create_file_with_runtime_dependencies(/ros2_ws/install/my_turtlebot/share/colcon-core/packages/my_turtlebot)
[4.358s] Level 1:colcon.colcon_core.environment:checking '/ros2_ws/install/test_nodes' for CMake module files
[4.359s] DEBUG:colcon.colcon_core.event_handler.log_command:Invoked command in '/ros2_ws/test_nodes' returned '0': PYTHONPATH=/ros2_ws/build/test_nodes/prefix_override:/ros2_ws/install/test_nodes/lib/python3.10/site-packages:${PYTHONPATH} /usr/bin/python3 -W ignore:setup.py install is deprecated setup.py egg_info --egg-base ../build/test_nodes build --build-base /ros2_ws/build/test_nodes/build install --record /ros2_ws/build/test_nodes/install.log --single-version-externally-managed install_data
[4.360s] Level 1:colcon.colcon_core.environment:checking '/ros2_ws/install/test_nodes' for CMake config files
[4.361s] Level 1:colcon.colcon_core.environment:checking '/ros2_ws/install/test_nodes/lib'
[4.362s] Level 1:colcon.colcon_core.environment:checking '/ros2_ws/install/test_nodes/bin'
[4.362s] Level 1:colcon.colcon_core.environment:checking '/ros2_ws/install/test_nodes/lib/pkgconfig/test_nodes.pc'
[4.362s] Level 1:colcon.colcon_core.environment:checking '/ros2_ws/install/test_nodes/lib/python3.10/site-packages'
[4.362s] Level 1:colcon.colcon_core.shell:create_environment_hook('test_nodes', 'pythonpath')
[4.363s] INFO:colcon.colcon_core.shell:Creating environment hook '/ros2_ws/install/test_nodes/share/test_nodes/hook/pythonpath.ps1'
[4.364s] INFO:colcon.colcon_core.shell:Creating environment descriptor '/ros2_ws/install/test_nodes/share/test_nodes/hook/pythonpath.dsv'
[4.365s] INFO:colcon.colcon_core.shell:Creating environment hook '/ros2_ws/install/test_nodes/share/test_nodes/hook/pythonpath.sh'
[4.366s] Level 1:colcon.colcon_core.environment:checking '/ros2_ws/install/test_nodes/bin'
[4.366s] Level 1:colcon.colcon_core.environment:create_environment_scripts_only(test_nodes)
[4.367s] INFO:colcon.colcon_core.shell:Creating package script '/ros2_ws/install/test_nodes/share/test_nodes/package.ps1'
[4.368s] INFO:colcon.colcon_core.shell:Creating package descriptor '/ros2_ws/install/test_nodes/share/test_nodes/package.dsv'
[4.368s] INFO:colcon.colcon_core.shell:Creating package script '/ros2_ws/install/test_nodes/share/test_nodes/package.sh'
[4.369s] INFO:colcon.colcon_core.shell:Creating package script '/ros2_ws/install/test_nodes/share/test_nodes/package.bash'
[4.370s] INFO:colcon.colcon_core.shell:Creating package script '/ros2_ws/install/test_nodes/share/test_nodes/package.zsh'
[4.371s] Level 1:colcon.colcon_core.environment:create_file_with_runtime_dependencies(/ros2_ws/install/test_nodes/share/colcon-core/packages/test_nodes)
[4.372s] DEBUG:colcon.colcon_parallel_executor.executor.parallel:closing loop
[4.374s] DEBUG:colcon.colcon_parallel_executor.executor.parallel:loop closed
[4.375s] DEBUG:colcon.colcon_parallel_executor.executor.parallel:run_until_complete finished with '0'
[4.375s] DEBUG:colcon.colcon_core.event_reactor:joining thread
[4.384s] INFO:colcon.colcon_core.plugin_system:Skipping extension 'colcon_notification.desktop_notification.terminal_notifier': Not used on non-Darwin systems
[4.384s] INFO:colcon.colcon_core.plugin_system:Skipping extension 'colcon_notification.desktop_notification.win32': Not used on non-Windows systems
[4.384s] INFO:colcon.colcon_notification.desktop_notification:Sending desktop notification using 'notify2'
[4.384s] DEBUG:colcon.colcon_notification.desktop_notification.notify2:Failed to initialize notify2: org.freedesktop.DBus.Error.NotSupported: Unable to autolaunch a dbus-daemon without a $DISPLAY for X11
[4.384s] DEBUG:colcon.colcon_core.event_reactor:joined thread
[4.385s] INFO:colcon.colcon_core.shell:Creating prefix script '/ros2_ws/install/local_setup.ps1'
[4.387s] INFO:colcon.colcon_core.shell:Creating prefix util module '/ros2_ws/install/_local_setup_util_ps1.py'
[4.389s] INFO:colcon.colcon_core.shell:Creating prefix chain script '/ros2_ws/install/setup.ps1'
[4.391s] INFO:colcon.colcon_core.shell:Creating prefix script '/ros2_ws/install/local_setup.sh'
[4.392s] INFO:colcon.colcon_core.shell:Creating prefix util module '/ros2_ws/install/_local_setup_util_sh.py'
[4.393s] INFO:colcon.colcon_core.shell:Creating prefix chain script '/ros2_ws/install/setup.sh'
[4.395s] INFO:colcon.colcon_core.shell:Creating prefix script '/ros2_ws/install/local_setup.bash'
[4.396s] INFO:colcon.colcon_core.shell:Creating prefix chain script '/ros2_ws/install/setup.bash'
[4.398s] INFO:colcon.colcon_core.shell:Creating prefix script '/ros2_ws/install/local_setup.zsh'
[4.400s] INFO:colcon.colcon_core.shell:Creating prefix chain script '/ros2_ws/install/setup.zsh'
