running egg_info
creating ../../build/lidar_map_publisher/lidar_map_publisher.egg-info
writing ../../build/lidar_map_publisher/lidar_map_publisher.egg-info/PKG-INFO
writing dependency_links to ../../build/lidar_map_publisher/lidar_map_publisher.egg-info/dependency_links.txt
writing entry points to ../../build/lidar_map_publisher/lidar_map_publisher.egg-info/entry_points.txt
writing requirements to ../../build/lidar_map_publisher/lidar_map_publisher.egg-info/requires.txt
writing top-level names to ../../build/lidar_map_publisher/lidar_map_publisher.egg-info/top_level.txt
writing manifest file '../../build/lidar_map_publisher/lidar_map_publisher.egg-info/SOURCES.txt'
reading manifest file '../../build/lidar_map_publisher/lidar_map_publisher.egg-info/SOURCES.txt'
writing manifest file '../../build/lidar_map_publisher/lidar_map_publisher.egg-info/SOURCES.txt'
running build
running build_py
creating /ros2_ws/build/lidar_map_publisher/build
creating /ros2_ws/build/lidar_map_publisher/build/lib
creating /ros2_ws/build/lidar_map_publisher/build/lib/lidar_map_publisher
copying lidar_map_publisher/lidar_map_publisher.py -> /ros2_ws/build/lidar_map_publisher/build/lib/lidar_map_publisher
copying lidar_map_publisher/__init__.py -> /ros2_ws/build/lidar_map_publisher/build/lib/lidar_map_publisher
running install
running install_lib
creating /ros2_ws/install/lidar_map_publisher/lib/python3.10/site-packages/lidar_map_publisher
copying /ros2_ws/build/lidar_map_publisher/build/lib/lidar_map_publisher/lidar_map_publisher.py -> /ros2_ws/install/lidar_map_publisher/lib/python3.10/site-packages/lidar_map_publisher
copying /ros2_ws/build/lidar_map_publisher/build/lib/lidar_map_publisher/__init__.py -> /ros2_ws/install/lidar_map_publisher/lib/python3.10/site-packages/lidar_map_publisher
byte-compiling /ros2_ws/install/lidar_map_publisher/lib/python3.10/site-packages/lidar_map_publisher/lidar_map_publisher.py to lidar_map_publisher.cpython-310.pyc
byte-compiling /ros2_ws/install/lidar_map_publisher/lib/python3.10/site-packages/lidar_map_publisher/__init__.py to __init__.cpython-310.pyc
running install_data
creating /ros2_ws/install/lidar_map_publisher/share/ament_index
creating /ros2_ws/install/lidar_map_publisher/share/ament_index/resource_index
creating /ros2_ws/install/lidar_map_publisher/share/ament_index/resource_index/packages
copying resource/lidar_map_publisher -> /ros2_ws/install/lidar_map_publisher/share/ament_index/resource_index/packages
copying package.xml -> /ros2_ws/install/lidar_map_publisher/share/lidar_map_publisher
running install_egg_info
Copying ../../build/lidar_map_publisher/lidar_map_publisher.egg-info to /ros2_ws/install/lidar_map_publisher/lib/python3.10/site-packages/lidar_map_publisher-0.0.0-py3.10.egg-info
running install_scripts
writing list of installed files to '/ros2_ws/build/lidar_map_publisher/install.log'
