[0.685s] Invoking command in '/ros2_ws/src/py_pubsub': PYTHONPATH=/ros2_ws/build/py_pubsub/prefix_override:/ros2_ws/install/py_pubsub/lib/python3.10/site-packages: /usr/bin/python3 -W ignore:setup.py install is deprecated setup.py egg_info --egg-base ../../build/py_pubsub build --build-base /ros2_ws/build/py_pubsub/build install --record /ros2_ws/build/py_pubsub/install.log --single-version-externally-managed install_data
[0.852s] running egg_info
[0.853s] writing ../../build/py_pubsub/py_pubsub.egg-info/PKG-INFO
[0.853s] writing dependency_links to ../../build/py_pubsub/py_pubsub.egg-info/dependency_links.txt
[0.853s] writing entry points to ../../build/py_pubsub/py_pubsub.egg-info/entry_points.txt
[0.854s] writing requirements to ../../build/py_pubsub/py_pubsub.egg-info/requires.txt
[0.854s] writing top-level names to ../../build/py_pubsub/py_pubsub.egg-info/top_level.txt
[0.856s] reading manifest file '../../build/py_pubsub/py_pubsub.egg-info/SOURCES.txt'
[0.857s] writing manifest file '../../build/py_pubsub/py_pubsub.egg-info/SOURCES.txt'
[0.857s] running build
[0.857s] running build_py
[0.858s] running install
[0.858s] running install_lib
[0.859s] running install_data
[0.859s] running install_egg_info
[0.861s] removing '/ros2_ws/install/py_pubsub/lib/python3.10/site-packages/py_pubsub-0.0.0-py3.10.egg-info' (and everything under it)
[0.862s] Copying ../../build/py_pubsub/py_pubsub.egg-info to /ros2_ws/install/py_pubsub/lib/python3.10/site-packages/py_pubsub-0.0.0-py3.10.egg-info
[0.864s] running install_scripts
[0.884s] Installing listener script to /ros2_ws/install/py_pubsub/lib/py_pubsub
[0.884s] Installing talker script to /ros2_ws/install/py_pubsub/lib/py_pubsub
[0.884s] writing list of installed files to '/ros2_ws/build/py_pubsub/install.log'
[0.919s] Invoked command in '/ros2_ws/src/py_pubsub' returned '0': PYTHONPATH=/ros2_ws/build/py_pubsub/prefix_override:/ros2_ws/install/py_pubsub/lib/python3.10/site-packages: /usr/bin/python3 -W ignore:setup.py install is deprecated setup.py egg_info --egg-base ../../build/py_pubsub build --build-base /ros2_ws/build/py_pubsub/build install --record /ros2_ws/build/py_pubsub/install.log --single-version-externally-managed install_data
