[2.454s] Invoking command in '/ros2_ws/src/RobotAutonomy': PYTHONPATH=/ros2_ws/build/my_turtlebot/prefix_override:/ros2_ws/install/my_turtlebot/lib/python3.10/site-packages:${PYTHONPATH} /usr/bin/python3 -W ignore:setup.py install is deprecated setup.py egg_info --egg-base ../../build/my_turtlebot build --build-base /ros2_ws/build/my_turtlebot/build install --record /ros2_ws/build/my_turtlebot/install.log --single-version-externally-managed install_data
[2.907s] running egg_info
[2.910s] writing ../../build/my_turtlebot/my_turtlebot.egg-info/PKG-INFO
[2.910s] writing dependency_links to ../../build/my_turtlebot/my_turtlebot.egg-info/dependency_links.txt
[2.910s] writing entry points to ../../build/my_turtlebot/my_turtlebot.egg-info/entry_points.txt
[2.911s] writing requirements to ../../build/my_turtlebot/my_turtlebot.egg-info/requires.txt
[2.911s] writing top-level names to ../../build/my_turtlebot/my_turtlebot.egg-info/top_level.txt
[2.916s] reading manifest file '../../build/my_turtlebot/my_turtlebot.egg-info/SOURCES.txt'
[2.924s] writing manifest file '../../build/my_turtlebot/my_turtlebot.egg-info/SOURCES.txt'
[2.924s] running build
[2.924s] running build_py
[2.925s] running install
[2.925s] running install_lib
[2.927s] running install_data
[2.937s] running install_egg_info
[2.941s] removing '/ros2_ws/install/my_turtlebot/lib/python3.10/site-packages/my_turtlebot-0.0.0-py3.10.egg-info' (and everything under it)
[2.942s] Copying ../../build/my_turtlebot/my_turtlebot.egg-info to /ros2_ws/install/my_turtlebot/lib/python3.10/site-packages/my_turtlebot-0.0.0-py3.10.egg-info
[2.946s] running install_scripts
[2.984s] writing list of installed files to '/ros2_ws/build/my_turtlebot/install.log'
[3.039s] Invoked command in '/ros2_ws/src/RobotAutonomy' returned '0': PYTHONPATH=/ros2_ws/build/my_turtlebot/prefix_override:/ros2_ws/install/my_turtlebot/lib/python3.10/site-packages:${PYTHONPATH} /usr/bin/python3 -W ignore:setup.py install is deprecated setup.py egg_info --egg-base ../../build/my_turtlebot build --build-base /ros2_ws/build/my_turtlebot/build install --record /ros2_ws/build/my_turtlebot/install.log --single-version-externally-managed install_data
