[7.939s] Invoking command in '/ros2_ws/src/py_pubsub': PYTHONPATH=/ros2_ws/build/py_pubsub/prefix_override:/ros2_ws/install/py_pubsub/lib/python3.10/site-packages:${PYTHONPATH} /usr/bin/python3 -W ignore:setup.py install is deprecated setup.py egg_info --egg-base ../../build/py_pubsub build --build-base /ros2_ws/build/py_pubsub/build install --record /ros2_ws/build/py_pubsub/install.log --single-version-externally-managed install_data
[9.899s] running egg_info
[9.903s] writing ../../build/py_pubsub/py_pubsub.egg-info/PKG-INFO
[9.904s] writing dependency_links to ../../build/py_pubsub/py_pubsub.egg-info/dependency_links.txt
[9.905s] writing entry points to ../../build/py_pubsub/py_pubsub.egg-info/entry_points.txt
[9.905s] writing requirements to ../../build/py_pubsub/py_pubsub.egg-info/requires.txt
[9.905s] writing top-level names to ../../build/py_pubsub/py_pubsub.egg-info/top_level.txt
[9.917s] reading manifest file '../../build/py_pubsub/py_pubsub.egg-info/SOURCES.txt'
[9.918s] writing manifest file '../../build/py_pubsub/py_pubsub.egg-info/SOURCES.txt'
[9.920s] running build
[9.920s] running build_py
[9.923s] running install
[9.923s] running install_lib
[9.928s] running install_data
[9.929s] running install_egg_info
[9.944s] removing '/ros2_ws/install/py_pubsub/lib/python3.10/site-packages/py_pubsub-0.0.0-py3.10.egg-info' (and everything under it)
[9.951s] Copying ../../build/py_pubsub/py_pubsub.egg-info to /ros2_ws/install/py_pubsub/lib/python3.10/site-packages/py_pubsub-0.0.0-py3.10.egg-info
[9.958s] running install_scripts
[10.057s] Installing listener script to /ros2_ws/install/py_pubsub/lib/py_pubsub
[10.057s] Installing talker script to /ros2_ws/install/py_pubsub/lib/py_pubsub
[10.060s] writing list of installed files to '/ros2_ws/build/py_pubsub/install.log'
[10.162s] Invoked command in '/ros2_ws/src/py_pubsub' returned '0': PYTHONPATH=/ros2_ws/build/py_pubsub/prefix_override:/ros2_ws/install/py_pubsub/lib/python3.10/site-packages:${PYTHONPATH} /usr/bin/python3 -W ignore:setup.py install is deprecated setup.py egg_info --egg-base ../../build/py_pubsub build --build-base /ros2_ws/build/py_pubsub/build install --record /ros2_ws/build/py_pubsub/install.log --single-version-externally-managed install_data
