[0.888s] Invoking command in '/ros2_ws/src/py_pubsub': PYTHONPATH=/ros2_ws/src/build/py_pubsub/prefix_override:/ros2_ws/src/install/py_pubsub/lib/python3.10/site-packages:${PYTHONPATH} /usr/bin/python3 -W ignore:setup.py install is deprecated setup.py egg_info --egg-base ../build/py_pubsub build --build-base /ros2_ws/src/build/py_pubsub/build install --record /ros2_ws/src/build/py_pubsub/install.log --single-version-externally-managed install_data
[1.104s] running egg_info
[1.105s] creating ../build/py_pubsub/py_pubsub.egg-info
[1.106s] writing ../build/py_pubsub/py_pubsub.egg-info/PKG-INFO
[1.106s] writing dependency_links to ../build/py_pubsub/py_pubsub.egg-info/dependency_links.txt
[1.106s] writing entry points to ../build/py_pubsub/py_pubsub.egg-info/entry_points.txt
[1.107s] writing requirements to ../build/py_pubsub/py_pubsub.egg-info/requires.txt
[1.107s] writing top-level names to ../build/py_pubsub/py_pubsub.egg-info/top_level.txt
[1.107s] writing manifest file '../build/py_pubsub/py_pubsub.egg-info/SOURCES.txt'
[1.110s] reading manifest file '../build/py_pubsub/py_pubsub.egg-info/SOURCES.txt'
[1.111s] writing manifest file '../build/py_pubsub/py_pubsub.egg-info/SOURCES.txt'
[1.111s] running build
[1.111s] running build_py
[1.111s] creating /ros2_ws/src/build/py_pubsub/build
[1.112s] creating /ros2_ws/src/build/py_pubsub/build/lib
[1.121s] creating /ros2_ws/src/build/py_pubsub/build/lib/py_pubsub
[1.121s] copying py_pubsub/publisher_member_function.py -> /ros2_ws/src/build/py_pubsub/build/lib/py_pubsub
[1.122s] copying py_pubsub/__init__.py -> /ros2_ws/src/build/py_pubsub/build/lib/py_pubsub
[1.122s] copying py_pubsub/subscriber_member_function.py -> /ros2_ws/src/build/py_pubsub/build/lib/py_pubsub
[1.123s] running install
[1.123s] running install_lib
[1.124s] creating /ros2_ws/src/install/py_pubsub/lib/python3.10/site-packages/py_pubsub
[1.125s] copying /ros2_ws/src/build/py_pubsub/build/lib/py_pubsub/publisher_member_function.py -> /ros2_ws/src/install/py_pubsub/lib/python3.10/site-packages/py_pubsub
[1.126s] copying /ros2_ws/src/build/py_pubsub/build/lib/py_pubsub/__init__.py -> /ros2_ws/src/install/py_pubsub/lib/python3.10/site-packages/py_pubsub
[1.127s] copying /ros2_ws/src/build/py_pubsub/build/lib/py_pubsub/subscriber_member_function.py -> /ros2_ws/src/install/py_pubsub/lib/python3.10/site-packages/py_pubsub
[1.128s] byte-compiling /ros2_ws/src/install/py_pubsub/lib/python3.10/site-packages/py_pubsub/publisher_member_function.py to publisher_member_function.cpython-310.pyc
[1.130s] byte-compiling /ros2_ws/src/install/py_pubsub/lib/python3.10/site-packages/py_pubsub/__init__.py to __init__.cpython-310.pyc
[1.130s] byte-compiling /ros2_ws/src/install/py_pubsub/lib/python3.10/site-packages/py_pubsub/subscriber_member_function.py to subscriber_member_function.cpython-310.pyc
[1.131s] running install_data
[1.131s] creating /ros2_ws/src/install/py_pubsub/share/ament_index
[1.131s] creating /ros2_ws/src/install/py_pubsub/share/ament_index/resource_index
[1.133s] creating /ros2_ws/src/install/py_pubsub/share/ament_index/resource_index/packages
[1.133s] copying resource/py_pubsub -> /ros2_ws/src/install/py_pubsub/share/ament_index/resource_index/packages
[1.133s] copying package.xml -> /ros2_ws/src/install/py_pubsub/share/py_pubsub
[1.133s] running install_egg_info
[1.134s] Copying ../build/py_pubsub/py_pubsub.egg-info to /ros2_ws/src/install/py_pubsub/lib/python3.10/site-packages/py_pubsub-0.0.0-py3.10.egg-info
[1.136s] running install_scripts
[1.158s] Installing listener script to /ros2_ws/src/install/py_pubsub/lib/py_pubsub
[1.158s] Installing talker script to /ros2_ws/src/install/py_pubsub/lib/py_pubsub
[1.159s] writing list of installed files to '/ros2_ws/src/build/py_pubsub/install.log'
[1.186s] Invoked command in '/ros2_ws/src/py_pubsub' returned '0': PYTHONPATH=/ros2_ws/src/build/py_pubsub/prefix_override:/ros2_ws/src/install/py_pubsub/lib/python3.10/site-packages:${PYTHONPATH} /usr/bin/python3 -W ignore:setup.py install is deprecated setup.py egg_info --egg-base ../build/py_pubsub build --build-base /ros2_ws/src/build/py_pubsub/build install --record /ros2_ws/src/build/py_pubsub/install.log --single-version-externally-managed install_data
