[1.163s] Invoking command in '/ros2_ws/src/py_pubsub': PYTHONPATH=/ros2_ws/build/py_pubsub/prefix_override:/ros2_ws/install/py_pubsub/lib/python3.10/site-packages: /usr/bin/python3 -W ignore:setup.py install is deprecated setup.py egg_info --egg-base ../../build/py_pubsub build --build-base /ros2_ws/build/py_pubsub/build install --record /ros2_ws/build/py_pubsub/install.log --single-version-externally-managed install_data
[1.391s] running egg_info
[1.392s] writing ../../build/py_pubsub/py_pubsub.egg-info/PKG-INFO
[1.392s] writing dependency_links to ../../build/py_pubsub/py_pubsub.egg-info/dependency_links.txt
[1.393s] writing entry points to ../../build/py_pubsub/py_pubsub.egg-info/entry_points.txt
[1.393s] writing requirements to ../../build/py_pubsub/py_pubsub.egg-info/requires.txt
[1.393s] writing top-level names to ../../build/py_pubsub/py_pubsub.egg-info/top_level.txt
[1.396s] reading manifest file '../../build/py_pubsub/py_pubsub.egg-info/SOURCES.txt'
[1.397s] writing manifest file '../../build/py_pubsub/py_pubsub.egg-info/SOURCES.txt'
[1.397s] running build
[1.397s] running build_py
[1.398s] running install
[1.399s] running install_lib
[1.400s] running install_data
[1.401s] running install_egg_info
[1.404s] removing '/ros2_ws/install/py_pubsub/lib/python3.10/site-packages/py_pubsub-0.0.0-py3.10.egg-info' (and everything under it)
[1.409s] Copying ../../build/py_pubsub/py_pubsub.egg-info to /ros2_ws/install/py_pubsub/lib/python3.10/site-packages/py_pubsub-0.0.0-py3.10.egg-info
[1.409s] running install_scripts
[1.445s] Installing listener script to /ros2_ws/install/py_pubsub/lib/py_pubsub
[1.446s] Installing talker script to /ros2_ws/install/py_pubsub/lib/py_pubsub
[1.446s] writing list of installed files to '/ros2_ws/build/py_pubsub/install.log'
[1.489s] Invoked command in '/ros2_ws/src/py_pubsub' returned '0': PYTHONPATH=/ros2_ws/build/py_pubsub/prefix_override:/ros2_ws/install/py_pubsub/lib/python3.10/site-packages: /usr/bin/python3 -W ignore:setup.py install is deprecated setup.py egg_info --egg-base ../../build/py_pubsub build --build-base /ros2_ws/build/py_pubsub/build install --record /ros2_ws/build/py_pubsub/install.log --single-version-externally-managed install_data
